#
# There is insufficient memory for the Java Runtime Environment to continue.
# Native memory allocation (malloc) failed to allocate 267008 bytes for Chunk::new
# Possible reasons:
#   The system is out of physical RAM or swap space
#   The process is running with CompressedOops enabled, and the Java Heap may be blocking the growth of the native heap
# Possible solutions:
#   Reduce memory load on the system
#   Increase physical memory or swap space
#   Check if swap backing store is full
#   Decrease Java heap size (-Xmx/-Xms)
#   Decrease number of Java threads
#   Decrease Java thread stack sizes (-Xss)
#   Set larger code cache with -XX:ReservedCodeCacheSize=
#   JVM is running with Unscaled Compressed Oops mode in which the Java heap is
#     placed in the first 4GB address space. The Java Heap base address is the
#     maximum limit for the native heap growth. Please use -XX:HeapBaseMinAddress
#     to set the Java Heap base and to place the Java Heap above 4GB virtual address.
# This output file may be truncated or incomplete.
#
#  Out of Memory Error (arena.cpp:189), pid=8352, tid=16088
#
# JRE version: Java(TM) SE Runtime Environment (17.0.9+11) (build 17.0.9+11-LTS-201)
# Java VM: Java HotSpot(TM) 64-Bit Server VM (17.0.9+11-LTS-201, mixed mode, sharing, tiered, compressed oops, compressed class ptrs, g1 gc, windows-amd64)
# No core dump will be written. Minidumps are not enabled by default on client versions of Windows
#

---------------  S U M M A R Y ------------

Command Line: --add-modules=ALL-DEFAULT jdk.compiler/com.sun.tools.javac.launcher.Main c:\\Users\\97797\\OneDrive\\Desktop\\javapractice\\FoodOrder.java

Host: 11th Gen Intel(R) Core(TM) i5-1135G7 @ 2.40GHz, 8 cores, 7G,  Windows 11 , 64 bit Build 22621 (10.0.22621.3085)
Time: Sun Apr 28 12:11:44 2024 Nepal Standard Time elapsed time: 0.844946 seconds (0d 0h 0m 0s)

---------------  T H R E A D  ---------------

Current thread (0x000002a0ca2293a0):  JavaThread "C2 CompilerThread1" daemon [_thread_in_native, id=16088, stack(0x000000af56500000,0x000000af56600000)]


Current CompileTask:
C2:    845 1457       4       java.util.HashMap::put (13 bytes)

Stack: [0x000000af56500000,0x000000af56600000]
Native frames: (J=compiled Java code, j=interpreted, Vv=VM code, C=native code)
V  [jvm.dll+0x678a4a]
V  [jvm.dll+0x7d9cfd]
V  [jvm.dll+0x7db60e]
V  [jvm.dll+0x7dbc73]
V  [jvm.dll+0x245e1f]
V  [jvm.dll+0xaaafb]
V  [jvm.dll+0xab09c]
V  [jvm.dll+0x36237e]
V  [jvm.dll+0x32ca01]
V  [jvm.dll+0x32be9a]
V  [jvm.dll+0x21812f]
V  [jvm.dll+0x217561]
V  [jvm.dll+0x1a3bc0]
V  [jvm.dll+0x2272de]
V  [jvm.dll+0x22548b]
V  [jvm.dll+0x78f58c]
V  [jvm.dll+0x78998a]
V  [jvm.dll+0x677875]
C  [ucrtbase.dll+0x29363]
C  [KERNEL32.DLL+0x1257d]
C  [ntdll.dll+0x5aa58]


---------------  P R O C E S S  ---------------

Threads class SMR info:
_java_thread_list=0x000002a0847fe440, length=14, elements={
0x000002a0e6442610, 0x000002a084394a10, 0x000002a0843953d0, 0x000002a0843abb40,
0x000002a0843ac410, 0x000002a0843aef00, 0x000002a0843afde0, 0x000002a0843b3910,
0x000002a0843bdbc0, 0x000002a0843be8e0, 0x000002a084634cb0, 0x000002a0846a9c90,
0x000002a0ca2293a0, 0x000002a0ca2282d0
}

Java Threads: ( => current thread )
  0x000002a0e6442610 JavaThread "main" [_thread_in_native, id=8620, stack(0x000000af55200000,0x000000af55300000)]
  0x000002a084394a10 JavaThread "Reference Handler" daemon [_thread_blocked, id=16152, stack(0x000000af55900000,0x000000af55a00000)]
  0x000002a0843953d0 JavaThread "Finalizer" daemon [_thread_blocked, id=16160, stack(0x000000af55a00000,0x000000af55b00000)]
  0x000002a0843abb40 JavaThread "Signal Dispatcher" daemon [_thread_blocked, id=15744, stack(0x000000af55b00000,0x000000af55c00000)]
  0x000002a0843ac410 JavaThread "Attach Listener" daemon [_thread_blocked, id=4884, stack(0x000000af55c00000,0x000000af55d00000)]
  0x000002a0843aef00 JavaThread "Service Thread" daemon [_thread_blocked, id=16236, stack(0x000000af55d00000,0x000000af55e00000)]
  0x000002a0843afde0 JavaThread "Monitor Deflation Thread" daemon [_thread_blocked, id=13560, stack(0x000000af55e00000,0x000000af55f00000)]
  0x000002a0843b3910 JavaThread "C2 CompilerThread0" daemon [_thread_blocked, id=4996, stack(0x000000af55f00000,0x000000af56000000)]
  0x000002a0843bdbc0 JavaThread "C1 CompilerThread0" daemon [_thread_blocked, id=2924, stack(0x000000af56000000,0x000000af56100000)]
  0x000002a0843be8e0 JavaThread "Sweeper thread" daemon [_thread_blocked, id=16184, stack(0x000000af56100000,0x000000af56200000)]
  0x000002a084634cb0 JavaThread "Common-Cleaner" daemon [_thread_blocked, id=8408, stack(0x000000af56200000,0x000000af56300000)]
  0x000002a0846a9c90 JavaThread "Notification Thread" daemon [_thread_blocked, id=13368, stack(0x000000af56300000,0x000000af56400000)]
=>0x000002a0ca2293a0 JavaThread "C2 CompilerThread1" daemon [_thread_in_native, id=16088, stack(0x000000af56500000,0x000000af56600000)]
  0x000002a0ca2282d0 JavaThread "C2 CompilerThread2" daemon [_thread_blocked, id=3708, stack(0x000000af56600000,0x000000af56700000)]

Other Threads:
  0x000002a084390060 VMThread "VM Thread" [stack: 0x000000af55800000,0x000000af55900000] [id=15148]
  0x000002a0e64b41c0 WatcherThread [stack: 0x000000af56400000,0x000000af56500000] [id=4844]
  0x000002a0e6499c60 GCTaskThread "GC Thread#0" [stack: 0x000000af55300000,0x000000af55400000] [id=828]
  0x000002a0ca4d72f0 GCTaskThread "GC Thread#1" [stack: 0x000000af56700000,0x000000af56800000] [id=7344]
  0x000002a0ca47a420 GCTaskThread "GC Thread#2" [stack: 0x000000af56800000,0x000000af56900000] [id=7116]
  0x000002a0ca47a6e0 GCTaskThread "GC Thread#3" [stack: 0x000000af56900000,0x000000af56a00000] [id=15860]
  0x000002a0ca434a70 GCTaskThread "GC Thread#4" [stack: 0x000000af56a00000,0x000000af56b00000] [id=15576]
  0x000002a0ca434d30 GCTaskThread "GC Thread#5" [stack: 0x000000af56b00000,0x000000af56c00000] [id=2712]
  0x000002a0e64ac250 ConcurrentGCThread "G1 Main Marker" [stack: 0x000000af55400000,0x000000af55500000] [id=1876]
  0x000002a0e64acb60 ConcurrentGCThread "G1 Conc#0" [stack: 0x000000af55500000,0x000000af55600000] [id=16224]
  0x000002a0842460d0 ConcurrentGCThread "G1 Refine#0" [stack: 0x000000af55600000,0x000000af55700000] [id=15328]
  0x000002a0ca1d6b30 ConcurrentGCThread "G1 Refine#1" [stack: 0x000000af56c00000,0x000000af56d00000] [id=14528]
  0x000002a0ca11d4d0 ConcurrentGCThread "G1 Refine#2" [stack: 0x000000af56d00000,0x000000af56e00000] [id=5080]
  0x000002a084246910 ConcurrentGCThread "G1 Service" [stack: 0x000000af55700000,0x000000af55800000] [id=16148]

Threads with active compile tasks:
C2 CompilerThread1      881 1457       4       java.util.HashMap::put (13 bytes)

VM state: not at safepoint (normal execution)

VM Mutex/Monitor currently owned by a thread: None

Heap address: 0x0000000084400000, size: 1980 MB, Compressed Oops mode: 32-bit

CDS archive(s) mapped at: [0x000002a085000000-0x000002a085bd0000-0x000002a085bd0000), size 12386304, SharedBaseAddress: 0x000002a085000000, ArchiveRelocationMode: 1.
Compressed class space mapped at: 0x000002a086000000-0x000002a0c6000000, reserved size: 1073741824
Narrow klass base: 0x000002a085000000, Narrow klass shift: 0, Narrow klass range: 0x100000000

GC Precious Log:
 CPUs: 8 total, 8 available
 Memory: 7918M
 Large Page Support: Disabled
 NUMA Support: Disabled
 Compressed Oops: Enabled (32-bit)
 Heap Region Size: 1M
 Heap Min Capacity: 8M
 Heap Initial Capacity: 124M
 Heap Max Capacity: 1980M
 Pre-touch: Disabled
 Parallel Workers: 8
 Concurrent Workers: 2
 Concurrent Refinement Workers: 8
 Periodic GC: Disabled

Heap:
 garbage-first heap   total 126976K, used 11208K [0x0000000084400000, 0x0000000100000000)
  region size 1024K, 10 young (10240K), 3 survivors (3072K)
 Metaspace       used 9493K, committed 9664K, reserved 1114112K
  class space    used 1108K, committed 1216K, reserved 1048576K

Heap Regions: E=young(eden), S=young(survivor), O=old, HS=humongous(starts), HC=humongous(continues), CS=collection set, F=free, OA=open archive, CA=closed archive, TAMS=top-at-mark-start (previous, next)
|   0|0x0000000084400000, 0x0000000084500000, 0x0000000084500000|100%| O|  |TAMS 0x0000000084400000, 0x0000000084400000| Untracked 
|   1|0x0000000084500000, 0x00000000845f2200, 0x0000000084600000| 94%| O|  |TAMS 0x0000000084500000, 0x0000000084500000| Untracked 
|   2|0x0000000084600000, 0x0000000084600000, 0x0000000084700000|  0%| F|  |TAMS 0x0000000084600000, 0x0000000084600000| Untracked 
|   3|0x0000000084700000, 0x0000000084700000, 0x0000000084800000|  0%| F|  |TAMS 0x0000000084700000, 0x0000000084700000| Untracked 
|   4|0x0000000084800000, 0x0000000084800000, 0x0000000084900000|  0%| F|  |TAMS 0x0000000084800000, 0x0000000084800000| Untracked 
|   5|0x0000000084900000, 0x0000000084900000, 0x0000000084a00000|  0%| F|  |TAMS 0x0000000084900000, 0x0000000084900000| Untracked 
|   6|0x0000000084a00000, 0x0000000084a00000, 0x0000000084b00000|  0%| F|  |TAMS 0x0000000084a00000, 0x0000000084a00000| Untracked 
|   7|0x0000000084b00000, 0x0000000084b00000, 0x0000000084c00000|  0%| F|  |TAMS 0x0000000084b00000, 0x0000000084b00000| Untracked 
|   8|0x0000000084c00000, 0x0000000084c00000, 0x0000000084d00000|  0%| F|  |TAMS 0x0000000084c00000, 0x0000000084c00000| Untracked 
|   9|0x0000000084d00000, 0x0000000084d00000, 0x0000000084e00000|  0%| F|  |TAMS 0x0000000084d00000, 0x0000000084d00000| Untracked 
|  10|0x0000000084e00000, 0x0000000084e00000, 0x0000000084f00000|  0%| F|  |TAMS 0x0000000084e00000, 0x0000000084e00000| Untracked 
|  11|0x0000000084f00000, 0x0000000084f00000, 0x0000000085000000|  0%| F|  |TAMS 0x0000000084f00000, 0x0000000084f00000| Untracked 
|  12|0x0000000085000000, 0x0000000085000000, 0x0000000085100000|  0%| F|  |TAMS 0x0000000085000000, 0x0000000085000000| Untracked 
|  13|0x0000000085100000, 0x0000000085100000, 0x0000000085200000|  0%| F|  |TAMS 0x0000000085100000, 0x0000000085100000| Untracked 
|  14|0x0000000085200000, 0x0000000085200000, 0x0000000085300000|  0%| F|  |TAMS 0x0000000085200000, 0x0000000085200000| Untracked 
|  15|0x0000000085300000, 0x0000000085300000, 0x0000000085400000|  0%| F|  |TAMS 0x0000000085300000, 0x0000000085300000| Untracked 
|  16|0x0000000085400000, 0x0000000085400000, 0x0000000085500000|  0%| F|  |TAMS 0x0000000085400000, 0x0000000085400000| Untracked 
|  17|0x0000000085500000, 0x0000000085500000, 0x0000000085600000|  0%| F|  |TAMS 0x0000000085500000, 0x0000000085500000| Untracked 
|  18|0x0000000085600000, 0x0000000085600000, 0x0000000085700000|  0%| F|  |TAMS 0x0000000085600000, 0x0000000085600000| Untracked 
|  19|0x0000000085700000, 0x0000000085700000, 0x0000000085800000|  0%| F|  |TAMS 0x0000000085700000, 0x0000000085700000| Untracked 
|  20|0x0000000085800000, 0x0000000085800000, 0x0000000085900000|  0%| F|  |TAMS 0x0000000085800000, 0x0000000085800000| Untracked 
|  21|0x0000000085900000, 0x0000000085900000, 0x0000000085a00000|  0%| F|  |TAMS 0x0000000085900000, 0x0000000085900000| Untracked 
|  22|0x0000000085a00000, 0x0000000085a00000, 0x0000000085b00000|  0%| F|  |TAMS 0x0000000085a00000, 0x0000000085a00000| Untracked 
|  23|0x0000000085b00000, 0x0000000085b00000, 0x0000000085c00000|  0%| F|  |TAMS 0x0000000085b00000, 0x0000000085b00000| Untracked 
|  24|0x0000000085c00000, 0x0000000085c00000, 0x0000000085d00000|  0%| F|  |TAMS 0x0000000085c00000, 0x0000000085c00000| Untracked 
|  25|0x0000000085d00000, 0x0000000085d00000, 0x0000000085e00000|  0%| F|  |TAMS 0x0000000085d00000, 0x0000000085d00000| Untracked 
|  26|0x0000000085e00000, 0x0000000085e00000, 0x0000000085f00000|  0%| F|  |TAMS 0x0000000085e00000, 0x0000000085e00000| Untracked 
|  27|0x0000000085f00000, 0x0000000085f00000, 0x0000000086000000|  0%| F|  |TAMS 0x0000000085f00000, 0x0000000085f00000| Untracked 
|  28|0x0000000086000000, 0x0000000086000000, 0x0000000086100000|  0%| F|  |TAMS 0x0000000086000000, 0x0000000086000000| Untracked 
|  29|0x0000000086100000, 0x0000000086100000, 0x0000000086200000|  0%| F|  |TAMS 0x0000000086100000, 0x0000000086100000| Untracked 
|  30|0x0000000086200000, 0x0000000086200000, 0x0000000086300000|  0%| F|  |TAMS 0x0000000086200000, 0x0000000086200000| Untracked 
|  31|0x0000000086300000, 0x0000000086300000, 0x0000000086400000|  0%| F|  |TAMS 0x0000000086300000, 0x0000000086300000| Untracked 
|  32|0x0000000086400000, 0x0000000086400000, 0x0000000086500000|  0%| F|  |TAMS 0x0000000086400000, 0x0000000086400000| Untracked 
|  33|0x0000000086500000, 0x0000000086500000, 0x0000000086600000|  0%| F|  |TAMS 0x0000000086500000, 0x0000000086500000| Untracked 
|  34|0x0000000086600000, 0x0000000086600000, 0x0000000086700000|  0%| F|  |TAMS 0x0000000086600000, 0x0000000086600000| Untracked 
|  35|0x0000000086700000, 0x0000000086700000, 0x0000000086800000|  0%| F|  |TAMS 0x0000000086700000, 0x0000000086700000| Untracked 
|  36|0x0000000086800000, 0x0000000086800000, 0x0000000086900000|  0%| F|  |TAMS 0x0000000086800000, 0x0000000086800000| Untracked 
|  37|0x0000000086900000, 0x0000000086900000, 0x0000000086a00000|  0%| F|  |TAMS 0x0000000086900000, 0x0000000086900000| Untracked 
|  38|0x0000000086a00000, 0x0000000086a00000, 0x0000000086b00000|  0%| F|  |TAMS 0x0000000086a00000, 0x0000000086a00000| Untracked 
|  39|0x0000000086b00000, 0x0000000086b00000, 0x0000000086c00000|  0%| F|  |TAMS 0x0000000086b00000, 0x0000000086b00000| Untracked 
|  40|0x0000000086c00000, 0x0000000086c00000, 0x0000000086d00000|  0%| F|  |TAMS 0x0000000086c00000, 0x0000000086c00000| Untracked 
|  41|0x0000000086d00000, 0x0000000086d00000, 0x0000000086e00000|  0%| F|  |TAMS 0x0000000086d00000, 0x0000000086d00000| Untracked 
|  42|0x0000000086e00000, 0x0000000086e00000, 0x0000000086f00000|  0%| F|  |TAMS 0x0000000086e00000, 0x0000000086e00000| Untracked 
|  43|0x0000000086f00000, 0x0000000086f00000, 0x0000000087000000|  0%| F|  |TAMS 0x0000000086f00000, 0x0000000086f00000| Untracked 
|  44|0x0000000087000000, 0x0000000087000000, 0x0000000087100000|  0%| F|  |TAMS 0x0000000087000000, 0x0000000087000000| Untracked 
|  45|0x0000000087100000, 0x0000000087100000, 0x0000000087200000|  0%| F|  |TAMS 0x0000000087100000, 0x0000000087100000| Untracked 
|  46|0x0000000087200000, 0x0000000087200000, 0x0000000087300000|  0%| F|  |TAMS 0x0000000087200000, 0x0000000087200000| Untracked 
|  47|0x0000000087300000, 0x0000000087300000, 0x0000000087400000|  0%| F|  |TAMS 0x0000000087300000, 0x0000000087300000| Untracked 
|  48|0x0000000087400000, 0x0000000087400000, 0x0000000087500000|  0%| F|  |TAMS 0x0000000087400000, 0x0000000087400000| Untracked 
|  49|0x0000000087500000, 0x0000000087500000, 0x0000000087600000|  0%| F|  |TAMS 0x0000000087500000, 0x0000000087500000| Untracked 
|  50|0x0000000087600000, 0x0000000087600000, 0x0000000087700000|  0%| F|  |TAMS 0x0000000087600000, 0x0000000087600000| Untracked 
|  51|0x0000000087700000, 0x0000000087700000, 0x0000000087800000|  0%| F|  |TAMS 0x0000000087700000, 0x0000000087700000| Untracked 
|  52|0x0000000087800000, 0x0000000087800000, 0x0000000087900000|  0%| F|  |TAMS 0x0000000087800000, 0x0000000087800000| Untracked 
|  53|0x0000000087900000, 0x0000000087900000, 0x0000000087a00000|  0%| F|  |TAMS 0x0000000087900000, 0x0000000087900000| Untracked 
|  54|0x0000000087a00000, 0x0000000087a00000, 0x0000000087b00000|  0%| F|  |TAMS 0x0000000087a00000, 0x0000000087a00000| Untracked 
|  55|0x0000000087b00000, 0x0000000087b00000, 0x0000000087c00000|  0%| F|  |TAMS 0x0000000087b00000, 0x0000000087b00000| Untracked 
|  56|0x0000000087c00000, 0x0000000087c00000, 0x0000000087d00000|  0%| F|  |TAMS 0x0000000087c00000, 0x0000000087c00000| Untracked 
|  57|0x0000000087d00000, 0x0000000087d00000, 0x0000000087e00000|  0%| F|  |TAMS 0x0000000087d00000, 0x0000000087d00000| Untracked 
|  58|0x0000000087e00000, 0x0000000087e00000, 0x0000000087f00000|  0%| F|  |TAMS 0x0000000087e00000, 0x0000000087e00000| Untracked 
|  59|0x0000000087f00000, 0x0000000087f00000, 0x0000000088000000|  0%| F|  |TAMS 0x0000000087f00000, 0x0000000087f00000| Untracked 
|  60|0x0000000088000000, 0x0000000088000000, 0x0000000088100000|  0%| F|  |TAMS 0x0000000088000000, 0x0000000088000000| Untracked 
|  61|0x0000000088100000, 0x0000000088100000, 0x0000000088200000|  0%| F|  |TAMS 0x0000000088100000, 0x0000000088100000| Untracked 
|  62|0x0000000088200000, 0x0000000088200000, 0x0000000088300000|  0%| F|  |TAMS 0x0000000088200000, 0x0000000088200000| Untracked 
|  63|0x0000000088300000, 0x0000000088300000, 0x0000000088400000|  0%| F|  |TAMS 0x0000000088300000, 0x0000000088300000| Untracked 
|  64|0x0000000088400000, 0x0000000088400000, 0x0000000088500000|  0%| F|  |TAMS 0x0000000088400000, 0x0000000088400000| Untracked 
|  65|0x0000000088500000, 0x0000000088500000, 0x0000000088600000|  0%| F|  |TAMS 0x0000000088500000, 0x0000000088500000| Untracked 
|  66|0x0000000088600000, 0x0000000088600000, 0x0000000088700000|  0%| F|  |TAMS 0x0000000088600000, 0x0000000088600000| Untracked 
|  67|0x0000000088700000, 0x0000000088700000, 0x0000000088800000|  0%| F|  |TAMS 0x0000000088700000, 0x0000000088700000| Untracked 
|  68|0x0000000088800000, 0x0000000088800000, 0x0000000088900000|  0%| F|  |TAMS 0x0000000088800000, 0x0000000088800000| Untracked 
|  69|0x0000000088900000, 0x0000000088900000, 0x0000000088a00000|  0%| F|  |TAMS 0x0000000088900000, 0x0000000088900000| Untracked 
|  70|0x0000000088a00000, 0x0000000088a00000, 0x0000000088b00000|  0%| F|  |TAMS 0x0000000088a00000, 0x0000000088a00000| Untracked 
|  71|0x0000000088b00000, 0x0000000088b00000, 0x0000000088c00000|  0%| F|  |TAMS 0x0000000088b00000, 0x0000000088b00000| Untracked 
|  72|0x0000000088c00000, 0x0000000088c00000, 0x0000000088d00000|  0%| F|  |TAMS 0x0000000088c00000, 0x0000000088c00000| Untracked 
|  73|0x0000000088d00000, 0x0000000088d00000, 0x0000000088e00000|  0%| F|  |TAMS 0x0000000088d00000, 0x0000000088d00000| Untracked 
|  74|0x0000000088e00000, 0x0000000088e00000, 0x0000000088f00000|  0%| F|  |TAMS 0x0000000088e00000, 0x0000000088e00000| Untracked 
|  75|0x0000000088f00000, 0x0000000088f00000, 0x0000000089000000|  0%| F|  |TAMS 0x0000000088f00000, 0x0000000088f00000| Untracked 
|  76|0x0000000089000000, 0x0000000089000000, 0x0000000089100000|  0%| F|  |TAMS 0x0000000089000000, 0x0000000089000000| Untracked 
|  77|0x0000000089100000, 0x0000000089100000, 0x0000000089200000|  0%| F|  |TAMS 0x0000000089100000, 0x0000000089100000| Untracked 
|  78|0x0000000089200000, 0x0000000089200000, 0x0000000089300000|  0%| F|  |TAMS 0x0000000089200000, 0x0000000089200000| Untracked 
|  79|0x0000000089300000, 0x0000000089300000, 0x0000000089400000|  0%| F|  |TAMS 0x0000000089300000, 0x0000000089300000| Untracked 
|  80|0x0000000089400000, 0x0000000089400000, 0x0000000089500000|  0%| F|  |TAMS 0x0000000089400000, 0x0000000089400000| Untracked 
|  81|0x0000000089500000, 0x0000000089500000, 0x0000000089600000|  0%| F|  |TAMS 0x0000000089500000, 0x0000000089500000| Untracked 
|  82|0x0000000089600000, 0x0000000089600000, 0x0000000089700000|  0%| F|  |TAMS 0x0000000089600000, 0x0000000089600000| Untracked 
|  83|0x0000000089700000, 0x0000000089700000, 0x0000000089800000|  0%| F|  |TAMS 0x0000000089700000, 0x0000000089700000| Untracked 
|  84|0x0000000089800000, 0x0000000089800000, 0x0000000089900000|  0%| F|  |TAMS 0x0000000089800000, 0x0000000089800000| Untracked 
|  85|0x0000000089900000, 0x0000000089900000, 0x0000000089a00000|  0%| F|  |TAMS 0x0000000089900000, 0x0000000089900000| Untracked 
|  86|0x0000000089a00000, 0x0000000089a00000, 0x0000000089b00000|  0%| F|  |TAMS 0x0000000089a00000, 0x0000000089a00000| Untracked 
|  87|0x0000000089b00000, 0x0000000089b00000, 0x0000000089c00000|  0%| F|  |TAMS 0x0000000089b00000, 0x0000000089b00000| Untracked 
|  88|0x0000000089c00000, 0x0000000089c00000, 0x0000000089d00000|  0%| F|  |TAMS 0x0000000089c00000, 0x0000000089c00000| Untracked 
|  89|0x0000000089d00000, 0x0000000089d00000, 0x0000000089e00000|  0%| F|  |TAMS 0x0000000089d00000, 0x0000000089d00000| Untracked 
|  90|0x0000000089e00000, 0x0000000089e00000, 0x0000000089f00000|  0%| F|  |TAMS 0x0000000089e00000, 0x0000000089e00000| Untracked 
|  91|0x0000000089f00000, 0x0000000089f00000, 0x000000008a000000|  0%| F|  |TAMS 0x0000000089f00000, 0x0000000089f00000| Untracked 
|  92|0x000000008a000000, 0x000000008a000000, 0x000000008a100000|  0%| F|  |TAMS 0x000000008a000000, 0x000000008a000000| Untracked 
|  93|0x000000008a100000, 0x000000008a100000, 0x000000008a200000|  0%| F|  |TAMS 0x000000008a100000, 0x000000008a100000| Untracked 
|  94|0x000000008a200000, 0x000000008a200000, 0x000000008a300000|  0%| F|  |TAMS 0x000000008a200000, 0x000000008a200000| Untracked 
|  95|0x000000008a300000, 0x000000008a300000, 0x000000008a400000|  0%| F|  |TAMS 0x000000008a300000, 0x000000008a300000| Untracked 
|  96|0x000000008a400000, 0x000000008a400000, 0x000000008a500000|  0%| F|  |TAMS 0x000000008a400000, 0x000000008a400000| Untracked 
|  97|0x000000008a500000, 0x000000008a500000, 0x000000008a600000|  0%| F|  |TAMS 0x000000008a500000, 0x000000008a500000| Untracked 
|  98|0x000000008a600000, 0x000000008a700000, 0x000000008a700000|100%| S|CS|TAMS 0x000000008a600000, 0x000000008a600000| Complete 
|  99|0x000000008a700000, 0x000000008a800000, 0x000000008a800000|100%| S|CS|TAMS 0x000000008a700000, 0x000000008a700000| Complete 
| 100|0x000000008a800000, 0x000000008a900000, 0x000000008a900000|100%| S|CS|TAMS 0x000000008a800000, 0x000000008a800000| Complete 
| 101|0x000000008a900000, 0x000000008a900000, 0x000000008aa00000|  0%| F|  |TAMS 0x000000008a900000, 0x000000008a900000| Untracked 
| 102|0x000000008aa00000, 0x000000008aa00000, 0x000000008ab00000|  0%| F|  |TAMS 0x000000008aa00000, 0x000000008aa00000| Untracked 
| 103|0x000000008ab00000, 0x000000008ab00000, 0x000000008ac00000|  0%| F|  |TAMS 0x000000008ab00000, 0x000000008ab00000| Untracked 
| 104|0x000000008ac00000, 0x000000008ac00000, 0x000000008ad00000|  0%| F|  |TAMS 0x000000008ac00000, 0x000000008ac00000| Untracked 
| 105|0x000000008ad00000, 0x000000008ad00000, 0x000000008ae00000|  0%| F|  |TAMS 0x000000008ad00000, 0x000000008ad00000| Untracked 
| 106|0x000000008ae00000, 0x000000008ae00000, 0x000000008af00000|  0%| F|  |TAMS 0x000000008ae00000, 0x000000008ae00000| Untracked 
| 107|0x000000008af00000, 0x000000008af00000, 0x000000008b000000|  0%| F|  |TAMS 0x000000008af00000, 0x000000008af00000| Untracked 
| 108|0x000000008b000000, 0x000000008b000000, 0x000000008b100000|  0%| F|  |TAMS 0x000000008b000000, 0x000000008b000000| Untracked 
| 109|0x000000008b100000, 0x000000008b100000, 0x000000008b200000|  0%| F|  |TAMS 0x000000008b100000, 0x000000008b100000| Untracked 
| 110|0x000000008b200000, 0x000000008b200000, 0x000000008b300000|  0%| F|  |TAMS 0x000000008b200000, 0x000000008b200000| Untracked 
| 111|0x000000008b300000, 0x000000008b300000, 0x000000008b400000|  0%| F|  |TAMS 0x000000008b300000, 0x000000008b300000| Untracked 
| 112|0x000000008b400000, 0x000000008b400000, 0x000000008b500000|  0%| F|  |TAMS 0x000000008b400000, 0x000000008b400000| Untracked 
| 113|0x000000008b500000, 0x000000008b500000, 0x000000008b600000|  0%| F|  |TAMS 0x000000008b500000, 0x000000008b500000| Untracked 
| 114|0x000000008b600000, 0x000000008b600000, 0x000000008b700000|  0%| F|  |TAMS 0x000000008b600000, 0x000000008b600000| Untracked 
| 115|0x000000008b700000, 0x000000008b700000, 0x000000008b800000|  0%| F|  |TAMS 0x000000008b700000, 0x000000008b700000| Untracked 
| 116|0x000000008b800000, 0x000000008b800000, 0x000000008b900000|  0%| F|  |TAMS 0x000000008b800000, 0x000000008b800000| Untracked 
| 117|0x000000008b900000, 0x000000008ba00000, 0x000000008ba00000|100%| E|  |TAMS 0x000000008b900000, 0x000000008b900000| Complete 
| 118|0x000000008ba00000, 0x000000008bb00000, 0x000000008bb00000|100%| E|CS|TAMS 0x000000008ba00000, 0x000000008ba00000| Complete 
| 119|0x000000008bb00000, 0x000000008bc00000, 0x000000008bc00000|100%| E|CS|TAMS 0x000000008bb00000, 0x000000008bb00000| Complete 
| 120|0x000000008bc00000, 0x000000008bd00000, 0x000000008bd00000|100%| E|CS|TAMS 0x000000008bc00000, 0x000000008bc00000| Complete 
| 121|0x000000008bd00000, 0x000000008be00000, 0x000000008be00000|100%| E|CS|TAMS 0x000000008bd00000, 0x000000008bd00000| Complete 
| 122|0x000000008be00000, 0x000000008bf00000, 0x000000008bf00000|100%| E|CS|TAMS 0x000000008be00000, 0x000000008be00000| Complete 
| 123|0x000000008bf00000, 0x000000008c000000, 0x000000008c000000|100%| E|CS|TAMS 0x000000008bf00000, 0x000000008bf00000| Complete 

Card table byte_map: [0x000002a0fd3f0000,0x000002a0fd7d0000] _byte_map_base: 0x000002a0fcfce000

Marking Bits (Prev, Next): (CMBitMap*) 0x000002a0e649b190, (CMBitMap*) 0x000002a0e649b1d0
 Prev Bits: [0x000002a0fdbb0000, 0x000002a0ffaa0000)
 Next Bits: [0x000002a080000000, 0x000002a081ef0000)

Polling page: 0x000002a0e5c10000

Metaspace:

Usage:
  Non-class:      8.19 MB used.
      Class:      1.08 MB used.
       Both:      9.27 MB used.

Virtual space:
  Non-class space:       64.00 MB reserved,       8.25 MB ( 13%) committed,  1 nodes.
      Class space:        1.00 GB reserved,       1.19 MB ( <1%) committed,  1 nodes.
             Both:        1.06 GB reserved,       9.44 MB ( <1%) committed. 

Chunk freelists:
   Non-Class:  5.52 MB
       Class:  14.79 MB
        Both:  20.32 MB

MaxMetaspaceSize: unlimited
CompressedClassSpaceSize: 1.00 GB
Initial GC threshold: 21.00 MB
Current GC threshold: 21.00 MB
CDS: on
MetaspaceReclaimPolicy: balanced
 - commit_granule_bytes: 65536.
 - commit_granule_words: 8192.
 - virtual_space_node_default_size: 8388608.
 - enlarge_chunks_in_place: 1.
 - new_chunks_are_fully_committed: 0.
 - uncommit_free_chunks: 1.
 - use_allocation_guard: 0.
 - handle_deallocations: 1.


Internal statistics:

num_allocs_failed_limit: 0.
num_arena_births: 76.
num_arena_deaths: 0.
num_vsnodes_births: 2.
num_vsnodes_deaths: 0.
num_space_committed: 151.
num_space_uncommitted: 0.
num_chunks_returned_to_freelist: 0.
num_chunks_taken_from_freelist: 395.
num_chunk_merges: 0.
num_chunk_splits: 278.
num_chunks_enlarged: 225.
num_inconsistent_stats: 0.

CodeHeap 'non-profiled nmethods': size=120000Kb used=523Kb max_used=523Kb free=119476Kb
 bounds [0x000002a0f57b0000, 0x000002a0f5a20000, 0x000002a0fcce0000]
CodeHeap 'profiled nmethods': size=120000Kb used=2756Kb max_used=2756Kb free=117243Kb
 bounds [0x000002a0edce0000, 0x000002a0edfa0000, 0x000002a0f5210000]
CodeHeap 'non-nmethods': size=5760Kb used=1157Kb max_used=1189Kb free=4603Kb
 bounds [0x000002a0f5210000, 0x000002a0f5480000, 0x000002a0f57b0000]
 total_blobs=1931 nmethods=1503 adapters=340
 compilation: enabled
              stopped_count=0, restarted_count=0
 full_count=0

Compilation events (20 events):
Event: 0.835 Thread 0x000002a0843bdbc0 nmethod 1454 0x000002a0edf79c10 code [0x000002a0edf79ec0, 0x000002a0edf7afc8]
Event: 0.835 Thread 0x000002a0843bdbc0 1458       3       com.sun.tools.javac.code.Type$ArrayType::getTag (4 bytes)
Event: 0.835 Thread 0x000002a0843b3910 nmethod 1459 0x000002a0f5825c10 code [0x000002a0f5825d80, 0x000002a0f5825e18]
Event: 0.835 Thread 0x000002a0843bdbc0 nmethod 1458 0x000002a0edf7b410 code [0x000002a0edf7b5a0, 0x000002a0edf7b6b8]
Event: 0.835 Thread 0x000002a0843b3910 1460       4       java.util.HashSet::add (20 bytes)
Event: 0.835 Thread 0x000002a0843bdbc0 1461       3       java.util.stream.MatchOps::makeRef (29 bytes)
Event: 0.836 Thread 0x000002a0843bdbc0 nmethod 1461 0x000002a0edf7b790 code [0x000002a0edf7b9e0, 0x000002a0edf7c4e8]
Event: 0.836 Thread 0x000002a0843bdbc0 1464       3       java.util.stream.AbstractPipeline::copyIntoWithCancel (46 bytes)
Event: 0.836 Thread 0x000002a0843bdbc0 nmethod 1464 0x000002a0edf7c890 code [0x000002a0edf7ca80, 0x000002a0edf7cf78]
Event: 0.836 Thread 0x000002a0843bdbc0 1463       3       com.sun.tools.javac.code.Type$MethodType::asMethodType (2 bytes)
Event: 0.836 Thread 0x000002a0843bdbc0 nmethod 1463 0x000002a0edf7d110 code [0x000002a0edf7d2a0, 0x000002a0edf7d3b8]
Event: 0.837 Thread 0x000002a0843bdbc0 1466       3       com.sun.tools.javac.code.Type$JCVoidType::getTag (4 bytes)
Event: 0.837 Thread 0x000002a0843bdbc0 nmethod 1466 0x000002a0edf7d490 code [0x000002a0edf7d620, 0x000002a0edf7d738]
Event: 0.837 Thread 0x000002a0843bdbc0 1467       3       com.sun.tools.javac.jvm.ClassReader::readClass (670 bytes)
Event: 0.841 Thread 0x000002a0843bdbc0 nmethod 1467 0x000002a0edf7d810 code [0x000002a0edf7dfa0, 0x000002a0edf832b8]
Event: 0.841 Thread 0x000002a0843bdbc0 1469       3       java.util.ArrayDeque::elementAt (4 bytes)
Event: 0.841 Thread 0x000002a0843bdbc0 nmethod 1469 0x000002a0edf85190 code [0x000002a0edf85320, 0x000002a0edf85438]
Event: 0.841 Thread 0x000002a0843bdbc0 1468       3       jdk.internal.org.objectweb.asm.MethodWriter::visitCode (1 bytes)
Event: 0.841 Thread 0x000002a0843bdbc0 nmethod 1468 0x000002a0edf85510 code [0x000002a0edf856a0, 0x000002a0edf857b8]
Event: 0.842 Thread 0x000002a0843bdbc0 1470       3       com.sun.tools.javac.jvm.PoolWriter$WriteablePoolHelper::writeIfNeeded (121 bytes)

GC Heap History (2 events):
Event: 0.688 GC heap before
{Heap before GC invocations=0 (full 0):
 garbage-first heap   total 126976K, used 22528K [0x0000000084400000, 0x0000000100000000)
  region size 1024K, 23 young (23552K), 0 survivors (0K)
 Metaspace       used 8240K, committed 8512K, reserved 1114112K
  class space    used 959K, committed 1088K, reserved 1048576K
}
Event: 0.700 GC heap after
{Heap after GC invocations=1 (full 0):
 garbage-first heap   total 126976K, used 5064K [0x0000000084400000, 0x0000000100000000)
  region size 1024K, 3 young (3072K), 3 survivors (3072K)
 Metaspace       used 8240K, committed 8512K, reserved 1114112K
  class space    used 959K, committed 1088K, reserved 1048576K
}

Deoptimization events (20 events):
Event: 0.823 Thread 0x000002a0e6442610 Uncommon trap: trap_request=0xffffffc6 fr.pc=0x000002a0f57f2da0 relative=0x0000000000001260
Event: 0.823 Thread 0x000002a0e6442610 Uncommon trap: reason=bimorphic_or_optimized_type_check action=maybe_recompile pc=0x000002a0f57f2da0 method=java.util.HashMap.putVal(ILjava/lang/Object;Ljava/lang/Object;ZZ)Ljava/lang/Object; @ 253 c2
Event: 0.823 Thread 0x000002a0e6442610 DEOPT PACKING pc=0x000002a0f57f2da0 sp=0x000000af552feef0
Event: 0.823 Thread 0x000002a0e6442610 DEOPT UNPACKING pc=0x000002a0f5265ba3 sp=0x000000af552fee48 mode 2
Event: 0.825 Thread 0x000002a0e6442610 Uncommon trap: trap_request=0xffffffc6 fr.pc=0x000002a0f57f2da0 relative=0x0000000000001260
Event: 0.825 Thread 0x000002a0e6442610 Uncommon trap: reason=bimorphic_or_optimized_type_check action=maybe_recompile pc=0x000002a0f57f2da0 method=java.util.HashMap.putVal(ILjava/lang/Object;Ljava/lang/Object;ZZ)Ljava/lang/Object; @ 253 c2
Event: 0.825 Thread 0x000002a0e6442610 DEOPT PACKING pc=0x000002a0f57f2da0 sp=0x000000af552feef0
Event: 0.825 Thread 0x000002a0e6442610 DEOPT UNPACKING pc=0x000002a0f5265ba3 sp=0x000000af552fee48 mode 2
Event: 0.826 Thread 0x000002a0e6442610 Uncommon trap: trap_request=0xffffffc6 fr.pc=0x000002a0f57efc0c relative=0x00000000000012cc
Event: 0.826 Thread 0x000002a0e6442610 Uncommon trap: reason=bimorphic_or_optimized_type_check action=maybe_recompile pc=0x000002a0f57efc0c method=java.util.HashMap.putVal(ILjava/lang/Object;Ljava/lang/Object;ZZ)Ljava/lang/Object; @ 253 c2
Event: 0.826 Thread 0x000002a0e6442610 DEOPT PACKING pc=0x000002a0f57efc0c sp=0x000000af552fee60
Event: 0.826 Thread 0x000002a0e6442610 DEOPT UNPACKING pc=0x000002a0f5265ba3 sp=0x000000af552fee40 mode 2
Event: 0.831 Thread 0x000002a0e6442610 Uncommon trap: trap_request=0xffffffde fr.pc=0x000002a0f57f589c relative=0x00000000000004dc
Event: 0.831 Thread 0x000002a0e6442610 Uncommon trap: reason=class_check action=maybe_recompile pc=0x000002a0f57f589c method=java.util.HashMap.getNode(Ljava/lang/Object;)Ljava/util/HashMap$Node; @ 128 c2
Event: 0.831 Thread 0x000002a0e6442610 DEOPT PACKING pc=0x000002a0f57f589c sp=0x000000af552fe160
Event: 0.831 Thread 0x000002a0e6442610 DEOPT UNPACKING pc=0x000002a0f5265ba3 sp=0x000000af552fe078 mode 2
Event: 0.831 Thread 0x000002a0e6442610 Uncommon trap: trap_request=0xffffffde fr.pc=0x000002a0f57f589c relative=0x00000000000004dc
Event: 0.831 Thread 0x000002a0e6442610 Uncommon trap: reason=class_check action=maybe_recompile pc=0x000002a0f57f589c method=java.util.HashMap.getNode(Ljava/lang/Object;)Ljava/util/HashMap$Node; @ 128 c2
Event: 0.831 Thread 0x000002a0e6442610 DEOPT PACKING pc=0x000002a0f57f589c sp=0x000000af552fe0e0
Event: 0.831 Thread 0x000002a0e6442610 DEOPT UNPACKING pc=0x000002a0f5265ba3 sp=0x000000af552fdff8 mode 2

Classes unloaded (0 events):
No events

Classes redefined (0 events):
No events

Internal exceptions (20 events):
Event: 0.319 Thread 0x000002a0e6442610 Exception <a 'java/lang/NoSuchMethodError'{0x000000008bb40c40}: 'int java.lang.invoke.DirectMethodHandle$Holder.invokeStaticInit(java.lang.Object, java.lang.Object)'> (0x000000008bb40c40) 
thrown [s\open\src\hotspot\share\interpreter\linkResolver.cpp, line 759]
Event: 0.399 Thread 0x000002a0e6442610 Exception <a 'java/lang/NoSuchMethodError'{0x000000008bbdd138}: 'int java.lang.invoke.DirectMethodHandle$Holder.invokeVirtual(java.lang.Object, java.lang.Object)'> (0x000000008bbdd138) 
thrown [s\open\src\hotspot\share\interpreter\linkResolver.cpp, line 759]
Event: 0.406 Thread 0x000002a0e6442610 Exception <a 'java/lang/NoSuchMethodError'{0x000000008ba04038}: 'java.lang.Object java.lang.invoke.DirectMethodHandle$Holder.newInvokeSpecial(java.lang.Object, java.lang.Object, java.lang.Object, java.lang.Object, java.lang.Object)'> (0x000000008ba04038) 
thrown [s\open\src\hotspot\share\interpreter\linkResolver.cpp, line 759]
Event: 0.408 Thread 0x000002a0e6442610 Exception <a 'java/lang/NoSuchMethodError'{0x000000008ba124d8}: 'java.lang.Object java.lang.invoke.DirectMethodHandle$Holder.newInvokeSpecial(java.lang.Object, java.lang.Object, java.lang.Object, java.lang.Object, java.lang.Object, java.lang.Object)'> (0x000000008ba124d8) 
thrown [s\open\src\hotspot\share\interpreter\linkResolver.cpp, line 759]
Event: 0.448 Thread 0x000002a0e6442610 Exception <a 'java/lang/NoSuchMethodError'{0x000000008ba8c370}: 'java.lang.Object java.lang.invoke.DirectMethodHandle$Holder.invokeVirtual(java.lang.Object, java.lang.Object, java.lang.Object)'> (0x000000008ba8c370) 
thrown [s\open\src\hotspot\share\interpreter\linkResolver.cpp, line 759]
Event: 0.452 Thread 0x000002a0e6442610 Exception <a 'java/lang/NoSuchMethodError'{0x000000008ba97878}: 'int java.lang.invoke.DirectMethodHandle$Holder.invokeInterface(java.lang.Object, java.lang.Object)'> (0x000000008ba97878) 
thrown [s\open\src\hotspot\share\interpreter\linkResolver.cpp, line 759]
Event: 0.516 Thread 0x000002a0e6442610 Exception <a 'java/lang/NoSuchMethodError'{0x000000008bafde28}: 'java.lang.Object java.lang.invoke.DirectMethodHandle$Holder.invokeStaticInit(java.lang.Object)'> (0x000000008bafde28) 
thrown [s\open\src\hotspot\share\interpreter\linkResolver.cpp, line 759]
Event: 0.553 Thread 0x000002a0e6442610 Exception <a 'java/lang/NoSuchMethodError'{0x000000008b9c8f58}: 'java.lang.Object java.lang.invoke.DirectMethodHandle$Holder.invokeVirtual(java.lang.Object, java.lang.Object, java.lang.Object, int, int)'> (0x000000008b9c8f58) 
thrown [s\open\src\hotspot\share\interpreter\linkResolver.cpp, line 759]
Event: 0.554 Thread 0x000002a0e6442610 Exception <a 'java/lang/NoSuchMethodError'{0x000000008b9cfb18}: 'java.lang.Object java.lang.invoke.DirectMethodHandle$Holder.invokeVirtual(java.lang.Object, java.lang.Object, int)'> (0x000000008b9cfb18) 
thrown [s\open\src\hotspot\share\interpreter\linkResolver.cpp, line 759]
Event: 0.555 Thread 0x000002a0e6442610 Exception <a 'java/lang/NoSuchMethodError'{0x000000008b9d8040}: 'java.lang.Object java.lang.invoke.DirectMethodHandle$Holder.invokeSpecial(java.lang.Object, java.lang.Object, java.lang.Object, int, int)'> (0x000000008b9d8040) 
thrown [s\open\src\hotspot\share\interpreter\linkResolver.cpp, line 759]
Event: 0.589 Thread 0x000002a0e6442610 Exception <a 'sun/nio/fs/WindowsException'{0x000000008b71aec8}> (0x000000008b71aec8) 
thrown [s\open\src\hotspot\share\prims\jni.cpp, line 516]
Event: 0.637 Thread 0x000002a0e6442610 Exception <a 'java/lang/NoSuchMethodError'{0x000000008b5b9c78}: 'int java.lang.invoke.DirectMethodHandle$Holder.invokeSpecial(java.lang.Object, java.lang.Object, java.lang.Object)'> (0x000000008b5b9c78) 
thrown [s\open\src\hotspot\share\interpreter\linkResolver.cpp, line 759]
Event: 0.638 Thread 0x000002a0e6442610 Exception <a 'sun/nio/fs/WindowsException'{0x000000008b5c4120}> (0x000000008b5c4120) 
thrown [s\open\src\hotspot\share\prims\jni.cpp, line 516]
Event: 0.638 Thread 0x000002a0e6442610 Exception <a 'sun/nio/fs/WindowsException'{0x000000008b5c4388}> (0x000000008b5c4388) 
thrown [s\open\src\hotspot\share\prims\jni.cpp, line 516]
Event: 0.658 Thread 0x000002a0e6442610 Exception <a 'java/lang/NoSuchMethodError'{0x000000008b086008}: 'java.lang.Object java.lang.invoke.DirectMethodHandle$Holder.invokeStatic(java.lang.Object, java.lang.Object, int, int)'> (0x000000008b086008) 
thrown [s\open\src\hotspot\share\interpreter\linkResolver.cpp, line 759]
Event: 0.674 Thread 0x000002a0e6442610 Exception <a 'sun/nio/fs/WindowsException'{0x000000008afdec88}> (0x000000008afdec88) 
thrown [s\open\src\hotspot\share\prims\jni.cpp, line 516]
Event: 0.674 Thread 0x000002a0e6442610 Exception <a 'sun/nio/fs/WindowsException'{0x000000008afdeef8}> (0x000000008afdeef8) 
thrown [s\open\src\hotspot\share\prims\jni.cpp, line 516]
Event: 0.712 Thread 0x000002a0e6442610 Exception <a 'java/lang/NoSuchMethodError'{0x000000008bf41da0}: 'java.lang.Object java.lang.invoke.DirectMethodHandle$Holder.invokeInterface(java.lang.Object, java.lang.Object)'> (0x000000008bf41da0) 
thrown [s\open\src\hotspot\share\interpreter\linkResolver.cpp, line 759]
Event: 0.773 Thread 0x000002a0e6442610 Exception <a 'java/lang/NoSuchMethodError'{0x000000008bb19b90}: 'int java.lang.invoke.DirectMethodHandle$Holder.invokeStatic(java.lang.Object, java.lang.Object, java.lang.Object, java.lang.Object)'> (0x000000008bb19b90) 
thrown [s\open\src\hotspot\share\interpreter\linkResolver.cpp, line 759]
Event: 0.813 Thread 0x000002a0e6442610 Exception <a 'java/lang/NoSuchMethodError'{0x000000008ba623f8}: 'void java.lang.invoke.DirectMethodHandle$Holder.invokeVirtual(java.lang.Object, java.lang.Object)'> (0x000000008ba623f8) 
thrown [s\open\src\hotspot\share\interpreter\linkResolver.cpp, line 759]

VM Operations (14 events):
Event: 0.076 Executing VM operation: HandshakeAllThreads
Event: 0.077 Executing VM operation: HandshakeAllThreads done
Event: 0.237 Executing VM operation: HandshakeAllThreads
Event: 0.237 Executing VM operation: HandshakeAllThreads done
Event: 0.500 Executing VM operation: HandshakeAllThreads
Event: 0.500 Executing VM operation: HandshakeAllThreads done
Event: 0.522 Executing VM operation: HandshakeAllThreads
Event: 0.522 Executing VM operation: HandshakeAllThreads done
Event: 0.664 Executing VM operation: ICBufferFull
Event: 0.664 Executing VM operation: ICBufferFull done
Event: 0.687 Executing VM operation: G1CollectForAllocation
Event: 0.700 Executing VM operation: G1CollectForAllocation done
Event: 0.815 Executing VM operation: ICBufferFull
Event: 0.815 Executing VM operation: ICBufferFull done

Events (20 events):
Event: 0.599 loading class java/util/stream/Node$Builder
Event: 0.599 loading class java/util/stream/Node$Builder done
Event: 0.599 loading class java/util/stream/Nodes$SpinedNodeBuilder done
Event: 0.599 loading class sun/nio/fs/WindowsPath$WindowsPathWithAttributes
Event: 0.599 loading class sun/nio/fs/BasicFileAttributesHolder
Event: 0.600 loading class sun/nio/fs/BasicFileAttributesHolder done
Event: 0.600 loading class sun/nio/fs/WindowsPath$WindowsPathWithAttributes done
Event: 0.619 Thread 0x000002a0ca2282d0 Thread added: 0x000002a0ca2282d0
Event: 0.638 loading class java/nio/file/NoSuchFileException
Event: 0.638 loading class java/nio/file/FileSystemException
Event: 0.638 loading class java/nio/file/FileSystemException done
Event: 0.638 loading class java/nio/file/NoSuchFileException done
Event: 0.706 loading class java/lang/invoke/MethodHandle$1
Event: 0.707 loading class java/lang/invoke/MethodHandle$1 done
Event: 0.746 loading class java/util/stream/Nodes$FixedNodeBuilder
Event: 0.747 loading class java/util/stream/Nodes$ArrayNode
Event: 0.747 loading class java/util/stream/Nodes$ArrayNode done
Event: 0.747 loading class java/util/stream/Nodes$FixedNodeBuilder done
Event: 0.829 loading class java/util/function/ToIntBiFunction
Event: 0.829 loading class java/util/function/ToIntBiFunction done


Dynamic libraries:
0x00007ff74ce50000 - 0x00007ff74ce60000 	C:\Program Files\Java\jdk-17\bin\java.exe
0x00007ffde8ff0000 - 0x00007ffde9207000 	C:\WINDOWS\SYSTEM32\ntdll.dll
0x00007ffde87c0000 - 0x00007ffde8884000 	C:\WINDOWS\System32\KERNEL32.DLL
0x00007ffde6480000 - 0x00007ffde6826000 	C:\WINDOWS\System32\KERNELBASE.dll
0x00007ffde6bf0000 - 0x00007ffde6d01000 	C:\WINDOWS\System32\ucrtbase.dll
0x00007ffdcab00000 - 0x00007ffdcab1b000 	C:\Program Files\Java\jdk-17\bin\VCRUNTIME140.dll
0x00007ffdca280000 - 0x00007ffdca299000 	C:\Program Files\Java\jdk-17\bin\jli.dll
0x00007ffde78f0000 - 0x00007ffde79a3000 	C:\WINDOWS\System32\ADVAPI32.dll
0x00007ffde8900000 - 0x00007ffde89a7000 	C:\WINDOWS\System32\msvcrt.dll
0x00007ffde7cc0000 - 0x00007ffde7d68000 	C:\WINDOWS\System32\sechost.dll
0x00007ffde6d10000 - 0x00007ffde6d38000 	C:\WINDOWS\System32\bcrypt.dll
0x00007ffde6f70000 - 0x00007ffde7087000 	C:\WINDOWS\System32\RPCRT4.dll
0x00007ffde79b0000 - 0x00007ffde7b5e000 	C:\WINDOWS\System32\USER32.dll
0x00007ffde6330000 - 0x00007ffde6356000 	C:\WINDOWS\System32\win32u.dll
0x00007ffde6f00000 - 0x00007ffde6f29000 	C:\WINDOWS\System32\GDI32.dll
0x00007ffde6ad0000 - 0x00007ffde6be8000 	C:\WINDOWS\System32\gdi32full.dll
0x00007ffde63e0000 - 0x00007ffde647a000 	C:\WINDOWS\System32\msvcp_win.dll
0x00007ffdccff0000 - 0x00007ffdcd283000 	C:\WINDOWS\WinSxS\amd64_microsoft.windows.common-controls_6595b64144ccf1df_6.0.22621.2506_none_270c5ae97388e100\COMCTL32.dll
0x00007ffdde9f0000 - 0x00007ffdde9fa000 	C:\WINDOWS\SYSTEM32\VERSION.dll
0x00007ffde6f30000 - 0x00007ffde6f61000 	C:\WINDOWS\System32\IMM32.DLL
0x00007ffdd6d10000 - 0x00007ffdd6d1c000 	C:\Program Files\Java\jdk-17\bin\vcruntime140_1.dll
0x00007ffdca1f0000 - 0x00007ffdca27e000 	C:\Program Files\Java\jdk-17\bin\msvcp140.dll
0x00007ffdc4df0000 - 0x00007ffdc59d1000 	C:\Program Files\Java\jdk-17\bin\server\jvm.dll
0x00007ffde6ef0000 - 0x00007ffde6ef8000 	C:\WINDOWS\System32\PSAPI.DLL
0x00007ffdbf770000 - 0x00007ffdbf779000 	C:\WINDOWS\SYSTEM32\WSOCK32.dll
0x00007ffddd100000 - 0x00007ffddd134000 	C:\WINDOWS\SYSTEM32\WINMM.dll
0x00007ffde7fc0000 - 0x00007ffde8031000 	C:\WINDOWS\System32\ws2_32.DLL
0x00007ffde5330000 - 0x00007ffde5348000 	C:\WINDOWS\SYSTEM32\kernel.appcore.dll
0x00007ffdcaaf0000 - 0x00007ffdcaafa000 	C:\Program Files\Java\jdk-17\bin\jimage.dll
0x00007ffde3bf0000 - 0x00007ffde3e23000 	C:\WINDOWS\SYSTEM32\DBGHELP.DLL
0x00007ffde8410000 - 0x00007ffde8799000 	C:\WINDOWS\System32\combase.dll
0x00007ffde8040000 - 0x00007ffde8117000 	C:\WINDOWS\System32\OLEAUT32.dll
0x00007ffdac6f0000 - 0x00007ffdac722000 	C:\WINDOWS\SYSTEM32\dbgcore.DLL
0x00007ffde6360000 - 0x00007ffde63da000 	C:\WINDOWS\System32\bcryptPrimitives.dll
0x00007ffdca140000 - 0x00007ffdca165000 	C:\Program Files\Java\jdk-17\bin\java.dll
0x00007ffdc7d20000 - 0x00007ffdc7df7000 	C:\Program Files\Java\jdk-17\bin\jsvml.dll
0x00007ffde7090000 - 0x00007ffde78eb000 	C:\WINDOWS\System32\SHELL32.dll
0x00007ffde4240000 - 0x00007ffde4b36000 	C:\WINDOWS\SYSTEM32\windows.storage.dll
0x00007ffde4100000 - 0x00007ffde423e000 	C:\WINDOWS\SYSTEM32\wintypes.dll
0x00007ffde8a30000 - 0x00007ffde8b23000 	C:\WINDOWS\System32\SHCORE.dll
0x00007ffde82d0000 - 0x00007ffde832e000 	C:\WINDOWS\System32\shlwapi.dll
0x00007ffde6260000 - 0x00007ffde6286000 	C:\WINDOWS\SYSTEM32\profapi.dll
0x00007ffdc7ab0000 - 0x00007ffdc7ac9000 	C:\Program Files\Java\jdk-17\bin\net.dll
0x00007ffddf670000 - 0x00007ffddf7a7000 	C:\WINDOWS\SYSTEM32\WINHTTP.dll
0x00007ffde57a0000 - 0x00007ffde5809000 	C:\WINDOWS\system32\mswsock.dll
0x00007ffdc7a90000 - 0x00007ffdc7aa6000 	C:\Program Files\Java\jdk-17\bin\nio.dll

dbghelp: loaded successfully - version: 4.0.5 - missing functions: none
symbol engine: initialized successfully - sym options: 0x614 - pdb path: .;C:\Program Files\Java\jdk-17\bin;C:\WINDOWS\SYSTEM32;C:\WINDOWS\WinSxS\amd64_microsoft.windows.common-controls_6595b64144ccf1df_6.0.22621.2506_none_270c5ae97388e100;C:\Program Files\Java\jdk-17\bin\server

VM Arguments:
jvm_args: --add-modules=ALL-DEFAULT 
java_command: jdk.compiler/com.sun.tools.javac.launcher.Main c:\\Users\\97797\\OneDrive\\Desktop\\javapractice\\FoodOrder.java
java_class_path (initial): .
Launcher Type: SUN_STANDARD

[Global flags]
     intx CICompilerCount                          = 4                                         {product} {ergonomic}
     uint ConcGCThreads                            = 2                                         {product} {ergonomic}
     uint G1ConcRefinementThreads                  = 8                                         {product} {ergonomic}
   size_t G1HeapRegionSize                         = 1048576                                   {product} {ergonomic}
    uintx GCDrainStackTargetSize                   = 64                                        {product} {ergonomic}
   size_t InitialHeapSize                          = 130023424                                 {product} {ergonomic}
   size_t MarkStackSize                            = 4194304                                   {product} {ergonomic}
   size_t MaxHeapSize                              = 2076180480                                {product} {ergonomic}
   size_t MaxNewSize                               = 1245708288                                {product} {ergonomic}
   size_t MinHeapDeltaBytes                        = 1048576                                   {product} {ergonomic}
   size_t MinHeapSize                              = 8388608                                   {product} {ergonomic}
    uintx NonNMethodCodeHeapSize                   = 5839372                                {pd product} {ergonomic}
    uintx NonProfiledCodeHeapSize                  = 122909434                              {pd product} {ergonomic}
    uintx ProfiledCodeHeapSize                     = 122909434                              {pd product} {ergonomic}
    uintx ReservedCodeCacheSize                    = 251658240                              {pd product} {ergonomic}
     bool SegmentedCodeCache                       = true                                      {product} {ergonomic}
   size_t SoftMaxHeapSize                          = 2076180480                             {manageable} {ergonomic}
     bool UseCompressedClassPointers               = true                           {product lp64_product} {ergonomic}
     bool UseCompressedOops                        = true                           {product lp64_product} {ergonomic}
     bool UseG1GC                                  = true                                      {product} {ergonomic}
     bool UseLargePagesIndividualAllocation        = false                                  {pd product} {ergonomic}

Logging:
Log output configuration:
 #0: stdout all=warning uptime,level,tags
 #1: stderr all=off uptime,level,tags

Environment Variables:
PATH=D:\oracle\dbhomeXE\bin;C:\Program Files\Common Files\Oracle\Java\javapath;C:\WINDOWS\system32;C:\WINDOWS;C:\WINDOWS\System32\Wbem;C:\WINDOWS\System32\WindowsPowerShell\v1.0\;C:\WINDOWS\System32\OpenSSH\;C:\MinGW\bin;C:\Program Files\nodejs\;C:\Program Files\MySQL\MySQL Server 8.0\bin;C:\Users\97797\AppData\Local\Programs\Python\Python312\Scripts\;C:\Users\97797\AppData\Local\Programs\Python\Python312\;C:\Users\97797\AppData\Local\Microsoft\WindowsApps;C:\Users\97797\AppData\Local\Microsoft\WindowsApps;C:\Users\97797\AppData\Local\Programs\Microsoft VS Code\bin;C:\Users\97797\AppData\Roaming\npm;D:\Git\cmd
USERNAME=97797
OS=Windows_NT
PROCESSOR_IDENTIFIER=Intel64 Family 6 Model 140 Stepping 1, GenuineIntel



---------------  S Y S T E M  ---------------

OS:
 Windows 11 , 64 bit Build 22621 (10.0.22621.3085)
OS uptime: 0 days 1:18 hours
Hyper-V role detected

CPU: total 8 (initial active 8) (4 cores per cpu, 2 threads per core) family 6 model 140 stepping 1 microcode 0xb4, cx8, cmov, fxsr, ht, mmx, 3dnowpref, sse, sse2, sse3, ssse3, sse4.1, sse4.2, popcnt, lzcnt, tsc, tscinvbit, avx, avx2, aes, erms, clmul, bmi1, bmi2, adx, avx512f, avx512dq, avx512cd, avx512bw, avx512vl, sha, fma, vzeroupper, avx512_vpopcntdq, avx512_vpclmulqdq, avx512_vaes, avx512_vnni, clflush, clflushopt, clwb, avx512_vbmi2, avx512_vbmi, hv

Memory: 4k page, system-wide physical 7918M (1115M free)
TotalPageFile size 11439M (AvailPageFile size 6M)
current process WorkingSet (physical memory assigned to process): 97M, peak: 100M
current process commit charge ("private bytes"): 231M, peak: 235M

vm_info: Java HotSpot(TM) 64-Bit Server VM (17.0.9+11-LTS-201) for windows-amd64 JRE (17.0.9+11-LTS-201), built on Oct 10 2023 23:16:06 by "mach5one" with MS VC++ 17.1 (VS2022)

END.
