#
# There is insufficient memory for the Java Runtime Environment to continue.
# Native memory allocation (mmap) failed to map 65536 bytes for Failed to commit metaspace.
# Possible reasons:
#   The system is out of physical RAM or swap space
#   The process is running with CompressedOops enabled, and the Java Heap may be blocking the growth of the native heap
# Possible solutions:
#   Reduce memory load on the system
#   Increase physical memory or swap space
#   Check if swap backing store is full
#   Decrease Java heap size (-Xmx/-Xms)
#   Decrease number of Java threads
#   Decrease Java thread stack sizes (-Xss)
#   Set larger code cache with -XX:ReservedCodeCacheSize=
#   JVM is running with Unscaled Compressed Oops mode in which the Java heap is
#     placed in the first 4GB address space. The Java Heap base address is the
#     maximum limit for the native heap growth. Please use -XX:HeapBaseMinAddress
#     to set the Java Heap base and to place the Java Heap above 4GB virtual address.
# This output file may be truncated or incomplete.
#
#  Out of Memory Error (virtualSpaceNode.cpp:110), pid=16088, tid=7132
#
# JRE version: OpenJDK Runtime Environment Temurin-17.0.10+7 (17.0.10+7) (build 17.0.10+7)
# Java VM: OpenJDK 64-Bit Server VM Temurin-17.0.10+7 (17.0.10+7, mixed mode, tiered, compressed oops, compressed class ptrs, parallel gc, windows-amd64)
# No core dump will be written. Minidumps are not enabled by default on client versions of Windows
#

---------------  S U M M A R Y ------------

Command Line: --add-modules=ALL-SYSTEM --add-opens=java.base/java.util=ALL-UNNAMED --add-opens=java.base/java.lang=ALL-UNNAMED --add-opens=java.base/sun.nio.fs=ALL-UNNAMED -Declipse.application=org.eclipse.jdt.ls.core.id1 -Dosgi.bundles.defaultStartLevel=4 -Declipse.product=org.eclipse.jdt.ls.core.product -Djava.import.generatesMetadataFilesAtProjectRoot=false -DDetectVMInstallationsJob.disabled=true -Dfile.encoding=utf8 -XX:+UseParallelGC -XX:GCTimeRatio=4 -XX:AdaptiveSizePolicyWeight=90 -Dsun.zip.disableMemoryMapping=true -Xmx1G -Xms100m -Xlog:disable -javaagent:c:\Users\97797\.vscode\extensions\redhat.java-1.28.1-win32-x64\lombok\lombok-1.18.31.jar c:\Users\97797\.vscode\extensions\redhat.java-1.28.1-win32-x64\server\plugins\org.eclipse.equinox.launcher_1.6.700.v20231214-2017.jar -configuration c:\Users\97797\AppData\Roaming\Code\User\globalStorage\redhat.java\1.28.1\config_ss_win -data c:\Users\97797\AppData\Roaming\Code\User\workspaceStorage\94fab1f431758f7d79e99c0990bdfdc4\redhat.java\ss_ws --stdio

Host: 11th Gen Intel(R) Core(TM) i5-1135G7 @ 2.40GHz, 8 cores, 7G,  Windows 11 , 64 bit Build 22621 (10.0.22621.3085)
Time: Sun Apr 28 12:11:47 2024 Nepal Standard Time elapsed time: 0.971591 seconds (0d 0h 0m 0s)

---------------  T H R E A D  ---------------

Current thread (0x0000017da848d300):  JavaThread "main" [_thread_in_vm, id=7132, stack(0x00000042e7000000,0x00000042e7100000)]

Stack: [0x00000042e7000000,0x00000042e7100000]
Native frames: (J=compiled Java code, j=interpreted, Vv=VM code, C=native code)
V  [jvm.dll+0x67d2c9]
V  [jvm.dll+0x834afa]
V  [jvm.dll+0x8365be]
V  [jvm.dll+0x836c23]
V  [jvm.dll+0x2477ff]
V  [jvm.dll+0x8307bb]
V  [jvm.dll+0x621d16]
V  [jvm.dll+0x1c183e]
V  [jvm.dll+0x624671]
V  [jvm.dll+0x6226b6]
V  [jvm.dll+0x23bd4f]
V  [jvm.dll+0x62c565]
V  [jvm.dll+0x1eb80b]
V  [jvm.dll+0x1ebd45]
V  [jvm.dll+0x1ec800]
V  [jvm.dll+0x1e1c01]
V  [jvm.dll+0x5427ce]
V  [jvm.dll+0x7aeb88]
V  [jvm.dll+0x7aec74]
V  [jvm.dll+0x4108f5]
V  [jvm.dll+0x416a79]
C  [java.dll+0x17ec]

Java frames: (J=compiled Java code, j=interpreted, Vv=VM code)
j  java.lang.ClassLoader.defineClass1(Ljava/lang/ClassLoader;Ljava/lang/String;[BIILjava/security/ProtectionDomain;Ljava/lang/String;)Ljava/lang/Class;+0 java.base@17.0.10
j  java.lang.ClassLoader.defineClass(Ljava/lang/String;[BIILjava/security/ProtectionDomain;)Ljava/lang/Class;+27 java.base@17.0.10
j  java.security.SecureClassLoader.defineClass(Ljava/lang/String;[BIILjava/security/CodeSource;)Ljava/lang/Class;+12 java.base@17.0.10
j  java.net.URLClassLoader.defineClass(Ljava/lang/String;Ljdk/internal/loader/Resource;)Ljava/lang/Class;+221 java.base@17.0.10
j  java.net.URLClassLoader$1.run()Ljava/lang/Class;+43 java.base@17.0.10
j  java.net.URLClassLoader$1.run()Ljava/lang/Object;+1 java.base@17.0.10
J 893 c1 java.security.AccessController.executePrivileged(Ljava/security/PrivilegedExceptionAction;Ljava/security/AccessControlContext;Ljava/lang/Class;)Ljava/lang/Object; java.base@17.0.10 (65 bytes) @ 0x0000017dab294ab4 [0x0000017dab294960+0x0000000000000154]
j  java.security.AccessController.doPrivileged(Ljava/security/PrivilegedExceptionAction;Ljava/security/AccessControlContext;)Ljava/lang/Object;+13 java.base@17.0.10
j  java.net.URLClassLoader.findClass(Ljava/lang/String;)Ljava/lang/Class;+13 java.base@17.0.10
J 917 c1 java.lang.ClassLoader.loadClass(Ljava/lang/String;Z)Ljava/lang/Class; java.base@17.0.10 (121 bytes) @ 0x0000017dab2a10dc [0x0000017dab2a0b40+0x000000000000059c]
J 767 c1 java.lang.ClassLoader.loadClass(Ljava/lang/String;)Ljava/lang/Class; java.base@17.0.10 (7 bytes) @ 0x0000017dab25d03c [0x0000017dab25cf40+0x00000000000000fc]
v  ~StubRoutines::call_stub
j  org.eclipse.osgi.container.ModuleDatabase$Persistence.load(Lorg/eclipse/osgi/container/ModuleDatabase;Ljava/io/DataInputStream;)V+189
j  org.eclipse.osgi.container.ModuleDatabase.load(Ljava/io/DataInputStream;)V+32
j  org.eclipse.osgi.storage.Storage.<init>(Lorg/eclipse/osgi/internal/framework/EquinoxContainer;[Ljava/lang/String;)V+720
j  org.eclipse.osgi.storage.Storage.createStorage(Lorg/eclipse/osgi/internal/framework/EquinoxContainer;)Lorg/eclipse/osgi/storage/Storage;+11
j  org.eclipse.osgi.internal.framework.EquinoxContainer.<init>(Ljava/util/Map;Lorg/osgi/framework/connect/ModuleConnector;)V+146
j  org.eclipse.osgi.launch.Equinox.<init>(Ljava/util/Map;Lorg/osgi/framework/connect/ModuleConnector;)V+10
j  org.eclipse.osgi.launch.Equinox.<init>(Ljava/util/Map;)V+3
j  org.eclipse.core.runtime.adaptor.EclipseStarter.startup([Ljava/lang/String;Ljava/lang/Runnable;)Lorg/osgi/framework/BundleContext;+28
j  org.eclipse.core.runtime.adaptor.EclipseStarter.run([Ljava/lang/String;Ljava/lang/Runnable;)Ljava/lang/Object;+21
v  ~StubRoutines::call_stub
j  jdk.internal.reflect.NativeMethodAccessorImpl.invoke0(Ljava/lang/reflect/Method;Ljava/lang/Object;[Ljava/lang/Object;)Ljava/lang/Object;+0 java.base@17.0.10
j  jdk.internal.reflect.NativeMethodAccessorImpl.invoke(Ljava/lang/Object;[Ljava/lang/Object;)Ljava/lang/Object;+133 java.base@17.0.10
j  jdk.internal.reflect.DelegatingMethodAccessorImpl.invoke(Ljava/lang/Object;[Ljava/lang/Object;)Ljava/lang/Object;+6 java.base@17.0.10
j  java.lang.reflect.Method.invoke(Ljava/lang/Object;[Ljava/lang/Object;)Ljava/lang/Object;+59 java.base@17.0.10
j  org.eclipse.equinox.launcher.Main.invokeFramework([Ljava/lang/String;[Ljava/net/URL;)V+202
j  org.eclipse.equinox.launcher.Main.basicRun([Ljava/lang/String;)V+159
j  org.eclipse.equinox.launcher.Main.run([Ljava/lang/String;)I+4
j  org.eclipse.equinox.launcher.Main.main([Ljava/lang/String;)V+10
v  ~StubRoutines::call_stub

Compiled method (c1)     988  893       3       java.security.AccessController::executePrivileged (65 bytes)
 total in heap  [0x0000017dab294790,0x0000017dab294d78] = 1512
 relocation     [0x0000017dab2948e8,0x0000017dab294948] = 96
 main code      [0x0000017dab294960,0x0000017dab294c00] = 672
 stub code      [0x0000017dab294c00,0x0000017dab294c58] = 88
 metadata       [0x0000017dab294c58,0x0000017dab294c68] = 16
 scopes data    [0x0000017dab294c68,0x0000017dab294ce0] = 120
 scopes pcs     [0x0000017dab294ce0,0x0000017dab294d60] = 128
 dependencies   [0x0000017dab294d60,0x0000017dab294d68] = 8
 nul chk table  [0x0000017dab294d68,0x0000017dab294d78] = 16

[Constant Pool (empty)]

[MachCode]
[Verified Entry Point]
  # {method} {0x0000017dbd030fe8} 'executePrivileged' '(Ljava/security/PrivilegedExceptionAction;Ljava/security/AccessControlContext;Ljava/lang/Class;)Ljava/lang/Object;' in 'java/security/AccessController'
  # parm0:    rdx:rdx   = 'java/security/PrivilegedExceptionAction'
  # parm1:    r8:r8     = 'java/security/AccessControlContext'
  # parm2:    r9:r9     = 'java/lang/Class'
  #           [sp+0x50]  (sp of caller)
  0x0000017dab294960: 8984 2400 | 90ff ff55 | 4883 ec40 | 4c89 4424 

  0x0000017dab294970: ;   {metadata(method data for {method} {0x0000017dbd030fe8} 'executePrivileged' '(Ljava/security/PrivilegedExceptionAction;Ljava/security/AccessControlContext;Ljava/lang/Class;)Ljava/lang/Object;' in 'java/security/AccessController')}
  0x0000017dab294970: 3048 beb8 | ed9a bd7d | 0100 008b | becc 0000 | 0083 c702 | 89be cc00 | 0000 81e7 | fe07 0000 
  0x0000017dab294990: 83ff 000f | 84b7 0100 | 0049 83f8 

  0x0000017dab29499c: ;   {metadata(method data for {method} {0x0000017dbd030fe8} 'executePrivileged' '(Ljava/security/PrivilegedExceptionAction;Ljava/security/AccessControlContext;Ljava/lang/Class;)Ljava/lang/Object;' in 'java/security/AccessController')}
  0x0000017dab29499c: 0048 beb8 | ed9a bd7d | 0100 0048 | bf10 0100 | 0000 0000 | 000f 840a | 0000 0048 | bf20 0100 
  0x0000017dab2949bc: 0000 0000 | 0048 8b1c | 3e48 8d5b | 0148 891c | 3e4c 894c | 2428 4889 | 5424 200f | 841f 0000 
  0x0000017dab2949dc: ;   {metadata(method data for {method} {0x0000017dbd030fe8} 'executePrivileged' '(Ljava/security/PrivilegedExceptionAction;Ljava/security/AccessControlContext;Ljava/lang/Class;)Ljava/lang/Object;' in 'java/security/AccessController')}
  0x0000017dab2949dc: 0048 beb8 | ed9a bd7d | 0100 0048 | 8386 3001 | 0000 0149 | 8bd0 0f1f 

  0x0000017dab2949f4: ;   {static_call}
  0x0000017dab2949f4: 4400 00e8 

  0x0000017dab2949f8: ; ImmutableOopMap {[32]=Oop [40]=Oop [48]=Oop }
                      ;*invokestatic ensureMaterializedForStackWalk {reexecute=0 rethrow=0 return_oop=0}
                      ; - java.security.AccessController::executePrivileged@5
  0x0000017dab2949f8: 0902 0000 

  0x0000017dab2949fc: ;   {metadata(method data for {method} {0x0000017dbd030fe8} 'executePrivileged' '(Ljava/security/PrivilegedExceptionAction;Ljava/security/AccessControlContext;Ljava/lang/Class;)Ljava/lang/Object;' in 'java/security/AccessController')}
  0x0000017dab2949fc: 48ba b8ed | 9abd 7d01 | 0000 ff82 | 4001 0000 | 488b 5424 | 2048 3b02 

  0x0000017dab294a14: ;   {metadata(method data for {method} {0x0000017dbd030fe8} 'executePrivileged' '(Ljava/security/PrivilegedExceptionAction;Ljava/security/AccessControlContext;Ljava/lang/Class;)Ljava/lang/Object;' in 'java/security/AccessController')}
  0x0000017dab294a14: 488b f248 | bfb8 ed9a | bd7d 0100 | 008b 7608 | 48c1 e603 | 483b b7b0 | 0100 0075 | 0d48 8387 
  0x0000017dab294a34: b801 0000 | 01e9 6600 | 0000 483b | b7c0 0100 | 0075 0d48 | 8387 c801 | 0000 01e9 | 5000 0000 
  0x0000017dab294a54: 4881 bfb0 | 0100 0000 | 0000 0075 | 1748 89b7 | b001 0000 | 48c7 87b8 | 0100 0001 | 0000 00e9 
  0x0000017dab294a74: 2c00 0000 | 4881 bfc0 | 0100 0000 | 0000 0075 | 1748 89b7 | c001 0000 | 48c7 87c8 | 0100 0001 
  0x0000017dab294a94: 0000 00e9 | 0800 0000 | 4883 87a0 | 0100 0001 | 9048 b8f0 | 8e71 c27d 

  0x0000017dab294aac: ;   {virtual_call}
  0x0000017dab294aac: 0100 00e8 

  0x0000017dab294ab0: ; ImmutableOopMap {[40]=Oop [48]=Oop }
                      ;*invokeinterface run {reexecute=0 rethrow=0 return_oop=0}
                      ; - java.security.AccessController::executePrivileged@29
  0x0000017dab294ab0: b4dc 4b07 

  0x0000017dab294ab4: ;   {metadata(method data for {method} {0x0000017dbd030fe8} 'executePrivileged' '(Ljava/security/PrivilegedExceptionAction;Ljava/security/AccessControlContext;Ljava/lang/Class;)Ljava/lang/Object;' in 'java/security/AccessController')}
  0x0000017dab294ab4: 48be b8ed | 9abd 7d01 | 0000 ff86 | d801 0000 | 4c8b 4c24 

  0x0000017dab294ac8: ;   {metadata(method data for {method} {0x0000017dbd030fe8} 'executePrivileged' '(Ljava/security/PrivilegedExceptionAction;Ljava/security/AccessControlContext;Ljava/lang/Class;)Ljava/lang/Object;' in 'java/security/AccessController')}
  0x0000017dab294ac8: 2848 beb8 | ed9a bd7d | 0100 0048 | 8386 3802 

  0x0000017dab294ad8: ;   {metadata(method data for {method} {0x0000017dbd035da8} 'reachabilityFence' '(Ljava/lang/Object;)V' in 'java/lang/ref/Reference')}
  0x0000017dab294ad8: 0000 0148 | be38 535e | bd7d 0100 | 008b becc | 0000 0083 | c702 89be | cc00 0000 | 81e7 feff 
  0x0000017dab294af8: 1f00 83ff | 000f 8473 

  0x0000017dab294b00: ;   {metadata(method data for {method} {0x0000017dbd030fe8} 'executePrivileged' '(Ljava/security/PrivilegedExceptionAction;Ljava/security/AccessControlContext;Ljava/lang/Class;)Ljava/lang/Object;' in 'java/security/AccessController')}
  0x0000017dab294b00: 0000 0048 | beb8 ed9a | bd7d 0100 | 0048 8386 | 4802 0000 

  0x0000017dab294b14: ;   {metadata(method data for {method} {0x0000017dbd035da8} 'reachabilityFence' '(Ljava/lang/Object;)V' in 'java/lang/ref/Reference')}
  0x0000017dab294b14: 0148 be38 | 535e bd7d | 0100 008b | becc 0000 | 0083 c702 | 89be cc00 | 0000 81e7 | feff 1f00 
  0x0000017dab294b34: 83ff 000f | 845a 0000 | 0048 83c4 

  0x0000017dab294b40: ;   {poll_return}
  0x0000017dab294b40: 405d 493b | a750 0300 | 000f 8766 | 0000 00c3 

  0x0000017dab294b50: ;   {metadata({method} {0x0000017dbd030fe8} 'executePrivileged' '(Ljava/security/PrivilegedExceptionAction;Ljava/security/AccessControlContext;Ljava/lang/Class;)Ljava/lang/Object;' in 'java/security/AccessController')}
  0x0000017dab294b50: 49ba e00f | 03bd 7d01 | 0000 4c89 | 5424 0848 | c704 24ff 

  0x0000017dab294b64: ;   {runtime_call counter_overflow Runtime1 stub}
  0x0000017dab294b64: ffff ffe8 

  0x0000017dab294b68: ; ImmutableOopMap {rdx=Oop r8=Oop [48]=Oop r9=Oop }
                      ;*synchronization entry
                      ; - java.security.AccessController::executePrivileged@-1
  0x0000017dab294b68: 1465 4b07 | e928 feff 

  0x0000017dab294b70: ;   {runtime_call throw_null_pointer_exception Runtime1 stub}
  0x0000017dab294b70: ffe8 aaf6 

  0x0000017dab294b74: ; ImmutableOopMap {[40]=Oop rdx=Oop [48]=Oop }
                      ;*invokeinterface run {reexecute=0 rethrow=0 return_oop=0}
                      ; - java.security.AccessController::executePrivileged@29
                      ;   {metadata({method} {0x0000017dbd035da8} 'reachabilityFence' '(Ljava/lang/Object;)V' in 'java/lang/ref/Reference')}
  0x0000017dab294b74: 4a07 49ba | a05d 03bd | 7d01 0000 | 4c89 5424 | 0848 c704 | 24ff ffff 

  0x0000017dab294b8c: ;   {runtime_call counter_overflow Runtime1 stub}
  0x0000017dab294b8c: ffe8 ee64 

  0x0000017dab294b90: ; ImmutableOopMap {rax=Oop r9=Oop }
                      ;*synchronization entry
                      ; - java.lang.ref.Reference::reachabilityFence@-1
                      ; - java.security.AccessController::executePrivileged@56
  0x0000017dab294b90: 4b07 e96c 

  0x0000017dab294b94: ;   {metadata({method} {0x0000017dbd035da8} 'reachabilityFence' '(Ljava/lang/Object;)V' in 'java/lang/ref/Reference')}
  0x0000017dab294b94: ffff ff49 | baa0 5d03 | bd7d 0100 | 004c 8954 | 2408 48c7 | 0424 ffff 

  0x0000017dab294bac: ;   {runtime_call counter_overflow Runtime1 stub}
  0x0000017dab294bac: ffff e8cd 

  0x0000017dab294bb0: ; ImmutableOopMap {rax=Oop }
                      ;*synchronization entry
                      ; - java.lang.ref.Reference::reachabilityFence@-1
                      ; - java.security.AccessController::executePrivileged@60
  0x0000017dab294bb0: 644b 07eb 

  0x0000017dab294bb4: ;   {internal_word}
  0x0000017dab294bb4: 8849 ba42 | 4b29 ab7d | 0100 004d | 8997 6803 

  0x0000017dab294bc4: ;   {runtime_call SafepointBlob}
  0x0000017dab294bc4: 0000 e9b5 | 4041 0790 | 9049 8b87 | e003 0000 | 49c7 87e0 | 0300 0000 | 0000 0049 | c787 e803 
  0x0000017dab294be4: 0000 0000 | 0000 4883 

  0x0000017dab294bec: ;   {runtime_call unwind_exception Runtime1 stub}
  0x0000017dab294bec: c440 5de9 | 0c16 4207 | f4f4 f4f4 | f4f4 f4f4 | f4f4 f4f4 
[Stub Code]
  0x0000017dab294c00: ;   {no_reloc}
  0x0000017dab294c00: 0f1f 4400 

  0x0000017dab294c04: ;   {static_stub}
  0x0000017dab294c04: 0048 bb58 | 0d03 bd7d 

  0x0000017dab294c0c: ;   {runtime_call I2C/C2I adapters}
  0x0000017dab294c0c: 0100 00e9 | 3cb9 4007 

  0x0000017dab294c14: ;   {static_stub}
  0x0000017dab294c14: 9048 bb00 | 0000 0000 

  0x0000017dab294c1c: ;   {runtime_call}
  0x0000017dab294c1c: 0000 00e9 | fbff ffff 
[Exception Handler]
  0x0000017dab294c24: ;   {runtime_call handle_exception_from_callee Runtime1 stub}
  0x0000017dab294c24: e8d7 244b 

  0x0000017dab294c28: ;   {external_word}
  0x0000017dab294c28: 0748 b940 | 9a24 7afd | 7f00 0048 

  0x0000017dab294c34: ;   {runtime_call}
  0x0000017dab294c34: 83e4 f049 | ba60 2ded | 79fd 7f00 | 0041 ffd2 

  0x0000017dab294c44: ;   {section_word}
  0x0000017dab294c44: f449 ba45 | 4c29 ab7d | 0100 0041 

  0x0000017dab294c50: ;   {runtime_call DeoptimizationBlob}
  0x0000017dab294c50: 52e9 ca54 | 4107 f4f4 
[/MachCode]


Compiled method (c1)     999  917   !   3       java.lang.ClassLoader::loadClass (121 bytes)
 total in heap  [0x0000017dab2a0890,0x0000017dab2a1e38] = 5544
 relocation     [0x0000017dab2a09e8,0x0000017dab2a0b38] = 336
 main code      [0x0000017dab2a0b40,0x0000017dab2a1700] = 3008
 stub code      [0x0000017dab2a1700,0x0000017dab2a17e8] = 232
 oops           [0x0000017dab2a17e8,0x0000017dab2a17f8] = 16
 metadata       [0x0000017dab2a17f8,0x0000017dab2a1860] = 104
 scopes data    [0x0000017dab2a1860,0x0000017dab2a1ac0] = 608
 scopes pcs     [0x0000017dab2a1ac0,0x0000017dab2a1c80] = 448
 dependencies   [0x0000017dab2a1c80,0x0000017dab2a1ca0] = 32
 handler table  [0x0000017dab2a1ca0,0x0000017dab2a1e20] = 384
 nul chk table  [0x0000017dab2a1e20,0x0000017dab2a1e38] = 24

[Constant Pool (empty)]

[MachCode]
[Entry Point]
  # {method} {0x0000017dbd01d4a8} 'loadClass' '(Ljava/lang/String;Z)Ljava/lang/Class;' in 'java/lang/ClassLoader'
  # this:     rdx:rdx   = 'java/lang/ClassLoader'
  # parm0:    r8:r8     = 'java/lang/String'
  # parm1:    r9        = boolean
  #           [sp+0xd0]  (sp of caller)
  0x0000017dab2a0b40: 448b 5208 | 49c1 e203 

  0x0000017dab2a0b48: ;   {runtime_call ic_miss_stub}
  0x0000017dab2a0b48: 4c3b d00f | 852f 0a40 | 0766 6666 | 0f1f 8400 | 0000 0000 | 6666 6690 
[Verified Entry Point]
  0x0000017dab2a0b60: 8984 2400 | 90ff ff55 | 4881 ecc0 | 0000 0048 | 8954 2450 | 4c89 4424 

  0x0000017dab2a0b78: ;   {metadata(method data for {method} {0x0000017dbd01d4a8} 'loadClass' '(Ljava/lang/String;Z)Ljava/lang/Class;' in 'java/lang/ClassLoader')}
  0x0000017dab2a0b78: 5848 be68 | 1e9b bd7d | 0100 008b | becc 0000 | 0083 c702 | 89be cc00 | 0000 81e7 | fe07 0000 
  0x0000017dab2a0b98: 83ff 000f | 8444 0900 | 0044 894c | 2460 488b 

  0x0000017dab2a0ba8: ;   {metadata(method data for {method} {0x0000017dbd01d4a8} 'loadClass' '(Ljava/lang/String;Z)Ljava/lang/Class;' in 'java/lang/ClassLoader')}
  0x0000017dab2a0ba8: f248 bf68 | 1e9b bd7d | 0100 008b | 7608 48c1 | e603 483b | b720 0100 | 0075 0d48 | 8387 2801 
  0x0000017dab2a0bc8: 0000 01e9 | 6600 0000 | 483b b730 | 0100 0075 | 0d48 8387 | 3801 0000 | 01e9 5000 | 0000 4881 
  0x0000017dab2a0be8: bf20 0100 | 0000 0000 | 0075 1748 | 89b7 2001 | 0000 48c7 | 8728 0100 | 0001 0000 | 00e9 2c00 
  0x0000017dab2a0c08: 0000 4881 | bf30 0100 | 0000 0000 | 0075 1748 | 89b7 3001 | 0000 48c7 | 8738 0100 | 0001 0000 
  0x0000017dab2a0c28: 00e9 0800 | 0000 4883 | 8710 0100 | 0001 498b | f04c 8bc6 | 488b fa48 | 8bd7 0f1f 

  0x0000017dab2a0c44: ;   {optimized virtual_call}
  0x0000017dab2a0c44: 4400 00e8 

  0x0000017dab2a0c48: ; ImmutableOopMap {[80]=Oop [88]=Oop }
                      ;*invokevirtual getClassLoadingLock {reexecute=0 rethrow=0 return_oop=0}
                      ; - java.lang.ClassLoader::loadClass@2
  0x0000017dab2a0c48: 9472 faff | 4889 4424 | 6848 8d94 | 24a0 0000 | 0048 8bf0 | 4889 7208 

  0x0000017dab2a0c60: ; implicit exception: dispatches to 0x0000017dab2a1506
  0x0000017dab2a0c60: 488b 0648 | 83c8 0148 | 8902 f048 | 0fb1 160f | 8413 0000 | 0048 2bc4 | 4881 e007 | f0ff ff48 
  0x0000017dab2a0c80: 8902 0f85 | 8308 0000 | 488b 5424 

  0x0000017dab2a0c8c: ;   {metadata(method data for {method} {0x0000017dbd01d4a8} 'loadClass' '(Ljava/lang/String;Z)Ljava/lang/Class;' in 'java/lang/ClassLoader')}
  0x0000017dab2a0c8c: 5048 be68 | 1e9b bd7d | 0100 0048 | 8386 4801 

  0x0000017dab2a0c9c: ;   {metadata(method data for {method} {0x0000017dbd01e5d8} 'findLoadedClass' '(Ljava/lang/String;)Ljava/lang/Class;' in 'java/lang/ClassLoader')}
  0x0000017dab2a0c9c: 0000 0148 | bac0 787d | bd7d 0100 | 008b b2cc | 0000 0083 | c602 89b2 | cc00 0000 | 81e6 feff 
  0x0000017dab2a0cbc: 1f00 83fe | 000f 8457 

  0x0000017dab2a0cc4: ;   {metadata(method data for {method} {0x0000017dbd01e5d8} 'findLoadedClass' '(Ljava/lang/String;)Ljava/lang/Class;' in 'java/lang/ClassLoader')}
  0x0000017dab2a0cc4: 0800 0048 | bac0 787d | bd7d 0100 | 0048 8382 | 1001 0000 | 0148 8b54 

  0x0000017dab2a0cdc: ;   {static_call}
  0x0000017dab2a0cdc: 2458 90e8 

  0x0000017dab2a0ce0: ; ImmutableOopMap {[80]=Oop [88]=Oop [104]=Oop [168]=Oop }
                      ;*invokestatic checkName {reexecute=0 rethrow=0 return_oop=0}
                      ; - java.lang.ClassLoader::findLoadedClass@1
                      ; - java.lang.ClassLoader::loadClass@10
  0x0000017dab2a0ce0: fcbd eeff 

  0x0000017dab2a0ce4: ;   {metadata(method data for {method} {0x0000017dbd01e5d8} 'findLoadedClass' '(Ljava/lang/String;)Ljava/lang/Class;' in 'java/lang/ClassLoader')}
  0x0000017dab2a0ce4: 83f8 0049 | b8c0 787d | bd7d 0100 | 0048 ba20 | 0100 0000 | 0000 000f | 850a 0000 | 0048 ba30 
  0x0000017dab2a0d04: 0100 0000 | 0000 0049 | 8b34 1048 | 8d76 0149 | 8934 100f | 850f 0000 

  0x0000017dab2a0d1c: ;   {oop(NULL)}
  0x0000017dab2a0d1c: 0048 be00 | 0000 0000 | 0000 00e9 | 2b00 0000 | 488b 5424 

  0x0000017dab2a0d30: ;   {metadata(method data for {method} {0x0000017dbd01e5d8} 'findLoadedClass' '(Ljava/lang/String;)Ljava/lang/Class;' in 'java/lang/ClassLoader')}
  0x0000017dab2a0d30: 5049 b8c0 | 787d bd7d | 0100 0049 | 8380 4001 | 0000 014c | 8b44 2458 | 488b 5424 

  0x0000017dab2a0d4c: ;   {optimized virtual_call}
  0x0000017dab2a0d4c: 5066 90e8 

  0x0000017dab2a0d50: ; ImmutableOopMap {[80]=Oop [88]=Oop [104]=Oop [168]=Oop }
                      ;*invokevirtual findLoadedClass0 {reexecute=0 rethrow=0 return_oop=0}
                      ; - java.lang.ClassLoader::findLoadedClass@11
                      ; - java.lang.ClassLoader::loadClass@10
  0x0000017dab2a0d50: 6484 9807 | 488b f048 

  0x0000017dab2a0d58: ;   {metadata(method data for {method} {0x0000017dbd01d4a8} 'loadClass' '(Ljava/lang/String;Z)Ljava/lang/Class;' in 'java/lang/ClassLoader')}
  0x0000017dab2a0d58: 83fe 0048 | bf68 1e9b | bd7d 0100 | 0048 bb80 | 0100 0000 | 0000 000f | 850a 0000 | 0048 bb90 
  0x0000017dab2a0d78: 0100 0000 | 0000 0048 | 8b04 1f48 | 8d40 0148 | 8904 1f0f | 857b 0500 | 0048 8974 

  0x0000017dab2a0d94: ;   {metadata(method data for {method} {0x0000017dbd01d4a8} 'loadClass' '(Ljava/lang/String;Z)Ljava/lang/Class;' in 'java/lang/ClassLoader')}
  0x0000017dab2a0d94: 2470 48bf | 681e 9bbd | 7d01 0000 | 4883 87a0 | 0100 0001 

  0x0000017dab2a0da8: ;   {runtime_call}
  0x0000017dab2a0da8: 49ba e087 | f979 fd7f | 0000 41ff | d248 8944 | 2478 488b | 5424 508b | 7218 4883 

  0x0000017dab2a0dc4: ;   {metadata(method data for {method} {0x0000017dbd01d4a8} 'loadClass' '(Ljava/lang/String;Z)Ljava/lang/Class;' in 'java/lang/ClassLoader')}
  0x0000017dab2a0dc4: fe00 49b8 | 681e 9bbd | 7d01 0000 | 49b9 b001 | 0000 0000 | 0000 0f84 | 0a00 0000 | 49b9 c001 
  0x0000017dab2a0de4: 0000 0000 | 0000 4b8b | 3c08 488d | 7f01 4b89 | 3c08 0f84 | cd00 0000 

  0x0000017dab2a0dfc: ; implicit exception: dispatches to 0x0000017dab2a153f
  0x0000017dab2a0dfc: 483b 064c 

  0x0000017dab2a0e00: ;   {metadata(method data for {method} {0x0000017dbd01d4a8} 'loadClass' '(Ljava/lang/String;Z)Ljava/lang/Class;' in 'java/lang/ClassLoader')}
  0x0000017dab2a0e00: 8bc6 49b9 | 681e 9bbd | 7d01 0000 | 458b 4008 | 49c1 e003 | 4d3b 81e0 | 0100 0075 | 0d49 8381 
  0x0000017dab2a0e20: e801 0000 | 01e9 6600 | 0000 4d3b | 81f0 0100 | 0075 0d49 | 8381 f801 | 0000 01e9 | 5000 0000 
  0x0000017dab2a0e40: 4981 b9e0 | 0100 0000 | 0000 0075 | 174d 8981 | e001 0000 | 49c7 81e8 | 0100 0001 | 0000 00e9 
  0x0000017dab2a0e60: 2c00 0000 | 4981 b9f0 | 0100 0000 | 0000 0075 | 174d 8981 | f001 0000 | 49c7 81f8 | 0100 0001 
  0x0000017dab2a0e80: 0000 00e9 | 0800 0000 | 4983 81d0 | 0100 0001 | 4c8b 4424 | 5841 b900 | 0000 0048 | 8bd6 0f1f 
  0x0000017dab2a0ea0: 8000 0000 | 0048 b830 | 1805 0001 

  0x0000017dab2a0eac: ;   {virtual_call}
  0x0000017dab2a0eac: 0000 00e8 

  0x0000017dab2a0eb0: ; ImmutableOopMap {[104]=Oop [88]=Oop [112]=Oop [80]=Oop [168]=Oop }
                      ;*invokevirtual loadClass {reexecute=0 rethrow=0 return_oop=0}
                      ; - java.lang.ClassLoader::loadClass@38
  0x0000017dab2a0eb0: 8c90 fdff 

  0x0000017dab2a0eb4: ;   {metadata(method data for {method} {0x0000017dbd01d4a8} 'loadClass' '(Ljava/lang/String;Z)Ljava/lang/Class;' in 'java/lang/ClassLoader')}
  0x0000017dab2a0eb4: 48ba 681e | 9bbd 7d01 | 0000 ff82 | 0802 0000 | e9c9 0000 

  0x0000017dab2a0ec8: ;   {metadata(method data for {method} {0x0000017dbd01d4a8} 'loadClass' '(Ljava/lang/String;Z)Ljava/lang/Class;' in 'java/lang/ClassLoader')}
  0x0000017dab2a0ec8: 0048 ba68 | 1e9b bd7d | 0100 0048 | 8382 2002 

  0x0000017dab2a0ed8: ;   {metadata(method data for {method} {0x0000017dbd01e498} 'findBootstrapClassOrNull' '(Ljava/lang/String;)Ljava/lang/Class;' in 'java/lang/ClassLoader')}
  0x0000017dab2a0ed8: 0000 0148 | bab8 7d9a | bd7d 0100 | 008b b2cc | 0000 0083 | c602 89b2 | cc00 0000 | 81e6 feff 
  0x0000017dab2a0ef8: 1f00 83fe | 000f 8441 

  0x0000017dab2a0f00: ;   {metadata(method data for {method} {0x0000017dbd01e498} 'findBootstrapClassOrNull' '(Ljava/lang/String;)Ljava/lang/Class;' in 'java/lang/ClassLoader')}
  0x0000017dab2a0f00: 0600 0048 | bab8 7d9a | bd7d 0100 | 0048 8382 | 1001 0000 | 0148 8b54 | 2458 0f1f 

  0x0000017dab2a0f1c: ;   {static_call}
  0x0000017dab2a0f1c: 4400 00e8 

  0x0000017dab2a0f20: ; ImmutableOopMap {[104]=Oop [88]=Oop [112]=Oop [80]=Oop [168]=Oop }
                      ;*invokestatic checkName {reexecute=0 rethrow=0 return_oop=0}
                      ; - java.lang.ClassLoader::findBootstrapClassOrNull@1
                      ; - java.lang.ClassLoader::loadClass@47
  0x0000017dab2a0f20: dc16 4007 

  0x0000017dab2a0f24: ;   {metadata(method data for {method} {0x0000017dbd01e498} 'findBootstrapClassOrNull' '(Ljava/lang/String;)Ljava/lang/Class;' in 'java/lang/ClassLoader')}
  0x0000017dab2a0f24: 83f8 0048 | bab8 7d9a | bd7d 0100 | 0048 be20 | 0100 0000 | 0000 000f | 850a 0000 | 0048 be30 
  0x0000017dab2a0f44: 0100 0000 | 0000 0048 | 8b3c 3248 | 8d7f 0148 | 893c 320f | 850f 0000 

  0x0000017dab2a0f5c: ;   {oop(NULL)}
  0x0000017dab2a0f5c: 0048 be00 | 0000 0000 | 0000 00e9 | 2300 0000 

  0x0000017dab2a0f6c: ;   {metadata(method data for {method} {0x0000017dbd01e498} 'findBootstrapClassOrNull' '(Ljava/lang/String;)Ljava/lang/Class;' in 'java/lang/ClassLoader')}
  0x0000017dab2a0f6c: 48ba b87d | 9abd 7d01 | 0000 4883 | 8240 0100 | 0001 488b | 5424 580f 

  0x0000017dab2a0f84: ;   {static_call}
  0x0000017dab2a0f84: 1f40 00e8 

  0x0000017dab2a0f88: ; ImmutableOopMap {[104]=Oop [88]=Oop [80]=Oop [112]=Oop [168]=Oop }
                      ;*invokestatic findBootstrapClass {reexecute=0 rethrow=0 return_oop=0}
                      ; - java.lang.ClassLoader::findBootstrapClassOrNull@10
                      ; - java.lang.ClassLoader::loadClass@47
  0x0000017dab2a0f88: 7416 4007 | 488b f048 

  0x0000017dab2a0f90: ;   {metadata(method data for {method} {0x0000017dbd01d4a8} 'loadClass' '(Ljava/lang/String;Z)Ljava/lang/Class;' in 'java/lang/ClassLoader')}
  0x0000017dab2a0f90: 8bc6 48be | 681e 9bbd | 7d01 0000 | ff86 3002 | 0000 e91e | 0000 0049 | 8b87 e003 | 0000 4d33 
  0x0000017dab2a0fb0: d24d 8997 | e003 0000 | 4d33 d24d | 8997 e803 | 0000 488b | c648 83f8 

  0x0000017dab2a0fc8: ;   {metadata(method data for {method} {0x0000017dbd01d4a8} 'loadClass' '(Ljava/lang/String;Z)Ljava/lang/Class;' in 'java/lang/ClassLoader')}
  0x0000017dab2a0fc8: 0048 be68 | 1e9b bd7d | 0100 0048 | bf58 0200 | 0000 0000 | 000f 840a | 0000 0048 | bf48 0200 
  0x0000017dab2a0fe8: 0000 0000 | 0048 8b1c | 3e48 8d5b | 0148 891c | 3e0f 8408 | 0000 0048 | 8bf0 e905 

  0x0000017dab2a1004: ;   {metadata(method data for {method} {0x0000017dbd01d4a8} 'loadClass' '(Ljava/lang/String;Z)Ljava/lang/Class;' in 'java/lang/ClassLoader')}
  0x0000017dab2a1004: 0300 0048 | be68 1e9b | bd7d 0100 | 0048 8386 | 6802 0000 

  0x0000017dab2a1018: ;   {runtime_call}
  0x0000017dab2a1018: 0149 bae0 | 87f9 79fd | 7f00 0041 | ffd2 488b 

  0x0000017dab2a1028: ;   {metadata(method data for {method} {0x0000017dbd01d4a8} 'loadClass' '(Ljava/lang/String;Z)Ljava/lang/Class;' in 'java/lang/ClassLoader')}
  0x0000017dab2a1028: 5424 5049 | b868 1e9b | bd7d 0100 | 008b 5208 | 48c1 e203 | 493b 9088 | 0200 0075 | 0d49 8380 
  0x0000017dab2a1048: 9002 0000 | 01e9 6600 | 0000 493b | 9098 0200 | 0075 0d49 | 8380 a002 | 0000 01e9 | 5000 0000 
  0x0000017dab2a1068: 4981 b888 | 0200 0000 | 0000 0075 | 1749 8990 | 8802 0000 | 49c7 8090 | 0200 0001 | 0000 00e9 
  0x0000017dab2a1088: 2c00 0000 | 4981 b898 | 0200 0000 | 0000 0075 | 1749 8990 | 9802 0000 | 49c7 80a0 | 0200 0001 
  0x0000017dab2a10a8: 0000 00e9 | 0800 0000 | 4983 8078 | 0200 0001 | 4c8b 4424 | 5848 8b54 | 2450 4889 | 8424 8000 
  0x0000017dab2a10c8: 0000 6666 | 9048 b8e0 | e0aa c27d 

  0x0000017dab2a10d4: ;   {virtual_call}
  0x0000017dab2a10d4: 0100 00e8 

  0x0000017dab2a10d8: ; ImmutableOopMap {[104]=Oop [80]=Oop [168]=Oop }
                      ;*invokevirtual findClass {reexecute=0 rethrow=0 return_oop=0}
                      ; - java.lang.ClassLoader::loadClass@69
  0x0000017dab2a10d8: 4c61 4007 

  0x0000017dab2a10dc: ;   {metadata(method data for {method} {0x0000017dbd01d4a8} 'loadClass' '(Ljava/lang/String;Z)Ljava/lang/Class;' in 'java/lang/ClassLoader')}
  0x0000017dab2a10dc: 49b8 681e | 9bbd 7d01 | 0000 4983 | 80b0 0200 

  0x0000017dab2a10ec: ;   {metadata(method data for {method} {0x0000017dbd5793c0} 'getParentDelegationTime' '()Ljdk/internal/perf/PerfCounter;' in 'jdk/internal/perf/PerfCounter')}
  0x0000017dab2a10ec: 0001 49b8 | 9822 9bbd | 7d01 0000 | 418b 90cc | 0000 0083 | c202 4189 | 90cc 0000 | 0081 e2fe 
  0x0000017dab2a110c: ff1f 0083 | fa00 0f84 | 4d04 0000 

  0x0000017dab2a1118: ;   {oop(a 'jdk/internal/perf/PerfCounter'{0x00000000ec529b28})}
  0x0000017dab2a1118: 48ba 289b | 52ec 0000 | 0000 4c8b 

  0x0000017dab2a1124: ;   {metadata(method data for {method} {0x0000017dbd01d4a8} 'loadClass' '(Ljava/lang/String;Z)Ljava/lang/Class;' in 'java/lang/ClassLoader')}
  0x0000017dab2a1124: c248 be68 | 1e9b bd7d 

  0x0000017dab2a112c: ;   {metadata('jdk/internal/perf/PerfCounter')}
  0x0000017dab2a112c: 0100 0049 | ba00 f800 | 0001 0000 | 004c 8996 | d002 0000 | 4883 86d8 | 0200 0001 | 4c8b 8424 
  0x0000017dab2a114c: 8000 0000 | 488b 7424 | 784c 2bc6 

  0x0000017dab2a1158: ;   {metadata(method data for {method} {0x0000017dbd579040} 'addTime' '(J)V' in 'jdk/internal/perf/PerfCounter')}
  0x0000017dab2a1158: 48be c023 | 9bbd 7d01 | 0000 8bbe | cc00 0000 | 83c7 0289 | becc 0000 | 0081 e7fe | ff1f 0083 
  0x0000017dab2a1178: ff00 0f84 | 0604 0000 

  0x0000017dab2a1180: ;   {metadata(method data for {method} {0x0000017dbd579040} 'addTime' '(J)V' in 'jdk/internal/perf/PerfCounter')}
  0x0000017dab2a1180: 488b f248 | bfc0 239b | bd7d 0100 

  0x0000017dab2a118c: ;   {metadata('jdk/internal/perf/PerfCounter')}
  0x0000017dab2a118c: 0049 ba00 | f800 0001 | 0000 004c | 8997 2001 | 0000 4883 | 8728 0100 | 0001 4889 | 8424 8800 
  0x0000017dab2a11ac: ;   {optimized virtual_call}
  0x0000017dab2a11ac: 0000 90e8 

  0x0000017dab2a11b0: ; ImmutableOopMap {[104]=Oop [80]=Oop [136]=Oop [168]=Oop }
                      ;*invokevirtual add {reexecute=0 rethrow=0 return_oop=0}
                      ; - jdk.internal.perf.PerfCounter::addTime@2
                      ; - java.lang.ClassLoader::loadClass@82
  0x0000017dab2a11b0: cce7 fdff 

  0x0000017dab2a11b4: ;   {metadata(method data for {method} {0x0000017dbd01d4a8} 'loadClass' '(Ljava/lang/String;Z)Ljava/lang/Class;' in 'java/lang/ClassLoader')}
  0x0000017dab2a11b4: 49b8 681e | 9bbd 7d01 | 0000 4983 | 80f8 0200 

  0x0000017dab2a11c4: ;   {metadata(method data for {method} {0x0000017dbd5792a0} 'getFindClassTime' '()Ljdk/internal/perf/PerfCounter;' in 'jdk/internal/perf/PerfCounter')}
  0x0000017dab2a11c4: 0001 49b8 | 5825 9bbd | 7d01 0000 | 418b 90cc | 0000 0083 | c202 4189 | 90cc 0000 | 0081 e2fe 
  0x0000017dab2a11e4: ff1f 0083 | fa00 0f84 | b703 0000 

  0x0000017dab2a11f0: ;   {oop(a 'jdk/internal/perf/PerfCounter'{0x00000000ec529a08})}
  0x0000017dab2a11f0: 48ba 089a | 52ec 0000 | 0000 4c8b 

  0x0000017dab2a11fc: ;   {metadata(method data for {method} {0x0000017dbd01d4a8} 'loadClass' '(Ljava/lang/String;Z)Ljava/lang/Class;' in 'java/lang/ClassLoader')}
  0x0000017dab2a11fc: c248 be68 | 1e9b bd7d 

  0x0000017dab2a1204: ;   {metadata('jdk/internal/perf/PerfCounter')}
  0x0000017dab2a1204: 0100 0049 | ba00 f800 | 0001 0000 | 004c 8996 | 1803 0000 | 4883 8620 | 0300 0001 | 4c8b 8424 
  0x0000017dab2a1224: 8000 0000 | 0f1f 8000 

  0x0000017dab2a122c: ;   {optimized virtual_call}
  0x0000017dab2a122c: 0000 00e8 

  0x0000017dab2a1230: ; ImmutableOopMap {[104]=Oop [80]=Oop [136]=Oop [168]=Oop }
                      ;*invokevirtual addElapsedTimeFrom {reexecute=0 rethrow=0 return_oop=0}
                      ; - java.lang.ClassLoader::loadClass@90
  0x0000017dab2a1230: aca3 0300 

  0x0000017dab2a1234: ;   {metadata(method data for {method} {0x0000017dbd01d4a8} 'loadClass' '(Ljava/lang/String;Z)Ljava/lang/Class;' in 'java/lang/ClassLoader')}
  0x0000017dab2a1234: 49b8 681e | 9bbd 7d01 | 0000 4983 | 8040 0300 

  0x0000017dab2a1244: ;   {metadata(method data for {method} {0x0000017dbd579210} 'getFindClasses' '()Ljdk/internal/perf/PerfCounter;' in 'jdk/internal/perf/PerfCounter')}
  0x0000017dab2a1244: 0001 49b8 | 2828 9bbd | 7d01 0000 | 418b 90cc | 0000 0083 | c202 4189 | 90cc 0000 | 0081 e2fe 
  0x0000017dab2a1264: ff1f 0083 | fa00 0f84 | 5803 0000 

  0x0000017dab2a1270: ;   {oop(a 'jdk/internal/perf/PerfCounter'{0x00000000ec529a98})}
  0x0000017dab2a1270: 48ba 989a | 52ec 0000 | 0000 4c8b 

  0x0000017dab2a127c: ;   {metadata(method data for {method} {0x0000017dbd01d4a8} 'loadClass' '(Ljava/lang/String;Z)Ljava/lang/Class;' in 'java/lang/ClassLoader')}
  0x0000017dab2a127c: c248 be68 | 1e9b bd7d 

  0x0000017dab2a1284: ;   {metadata('jdk/internal/perf/PerfCounter')}
  0x0000017dab2a1284: 0100 0049 | ba00 f800 | 0001 0000 | 004c 8996 | 6003 0000 | 4883 8668 | 0300 0001 

  0x0000017dab2a12a0: ;   {metadata(method data for {method} {0x0000017dbd578fb0} 'increment' '()V' in 'jdk/internal/perf/PerfCounter')}
  0x0000017dab2a12a0: 49b8 5029 | 9bbd 7d01 | 0000 418b | b0cc 0000 | 0083 c602 | 4189 b0cc | 0000 0081 | e6fe ff1f 
  0x0000017dab2a12c0: 0083 fe00 | 0f84 1f03 | 0000 4c8b 

  0x0000017dab2a12cc: ;   {metadata(method data for {method} {0x0000017dbd578fb0} 'increment' '()V' in 'jdk/internal/perf/PerfCounter')}
  0x0000017dab2a12cc: c248 be50 | 299b bd7d 

  0x0000017dab2a12d4: ;   {metadata('jdk/internal/perf/PerfCounter')}
  0x0000017dab2a12d4: 0100 0049 | ba00 f800 | 0001 0000 | 004c 8996 | 2001 0000 | 4883 8628 | 0100 0001 | 49b8 0100 
  0x0000017dab2a12f4: 0000 0000 | 0000 0f1f 

  0x0000017dab2a12fc: ;   {optimized virtual_call}
  0x0000017dab2a12fc: 4400 00e8 

  0x0000017dab2a1300: ; ImmutableOopMap {[104]=Oop [80]=Oop [136]=Oop [168]=Oop }
                      ;*invokevirtual add {reexecute=0 rethrow=0 return_oop=0}
                      ; - jdk.internal.perf.PerfCounter::increment@2
                      ; - java.lang.ClassLoader::loadClass@96
  0x0000017dab2a1300: 7ce6 fdff | 488b b424 | 8800 0000 | 448b 4c24 | 6041 83f9 

  0x0000017dab2a1314: ;   {metadata(method data for {method} {0x0000017dbd01d4a8} 'loadClass' '(Ljava/lang/String;Z)Ljava/lang/Class;' in 'java/lang/ClassLoader')}
  0x0000017dab2a1314: 0048 b868 | 1e9b bd7d | 0100 0048 | ba88 0300 | 0000 0000 | 000f 840a | 0000 0048 | ba98 0300 
  0x0000017dab2a1334: 0000 0000 | 0048 8b3c | 1048 8d7f | 0148 893c | 100f 8479 | 0000 0048 | 8b54 2450 

  0x0000017dab2a1350: ;   {metadata(method data for {method} {0x0000017dbd01d4a8} 'loadClass' '(Ljava/lang/String;Z)Ljava/lang/Class;' in 'java/lang/ClassLoader')}
  0x0000017dab2a1350: 48b8 681e | 9bbd 7d01 | 0000 4883 | 80a8 0300 

  0x0000017dab2a1360: ;   {metadata(method data for {method} {0x0000017dbd01e368} 'resolveClass' '(Ljava/lang/Class;)V' in 'java/lang/ClassLoader')}
  0x0000017dab2a1360: 0001 48b8 | f8b7 99bd | 7d01 0000 | 8b90 cc00 | 0000 83c2 | 0289 90cc | 0000 0081 | e2fe ff1f 
  0x0000017dab2a1380: 0083 fa00 | 0f84 8002 | 0000 4883 

  0x0000017dab2a138c: ;   {metadata(method data for {method} {0x0000017dbd01e368} 'resolveClass' '(Ljava/lang/Class;)V' in 'java/lang/ClassLoader')}
  0x0000017dab2a138c: fe00 48b8 | f8b7 99bd | 7d01 0000 | 48ba 2001 | 0000 0000 | 0000 0f84 | 0a00 0000 | 48ba 1001 
  0x0000017dab2a13ac: 0000 0000 | 0000 488b | 3c10 488d | 7f01 4889 | 3c10 0f84 | 3c00 0000 | 488d 8424 | a000 0000 
  0x0000017dab2a13cc: 488b 1048 | 85d2 0f84 | 0f00 0000 | 488b 7808 | f048 0fb1 | 170f 8544 | 0200 0048 | 8bc6 4881 
  0x0000017dab2a13ec: c4c0 0000 

  0x0000017dab2a13f0: ;   {poll_return}
  0x0000017dab2a13f0: 005d 493b | a750 0300 | 000f 8742 | 0200 00c3 | 4889 b424 | 9800 0000 

  0x0000017dab2a1408: ;   {no_reloc}
  0x0000017dab2a1408: e959 0200 | 0000 0000 | 0000 498b | 8708 0100 | 0048 8d78 | 3049 3bbf | 1801 0000 | 0f87 4602 
  0x0000017dab2a1428: 0000 4989 | bf08 0100 | 0048 c700 | 0100 0000 | 488b ca48 | c1e9 0389 | 4808 4833 | c989 480c 
  0x0000017dab2a1448: 4833 c948 | 8948 1048 | 8948 1848 | 8948 2048 | 8948 2848 

  0x0000017dab2a145c: ;   {metadata(method data for {method} {0x0000017dbd01e368} 'resolveClass' '(Ljava/lang/Class;)V' in 'java/lang/ClassLoader')}
  0x0000017dab2a145c: 8bd0 48be | f8b7 99bd | 7d01 0000 | 4883 8630 | 0100 0001 | 488b d048 | 8984 2490 | 0000 000f 
  0x0000017dab2a147c: ;   {optimized virtual_call}
  0x0000017dab2a147c: 1f40 00e8 

  0x0000017dab2a1480: ; ImmutableOopMap {[104]=Oop [144]=Oop [152]=Oop [168]=Oop }
                      ;*invokespecial <init> {reexecute=0 rethrow=0 return_oop=0}
                      ; - java.lang.ClassLoader::resolveClass@8
                      ; - java.lang.ClassLoader::loadClass@106
  0x0000017dab2a1480: 7c06 4007 | 488b 8424 

  0x0000017dab2a1488: ; ImmutableOopMap {[104]=Oop [152]=Oop [168]=Oop rax=Oop }
                      ;*athrow {reexecute=1 rethrow=0 return_oop=0}
                      ; - (reexecute) java.lang.ClassLoader::resolveClass@11
                      ; - java.lang.ClassLoader::loadClass@106
  0x0000017dab2a1488: 9000 0000 

  0x0000017dab2a148c: ;   {section_word}
  0x0000017dab2a148c: 48ba 8c14 | 2aab 7d01 

  0x0000017dab2a1494: ;   {runtime_call handle_exception_nofpu Runtime1 stub}
  0x0000017dab2a1494: 0000 e865 | 4f4a 0790 | 498b 87e0 | 0300 004d | 33d2 4d89 | 97e0 0300 | 004d 33d2 | 4d89 97e8 
  0x0000017dab2a14b4: 0300 0048 | 8bf0 488d | 8424 a000 | 0000 488b | 3848 85ff | 0f84 0f00 | 0000 488b | 5808 f048 
  0x0000017dab2a14d4: 0fb1 3b0f | 85a0 0100 | 0048 8bc6 | e9f5 0100 

  0x0000017dab2a14e4: ;   {metadata({method} {0x0000017dbd01d4a8} 'loadClass' '(Ljava/lang/String;Z)Ljava/lang/Class;' in 'java/lang/ClassLoader')}
  0x0000017dab2a14e4: 0049 baa0 | d401 bd7d | 0100 004c | 8954 2408 | 48c7 0424 | ffff ffff 

  0x0000017dab2a14fc: ;   {runtime_call counter_overflow Runtime1 stub}
  0x0000017dab2a14fc: e87f 9b4a 

  0x0000017dab2a1500: ; ImmutableOopMap {rdx=Oop [80]=Oop r8=Oop [88]=Oop }
                      ;*synchronization entry
                      ; - java.lang.ClassLoader::loadClass@-1
  0x0000017dab2a1500: 07e9 9bf6 

  0x0000017dab2a1504: ;   {runtime_call throw_null_pointer_exception Runtime1 stub}
  0x0000017dab2a1504: ffff e815 

  0x0000017dab2a1508: ; ImmutableOopMap {[80]=Oop [88]=Oop rsi=Oop [104]=Oop }
                      ;*monitorenter {reexecute=0 rethrow=0 return_oop=0}
                      ; - java.lang.ClassLoader::loadClass@7
  0x0000017dab2a1508: 2d4a 0748 | 8974 2408 | 4889 1424 

  0x0000017dab2a1514: ;   {runtime_call monitorenter_nofpu Runtime1 stub}
  0x0000017dab2a1514: e867 714a 

  0x0000017dab2a1518: ; ImmutableOopMap {[80]=Oop [88]=Oop rsi=Oop [104]=Oop [168]=Oop }
                      ;*monitorenter {reexecute=0 rethrow=0 return_oop=0}
                      ; - java.lang.ClassLoader::loadClass@7
  0x0000017dab2a1518: 07e9 6af7 

  0x0000017dab2a151c: ;   {metadata({method} {0x0000017dbd01e5d8} 'findLoadedClass' '(Ljava/lang/String;)Ljava/lang/Class;' in 'java/lang/ClassLoader')}
  0x0000017dab2a151c: ffff 49ba | d0e5 01bd | 7d01 0000 | 4c89 5424 | 0848 c704 | 24ff ffff 

  0x0000017dab2a1534: ;   {runtime_call counter_overflow Runtime1 stub}
  0x0000017dab2a1534: ffe8 469b 

  0x0000017dab2a1538: ; ImmutableOopMap {[80]=Oop [88]=Oop [104]=Oop [168]=Oop }
                      ;*synchronization entry
                      ; - java.lang.ClassLoader::findLoadedClass@-1
                      ; - java.lang.ClassLoader::loadClass@10
  0x0000017dab2a1538: 4a07 e988 

  0x0000017dab2a153c: ;   {runtime_call throw_null_pointer_exception Runtime1 stub}
  0x0000017dab2a153c: f7ff ffe8 

  0x0000017dab2a1540: ; ImmutableOopMap {[104]=Oop [88]=Oop [112]=Oop rsi=Oop [80]=Oop [168]=Oop }
                      ;*invokevirtual loadClass {reexecute=0 rethrow=0 return_oop=0}
                      ; - java.lang.ClassLoader::loadClass@38
  0x0000017dab2a1540: dc2c 4a07 

  0x0000017dab2a1544: ;   {metadata({method} {0x0000017dbd01e498} 'findBootstrapClassOrNull' '(Ljava/lang/String;)Ljava/lang/Class;' in 'java/lang/ClassLoader')}
  0x0000017dab2a1544: 49ba 90e4 | 01bd 7d01 | 0000 4c89 | 5424 0848 | c704 24ff 

  0x0000017dab2a1558: ;   {runtime_call counter_overflow Runtime1 stub}
  0x0000017dab2a1558: ffff ffe8 

  0x0000017dab2a155c: ; ImmutableOopMap {[104]=Oop [88]=Oop [112]=Oop [80]=Oop [168]=Oop }
                      ;*synchronization entry
                      ; - java.lang.ClassLoader::findBootstrapClassOrNull@-1
                      ; - java.lang.ClassLoader::loadClass@47
  0x0000017dab2a155c: 209b 4a07 | e99e f9ff 

  0x0000017dab2a1564: ;   {metadata({method} {0x0000017dbd5793c0} 'getParentDelegationTime' '()Ljdk/internal/perf/PerfCounter;' in 'jdk/internal/perf/PerfCounter')}
  0x0000017dab2a1564: ff49 bab8 | 9357 bd7d | 0100 004c | 8954 2408 | 48c7 0424 | ffff ffff 

  0x0000017dab2a157c: ;   {runtime_call counter_overflow Runtime1 stub}
  0x0000017dab2a157c: e8ff 9a4a 

  0x0000017dab2a1580: ; ImmutableOopMap {[104]=Oop [80]=Oop rax=Oop [168]=Oop }
                      ;*synchronization entry
                      ; - jdk.internal.perf.PerfCounter::getParentDelegationTime@-1
                      ; - java.lang.ClassLoader::loadClass@74
  0x0000017dab2a1580: 07e9 92fb 

  0x0000017dab2a1584: ;   {metadata({method} {0x0000017dbd579040} 'addTime' '(J)V' in 'jdk/internal/perf/PerfCounter')}
  0x0000017dab2a1584: ffff 49ba | 3890 57bd | 7d01 0000 | 4c89 5424 | 0848 c704 | 24ff ffff 

  0x0000017dab2a159c: ;   {runtime_call counter_overflow Runtime1 stub}
  0x0000017dab2a159c: ffe8 de9a 

  0x0000017dab2a15a0: ; ImmutableOopMap {[104]=Oop [80]=Oop rax=Oop rdx=Oop [168]=Oop }
                      ;*synchronization entry
                      ; - jdk.internal.perf.PerfCounter::addTime@-1
                      ; - java.lang.ClassLoader::loadClass@82
  0x0000017dab2a15a0: 4a07 e9d9 

  0x0000017dab2a15a4: ;   {metadata({method} {0x0000017dbd5792a0} 'getFindClassTime' '()Ljdk/internal/perf/PerfCounter;' in 'jdk/internal/perf/PerfCounter')}
  0x0000017dab2a15a4: fbff ff49 | ba98 9257 | bd7d 0100 | 004c 8954 | 2408 48c7 | 0424 ffff 

  0x0000017dab2a15bc: ;   {runtime_call counter_overflow Runtime1 stub}
  0x0000017dab2a15bc: ffff e8bd 

  0x0000017dab2a15c0: ; ImmutableOopMap {[104]=Oop [80]=Oop [136]=Oop [168]=Oop }
                      ;*synchronization entry
                      ; - jdk.internal.perf.PerfCounter::getFindClassTime@-1
                      ; - java.lang.ClassLoader::loadClass@85
  0x0000017dab2a15c0: 9a4a 07e9 | 28fc ffff 

  0x0000017dab2a15c8: ;   {metadata({method} {0x0000017dbd579210} 'getFindClasses' '()Ljdk/internal/perf/PerfCounter;' in 'jdk/internal/perf/PerfCounter')}
  0x0000017dab2a15c8: 49ba 0892 | 57bd 7d01 | 0000 4c89 | 5424 0848 | c704 24ff 

  0x0000017dab2a15dc: ;   {runtime_call counter_overflow Runtime1 stub}
  0x0000017dab2a15dc: ffff ffe8 

  0x0000017dab2a15e0: ; ImmutableOopMap {[104]=Oop [80]=Oop [136]=Oop [168]=Oop }
                      ;*synchronization entry
                      ; - jdk.internal.perf.PerfCounter::getFindClasses@-1
                      ; - java.lang.ClassLoader::loadClass@93
  0x0000017dab2a15e0: 9c9a 4a07 | e987 fcff 

  0x0000017dab2a15e8: ;   {metadata({method} {0x0000017dbd578fb0} 'increment' '()V' in 'jdk/internal/perf/PerfCounter')}
  0x0000017dab2a15e8: ff49 baa8 | 8f57 bd7d | 0100 004c | 8954 2408 | 48c7 0424 | ffff ffff 

  0x0000017dab2a1600: ;   {runtime_call counter_overflow Runtime1 stub}
  0x0000017dab2a1600: e87b 9a4a 

  0x0000017dab2a1604: ; ImmutableOopMap {[104]=Oop [80]=Oop [136]=Oop rdx=Oop [168]=Oop }
                      ;*synchronization entry
                      ; - jdk.internal.perf.PerfCounter::increment@-1
                      ; - java.lang.ClassLoader::loadClass@96
  0x0000017dab2a1604: 07e9 c0fc 

  0x0000017dab2a1608: ;   {metadata({method} {0x0000017dbd01e368} 'resolveClass' '(Ljava/lang/Class;)V' in 'java/lang/ClassLoader')}
  0x0000017dab2a1608: ffff 49ba | 60e3 01bd | 7d01 0000 | 4c89 5424 | 0848 c704 | 24ff ffff 

  0x0000017dab2a1620: ;   {runtime_call counter_overflow Runtime1 stub}
  0x0000017dab2a1620: ffe8 5a9a 

  0x0000017dab2a1624: ; ImmutableOopMap {rsi=Oop [104]=Oop [168]=Oop }
                      ;*synchronization entry
                      ; - java.lang.ClassLoader::resolveClass@-1
                      ; - java.lang.ClassLoader::loadClass@106
  0x0000017dab2a1624: 4a07 e95f | fdff ff48 | 8d84 24a0 | 0000 0048 

  0x0000017dab2a1634: ;   {runtime_call monitorexit_nofpu Runtime1 stub}
  0x0000017dab2a1634: 8904 24e8 | c476 4a07 | e9a6 fdff 

  0x0000017dab2a1640: ;   {internal_word}
  0x0000017dab2a1640: ff49 baf2 | 132a ab7d | 0100 004d | 8997 6803 

  0x0000017dab2a1650: ;   {runtime_call SafepointBlob}
  0x0000017dab2a1650: 0000 e929 

  0x0000017dab2a1654: ;   {metadata(NULL)}
  0x0000017dab2a1654: 7640 0748 | ba00 0000 | 0000 0000 | 00b8 000f 

  0x0000017dab2a1664: ;   {runtime_call load_klass_patching Runtime1 stub}
  0x0000017dab2a1664: 050a e895 

  0x0000017dab2a1668: ; ImmutableOopMap {[152]=Oop [104]=Oop [168]=Oop }
                      ;*new {reexecute=1 rethrow=0 return_oop=0}
                      ; - (reexecute) java.lang.ClassLoader::resolveClass@4
                      ; - java.lang.ClassLoader::loadClass@106
  0x0000017dab2a1668: 834a 07e9 | 98fd ffff 

  0x0000017dab2a1670: ;   {runtime_call fast_new_instance Runtime1 stub}
  0x0000017dab2a1670: 488b d2e8 

  0x0000017dab2a1674: ; ImmutableOopMap {[152]=Oop [104]=Oop [168]=Oop }
                      ;*new {reexecute=0 rethrow=0 return_oop=0}
                      ; - java.lang.ClassLoader::resolveClass@4
                      ; - java.lang.ClassLoader::loadClass@106
  0x0000017dab2a1674: 8836 4a07 | e9de fdff | ff48 8d84 | 24a0 0000 | 0048 8904 

  0x0000017dab2a1688: ;   {runtime_call monitorexit_nofpu Runtime1 stub}
  0x0000017dab2a1688: 24e8 7276 | 4a07 e94a | feff ff48 | 8b74 2470 | e90a f9ff | ff48 8b74 | 2470 e900 | f9ff ff48 
  0x0000017dab2a16a8: 8b74 2470 | e9f6 f8ff | ff48 8b74 | 2470 e9ec | f8ff ff90 | 9049 8b87 | e003 0000 | 49c7 87e0 
  0x0000017dab2a16c8: 0300 0000 | 0000 0049 | c787 e803 | 0000 0000 | 0000 4881 | c4c0 0000 

  0x0000017dab2a16e0: ;   {runtime_call unwind_exception Runtime1 stub}
  0x0000017dab2a16e0: 005d e919 | 4b41 07f4 | f4f4 f4f4 | f4f4 f4f4 | f4f4 f4f4 | f4f4 f4f4 | f4f4 f4f4 | f4f4 f4f4 
[Stub Code]
  0x0000017dab2a1700: ;   {no_reloc}
  0x0000017dab2a1700: 0f1f 4400 

  0x0000017dab2a1704: ;   {static_stub}
  0x0000017dab2a1704: 0048 bb00 | 0000 0000 

  0x0000017dab2a170c: ;   {runtime_call}
  0x0000017dab2a170c: 0000 00e9 | fbff ffff 

  0x0000017dab2a1714: ;   {static_stub}
  0x0000017dab2a1714: 9048 bb00 | 0000 0000 

  0x0000017dab2a171c: ;   {runtime_call}
  0x0000017dab2a171c: 0000 00e9 | fbff ffff 

  0x0000017dab2a1724: ;   {static_stub}
  0x0000017dab2a1724: 9048 bb00 | 0000 0000 

  0x0000017dab2a172c: ;   {runtime_call}
  0x0000017dab2a172c: 0000 00e9 | fbff ffff 

  0x0000017dab2a1734: ;   {static_stub}
  0x0000017dab2a1734: 9048 bb00 | 0000 0000 

  0x0000017dab2a173c: ;   {runtime_call}
  0x0000017dab2a173c: 0000 00e9 | fbff ffff 

  0x0000017dab2a1744: ;   {static_stub}
  0x0000017dab2a1744: 9048 bb00 | 0000 0000 

  0x0000017dab2a174c: ;   {runtime_call}
  0x0000017dab2a174c: 0000 00e9 | fbff ffff 

  0x0000017dab2a1754: ;   {static_stub}
  0x0000017dab2a1754: 9048 bb00 | 0000 0000 

  0x0000017dab2a175c: ;   {runtime_call}
  0x0000017dab2a175c: 0000 00e9 | fbff ffff 

  0x0000017dab2a1764: ;   {static_stub}
  0x0000017dab2a1764: 9048 bb00 | 0000 0000 

  0x0000017dab2a176c: ;   {runtime_call}
  0x0000017dab2a176c: 0000 00e9 | fbff ffff 

  0x0000017dab2a1774: ;   {static_stub}
  0x0000017dab2a1774: 9048 bb00 | 0000 0000 

  0x0000017dab2a177c: ;   {runtime_call}
  0x0000017dab2a177c: 0000 00e9 | fbff ffff 

  0x0000017dab2a1784: ;   {static_stub}
  0x0000017dab2a1784: 9048 bbd0 | 9057 bd7d 

  0x0000017dab2a178c: ;   {runtime_call I2C/C2I adapters}
  0x0000017dab2a178c: 0100 00e9 | 4064 4007 

  0x0000017dab2a1794: ;   {static_stub}
  0x0000017dab2a1794: 9048 bb00 | 0000 0000 

  0x0000017dab2a179c: ;   {runtime_call}
  0x0000017dab2a179c: 0000 00e9 | fbff ffff 

  0x0000017dab2a17a4: ;   {static_stub}
  0x0000017dab2a17a4: 9048 bb00 | 0000 0000 

  0x0000017dab2a17ac: ;   {runtime_call}
  0x0000017dab2a17ac: 0000 00e9 | fbff ffff 
[Exception Handler]
  0x0000017dab2a17b4: ;   {runtime_call handle_exception_from_callee Runtime1 stub}
  0x0000017dab2a17b4: e847 594a 

  0x0000017dab2a17b8: ;   {external_word}
  0x0000017dab2a17b8: 0748 b940 | 9a24 7afd | 7f00 0048 

  0x0000017dab2a17c4: ;   {runtime_call}
  0x0000017dab2a17c4: 83e4 f049 | ba60 2ded | 79fd 7f00 | 0041 ffd2 

  0x0000017dab2a17d4: ;   {section_word}
  0x0000017dab2a17d4: f449 bad5 | 172a ab7d | 0100 0041 

  0x0000017dab2a17e0: ;   {runtime_call DeoptimizationBlob}
  0x0000017dab2a17e0: 52e9 3a89 | 4007 f4f4 
[/MachCode]


Compiled method (c1)    1033  767       3       java.lang.ClassLoader::loadClass (7 bytes)
 total in heap  [0x0000017dab25cd90,0x0000017dab25d170] = 992
 relocation     [0x0000017dab25cee8,0x0000017dab25cf28] = 64
 main code      [0x0000017dab25cf40,0x0000017dab25d0c0] = 384
 stub code      [0x0000017dab25d0c0,0x0000017dab25d108] = 72
 metadata       [0x0000017dab25d108,0x0000017dab25d110] = 8
 scopes data    [0x0000017dab25d110,0x0000017dab25d128] = 24
 scopes pcs     [0x0000017dab25d128,0x0000017dab25d168] = 64
 dependencies   [0x0000017dab25d168,0x0000017dab25d170] = 8

[Constant Pool (empty)]

[MachCode]
[Entry Point]
  # {method} {0x0000017dbd01d380} 'loadClass' '(Ljava/lang/String;)Ljava/lang/Class;' in 'java/lang/ClassLoader'
  # this:     rdx:rdx   = 'java/lang/ClassLoader'
  # parm0:    r8:r8     = 'java/lang/String'
  #           [sp+0x40]  (sp of caller)
  0x0000017dab25cf40: 448b 5208 | 49c1 e203 

  0x0000017dab25cf48: ;   {runtime_call ic_miss_stub}
  0x0000017dab25cf48: 4c3b d00f | 852f 4644 | 0766 6666 | 0f1f 8400 | 0000 0000 | 6666 6690 
[Verified Entry Point]
  0x0000017dab25cf60: 8984 2400 | 90ff ff55 | 4883 ec30 

  0x0000017dab25cf6c: ;   {metadata(method data for {method} {0x0000017dbd01d380} 'loadClass' '(Ljava/lang/String;)Ljava/lang/Class;' in 'java/lang/ClassLoader')}
  0x0000017dab25cf6c: 49b9 7856 | 96bd 7d01 | 0000 418b | b1cc 0000 | 0083 c602 | 4189 b1cc | 0000 0081 | e6fe 0700 
  0x0000017dab25cf8c: 0083 fe00 | 0f84 b900 | 0000 4c8b 

  0x0000017dab25cf98: ;   {metadata(method data for {method} {0x0000017dbd01d380} 'loadClass' '(Ljava/lang/String;)Ljava/lang/Class;' in 'java/lang/ClassLoader')}
  0x0000017dab25cf98: ca48 be78 | 5696 bd7d | 0100 0045 | 8b49 0849 | c1e1 034c | 3b8e 2001 | 0000 750d | 4883 8628 
  0x0000017dab25cfb8: 0100 0001 | e966 0000 | 004c 3b8e | 3001 0000 | 750d 4883 | 8638 0100 | 0001 e950 | 0000 0048 
  0x0000017dab25cfd8: 81be 2001 | 0000 0000 | 0000 7517 | 4c89 8e20 | 0100 0048 | c786 2801 | 0000 0100 | 0000 e92c 
  0x0000017dab25cff8: 0000 0048 | 81be 3001 | 0000 0000 | 0000 7517 | 4c89 8e30 | 0100 0048 | c786 3801 | 0000 0100 
  0x0000017dab25d018: 0000 e908 | 0000 0048 | 8386 1001 | 0000 0141 | b900 0000 | 0048 b8c8 | a40c 0001 

  0x0000017dab25d034: ;   {virtual_call}
  0x0000017dab25d034: 0000 00e8 

  0x0000017dab25d038: ; ImmutableOopMap {}
                      ;*invokevirtual loadClass {reexecute=0 rethrow=0 return_oop=0}
                      ; - java.lang.ClassLoader::loadClass@3
  0x0000017dab25d038: 043b 0400 | 4883 c430 

  0x0000017dab25d040: ;   {poll_return}
  0x0000017dab25d040: 5d49 3ba7 | 5003 0000 | 0f87 2200 

  0x0000017dab25d04c: ;   {metadata({method} {0x0000017dbd01d380} 'loadClass' '(Ljava/lang/String;)Ljava/lang/Class;' in 'java/lang/ClassLoader')}
  0x0000017dab25d04c: 0000 c349 | ba78 d301 | bd7d 0100 | 004c 8954 | 2408 48c7 | 0424 ffff 

  0x0000017dab25d064: ;   {runtime_call counter_overflow Runtime1 stub}
  0x0000017dab25d064: ffff e815 

  0x0000017dab25d068: ; ImmutableOopMap {rdx=Oop r8=Oop }
                      ;*synchronization entry
                      ; - java.lang.ClassLoader::loadClass@-1
  0x0000017dab25d068: e04e 07e9 | 26ff ffff 

  0x0000017dab25d070: ;   {internal_word}
  0x0000017dab25d070: 49ba 41d0 | 25ab 7d01 | 0000 4d89 | 9768 0300 

  0x0000017dab25d080: ;   {runtime_call SafepointBlob}
  0x0000017dab25d080: 00e9 fabb | 4407 9090 | 498b 87e0 | 0300 0049 | c787 e003 | 0000 0000 | 0000 49c7 | 87e8 0300 
  0x0000017dab25d0a0: 0000 0000 | 0048 83c4 

  0x0000017dab25d0a8: ;   {runtime_call unwind_exception Runtime1 stub}
  0x0000017dab25d0a8: 305d e951 | 9145 07f4 | f4f4 f4f4 | f4f4 f4f4 | f4f4 f4f4 | f4f4 f4f4 
[Stub Code]
  0x0000017dab25d0c0: ;   {no_reloc}
  0x0000017dab25d0c0: 0f1f 4400 

  0x0000017dab25d0c4: ;   {static_stub}
  0x0000017dab25d0c4: 0048 bb00 | 0000 0000 

  0x0000017dab25d0cc: ;   {runtime_call}
  0x0000017dab25d0cc: 0000 00e9 | fbff ffff 
[Exception Handler]
  0x0000017dab25d0d4: ;   {runtime_call handle_exception_from_callee Runtime1 stub}
  0x0000017dab25d0d4: e827 a04e 

  0x0000017dab25d0d8: ;   {external_word}
  0x0000017dab25d0d8: 0748 b940 | 9a24 7afd | 7f00 0048 

  0x0000017dab25d0e4: ;   {runtime_call}
  0x0000017dab25d0e4: 83e4 f049 | ba60 2ded | 79fd 7f00 | 0041 ffd2 

  0x0000017dab25d0f4: ;   {section_word}
  0x0000017dab25d0f4: f449 baf5 | d025 ab7d | 0100 0041 

  0x0000017dab25d100: ;   {runtime_call DeoptimizationBlob}
  0x0000017dab25d100: 52e9 1ad0 | 4407 f4f4 
[/MachCode]


---------------  P R O C E S S  ---------------

Threads class SMR info:
_java_thread_list=0x0000017dc1721820, length=14, elements={
0x0000017da848d300, 0x0000017dc1372130, 0x0000017dbc31e7c0, 0x0000017dc1395f30,
0x0000017dc1396900, 0x0000017dc1399070, 0x0000017dc1399c30, 0x0000017dc13a06c0,
0x0000017dc13ac520, 0x0000017dc13af1f0, 0x0000017dc14227d0, 0x0000017dc1531660,
0x0000017dc171a490, 0x0000017dc26727e0
}

Java Threads: ( => current thread )
=>0x0000017da848d300 JavaThread "main" [_thread_in_vm, id=7132, stack(0x00000042e7000000,0x00000042e7100000)]
  0x0000017dc1372130 JavaThread "Reference Handler" daemon [_thread_blocked, id=14620, stack(0x00000042e7300000,0x00000042e7400000)]
  0x0000017dbc31e7c0 JavaThread "Finalizer" daemon [_thread_blocked, id=12756, stack(0x00000042e7400000,0x00000042e7500000)]
  0x0000017dc1395f30 JavaThread "Signal Dispatcher" daemon [_thread_blocked, id=16100, stack(0x00000042e7500000,0x00000042e7600000)]
  0x0000017dc1396900 JavaThread "Attach Listener" daemon [_thread_blocked, id=15456, stack(0x00000042e7600000,0x00000042e7700000)]
  0x0000017dc1399070 JavaThread "Service Thread" daemon [_thread_blocked, id=15484, stack(0x00000042e7700000,0x00000042e7800000)]
  0x0000017dc1399c30 JavaThread "Monitor Deflation Thread" daemon [_thread_blocked, id=11124, stack(0x00000042e7800000,0x00000042e7900000)]
  0x0000017dc13a06c0 JavaThread "C2 CompilerThread0" daemon [_thread_blocked, id=13296, stack(0x00000042e7900000,0x00000042e7a00000)]
  0x0000017dc13ac520 JavaThread "C1 CompilerThread0" daemon [_thread_blocked, id=10356, stack(0x00000042e7a00000,0x00000042e7b00000)]
  0x0000017dc13af1f0 JavaThread "Sweeper thread" daemon [_thread_blocked, id=10376, stack(0x00000042e7b00000,0x00000042e7c00000)]
  0x0000017dc14227d0 JavaThread "Common-Cleaner" daemon [_thread_blocked, id=6164, stack(0x00000042e7c00000,0x00000042e7d00000)]
  0x0000017dc1531660 JavaThread "C2 CompilerThread1" daemon [_thread_blocked, id=11584, stack(0x00000042e7d00000,0x00000042e7e00000)]
  0x0000017dc171a490 JavaThread "Notification Thread" daemon [_thread_blocked, id=8888, stack(0x00000042e7e00000,0x00000042e7f00000)]
  0x0000017dc26727e0 JavaThread "C2 CompilerThread2" daemon [_thread_blocked, id=11556, stack(0x00000042e8000000,0x00000042e8100000)]

Other Threads:
  0x0000017dbc2079f0 VMThread "VM Thread" [stack: 0x00000042e7200000,0x00000042e7300000] [id=12864]
  0x0000017dc171a970 WatcherThread [stack: 0x00000042e7f00000,0x00000042e8000000] [id=6224]
  0x0000017da84a35f0 GCTaskThread "GC Thread#0" [stack: 0x00000042e7100000,0x00000042e7200000] [id=11256]
  0x0000017dc2c72420 GCTaskThread "GC Thread#1" [stack: 0x00000042e8100000,0x00000042e8200000] [id=13604]
  0x0000017dc2c12c10 GCTaskThread "GC Thread#2" [stack: 0x00000042e8200000,0x00000042e8300000] [id=15852]
  0x0000017dc2c12ed0 GCTaskThread "GC Thread#3" [stack: 0x00000042e8300000,0x00000042e8400000] [id=9584]
  0x0000017dc2c13190 GCTaskThread "GC Thread#4" [stack: 0x00000042e8400000,0x00000042e8500000] [id=15888]
  0x0000017dc2c79050 GCTaskThread "GC Thread#5" [stack: 0x00000042e8500000,0x00000042e8600000] [id=15992]
  0x0000017dc2c79310 GCTaskThread "GC Thread#6" [stack: 0x00000042e8600000,0x00000042e8700000] [id=15676]

Threads with active compile tasks:

VM state: not at safepoint (normal execution)

VM Mutex/Monitor currently owned by a thread:  ([mutex/lock_event])
[0x0000017da84882f0] Metaspace_lock - owner thread: 0x0000017da848d300

Heap address: 0x00000000c0000000, size: 1024 MB, Compressed Oops mode: 32-bit

CDS archive(s) not mapped
Compressed class space mapped at: 0x0000000100000000-0x0000000140000000, reserved size: 1073741824
Narrow klass base: 0x0000000000000000, Narrow klass shift: 3, Narrow klass range: 0x140000000

GC Precious Log:
 CPUs: 8 total, 8 available
 Memory: 7918M
 Large Page Support: Disabled
 NUMA Support: Disabled
 Compressed Oops: Enabled (32-bit)
 Alignments: Space 512K, Generation 512K, Heap 2M
 Heap Min Capacity: 100M
 Heap Initial Capacity: 100M
 Heap Max Capacity: 1G
 Pre-touch: Disabled
 Parallel Workers: 8

Heap:
 PSYoungGen      total 29696K, used 7558K [0x00000000eab00000, 0x00000000ecc00000, 0x0000000100000000)
  eden space 25600K, 17% used [0x00000000eab00000,0x00000000eaf483f0,0x00000000ec400000)
  from space 4096K, 77% used [0x00000000ec400000,0x00000000ec719710,0x00000000ec800000)
  to   space 4096K, 0% used [0x00000000ec800000,0x00000000ec800000,0x00000000ecc00000)
 ParOldGen       total 68608K, used 8K [0x00000000c0000000, 0x00000000c4300000, 0x00000000eab00000)
  object space 68608K, 0% used [0x00000000c0000000,0x00000000c0002000,0x00000000c4300000)
 Metaspace       used 11784K, committed 11904K, reserved 1114112K
  class space    used 1165K, committed 1216K, reserved 1048576K

Card table byte_map: [0x0000017da7e20000,0x0000017da8030000] _byte_map_base: 0x0000017da7820000

Marking Bits: (ParMarkBitMap*) 0x00007ffd7a4bd7d0
 Begin Bits: [0x0000017dba120000, 0x0000017dbb120000)
 End Bits:   [0x0000017dbb120000, 0x0000017dbc120000)

Polling page: 0x0000017da6400000

Metaspace:

Usage:
  Non-class:     10.37 MB used.
      Class:      1.14 MB used.
       Both:     11.51 MB used.

Virtual space:
  Non-class space:       64.00 MB reserved,      10.44 MB ( 16%) committed,  1 nodes.
      Class space:        1.00 GB reserved,       1.19 MB ( <1%) committed,  1 nodes.
             Both:        1.06 GB reserved,      11.62 MB (  1%) committed. 

Chunk freelists:
   Non-Class:  4.67 MB
       Class:  14.64 MB
        Both:  19.31 MB

MaxMetaspaceSize: unlimited
CompressedClassSpaceSize: 1.00 GB
Initial GC threshold: 21.00 MB
Current GC threshold: 21.00 MB
CDS: off
MetaspaceReclaimPolicy: balanced
 - commit_granule_bytes: 65536.
 - commit_granule_words: 8192.
 - virtual_space_node_default_size: 8388608.
 - enlarge_chunks_in_place: 1.
 - new_chunks_are_fully_committed: 0.
 - uncommit_free_chunks: 1.
 - use_allocation_guard: 0.
 - handle_deallocations: 1.


Internal statistics:

num_allocs_failed_limit: 0.
num_arena_births: 30.
num_arena_deaths: 0.
num_vsnodes_births: 2.
num_vsnodes_deaths: 0.
num_space_committed: 186.
num_space_uncommitted: 0.
num_chunks_returned_to_freelist: 0.
num_chunks_taken_from_freelist: 126.
num_chunk_merges: 0.
num_chunk_splits: 85.
num_chunks_enlarged: 73.
num_inconsistent_stats: 0.

CodeHeap 'non-profiled nmethods': size=120000Kb used=447Kb max_used=447Kb free=119552Kb
 bounds [0x0000017db2bf0000, 0x0000017db2e60000, 0x0000017dba120000]
CodeHeap 'profiled nmethods': size=120000Kb used=1851Kb max_used=1851Kb free=118148Kb
 bounds [0x0000017dab120000, 0x0000017dab390000, 0x0000017db2650000]
CodeHeap 'non-nmethods': size=5760Kb used=1155Kb max_used=1176Kb free=4604Kb
 bounds [0x0000017db2650000, 0x0000017db28c0000, 0x0000017db2bf0000]
 total_blobs=1506 nmethods=1068 adapters=353
 compilation: enabled
              stopped_count=0, restarted_count=0
 full_count=0

Compilation events (20 events):
Event: 0.934 Thread 0x0000017dc13ac520 1059       3       org.eclipse.osgi.container.ModuleDatabase$Persistence::readVersion (7 bytes)
Event: 0.934 Thread 0x0000017dc1531660 nmethod 1048 0x0000017db2c5a910 code [0x0000017db2c5aaa0, 0x0000017db2c5b038]
Event: 0.934 Thread 0x0000017dc13ac520 nmethod 1059 0x0000017dab2e9b10 code [0x0000017dab2e9ca0, 0x0000017dab2e9dc8]
Event: 0.934 Thread 0x0000017dc13ac520 1063       3       org.eclipse.osgi.container.ModuleDatabase$Persistence::readMap (118 bytes)
Event: 0.934 Thread 0x0000017dc1531660 1064       4       java.io.DataInputStream::readInt (68 bytes)
Event: 0.935 Thread 0x0000017dc13a06c0 nmethod 1058 0x0000017db2c5b290 code [0x0000017db2c5b420, 0x0000017db2c5b7e8]
Event: 0.935 Thread 0x0000017dc13a06c0 1065       4       java.util.ArrayList::get (15 bytes)
Event: 0.936 Thread 0x0000017dc13ac520 nmethod 1063 0x0000017dab2e9e90 code [0x0000017dab2ea1a0, 0x0000017dab2eb168]
Event: 0.936 Thread 0x0000017dc13ac520 1062       3       org.eclipse.osgi.container.ModuleDatabase$Persistence::readIndexedMap (16 bytes)
Event: 0.936 Thread 0x0000017dc13ac520 nmethod 1062 0x0000017dab2eb810 code [0x0000017dab2eb9c0, 0x0000017dab2ebb68]
Event: 0.936 Thread 0x0000017dc13ac520 1061       3       java.util.Collections::unmodifiableMap (20 bytes)
Event: 0.936 Thread 0x0000017dc13a06c0 nmethod 1065 0x0000017db2c5b910 code [0x0000017db2c5ba80, 0x0000017db2c5bb78]
Event: 0.936 Thread 0x0000017dc13a06c0 1068       4       org.eclipse.osgi.container.ModuleDatabase$Persistence::readString0 (98 bytes)
Event: 0.936 Thread 0x0000017dc13ac520 nmethod 1061 0x0000017dab2ebc90 code [0x0000017dab2ebe60, 0x0000017dab2ec228]
Event: 0.936 Thread 0x0000017dc13ac520 1066       3       java.util.Collections$UnmodifiableMap::<init> (22 bytes)
Event: 0.936 Thread 0x0000017dc13ac520 nmethod 1066 0x0000017dab2ec390 code [0x0000017dab2ec540, 0x0000017dab2ec7c8]
Event: 0.936 Thread 0x0000017dc13ac520 1067       3       org.eclipse.osgi.container.ModuleDatabase$Persistence::readListValue (97 bytes)
Event: 0.937 Thread 0x0000017dc13ac520 nmethod 1067 0x0000017dab2ec910 code [0x0000017dab2ecba0, 0x0000017dab2ed4c8]
Event: 0.937 Thread 0x0000017dc13ac520 1069       3       org.eclipse.osgi.container.ModuleDatabase$Persistence::readList (78 bytes)
Event: 0.938 Thread 0x0000017dc13ac520 nmethod 1069 0x0000017dab2ed890 code [0x0000017dab2edb40, 0x0000017dab2ee7b8]

GC Heap History (2 events):
Event: 0.832 GC heap before
{Heap before GC invocations=1 (full 0):
 PSYoungGen      total 29696K, used 25600K [0x00000000eab00000, 0x00000000ecc00000, 0x0000000100000000)
  eden space 25600K, 100% used [0x00000000eab00000,0x00000000ec400000,0x00000000ec400000)
  from space 4096K, 0% used [0x00000000ec800000,0x00000000ec800000,0x00000000ecc00000)
  to   space 4096K, 0% used [0x00000000ec400000,0x00000000ec400000,0x00000000ec800000)
 ParOldGen       total 68608K, used 0K [0x00000000c0000000, 0x00000000c4300000, 0x00000000eab00000)
  object space 68608K, 0% used [0x00000000c0000000,0x00000000c0000000,0x00000000c4300000)
 Metaspace       used 10991K, committed 11200K, reserved 1114112K
  class space    used 1096K, committed 1216K, reserved 1048576K
}
Event: 0.842 GC heap after
{Heap after GC invocations=1 (full 0):
 PSYoungGen      total 29696K, used 3173K [0x00000000eab00000, 0x00000000ecc00000, 0x0000000100000000)
  eden space 25600K, 0% used [0x00000000eab00000,0x00000000eab00000,0x00000000ec400000)
  from space 4096K, 77% used [0x00000000ec400000,0x00000000ec719710,0x00000000ec800000)
  to   space 4096K, 0% used [0x00000000ec800000,0x00000000ec800000,0x00000000ecc00000)
 ParOldGen       total 68608K, used 8K [0x00000000c0000000, 0x00000000c4300000, 0x00000000eab00000)
  object space 68608K, 0% used [0x00000000c0000000,0x00000000c0002000,0x00000000c4300000)
 Metaspace       used 10991K, committed 11200K, reserved 1114112K
  class space    used 1096K, committed 1216K, reserved 1048576K
}

Dll operation events (8 events):
Event: 0.008 Loaded shared library c:\Users\97797\.vscode\extensions\redhat.java-1.28.1-win32-x64\jre\17.0.10-win32-x86_64\bin\java.dll
Event: 0.132 Loaded shared library c:\Users\97797\.vscode\extensions\redhat.java-1.28.1-win32-x64\jre\17.0.10-win32-x86_64\bin\zip.dll
Event: 0.135 Loaded shared library C:\Users\97797\.vscode\extensions\redhat.java-1.28.1-win32-x64\jre\17.0.10-win32-x86_64\bin\instrument.dll
Event: 0.147 Loaded shared library C:\Users\97797\.vscode\extensions\redhat.java-1.28.1-win32-x64\jre\17.0.10-win32-x86_64\bin\net.dll
Event: 0.149 Loaded shared library C:\Users\97797\.vscode\extensions\redhat.java-1.28.1-win32-x64\jre\17.0.10-win32-x86_64\bin\nio.dll
Event: 0.155 Loaded shared library C:\Users\97797\.vscode\extensions\redhat.java-1.28.1-win32-x64\jre\17.0.10-win32-x86_64\bin\zip.dll
Event: 0.166 Loaded shared library C:\Users\97797\.vscode\extensions\redhat.java-1.28.1-win32-x64\jre\17.0.10-win32-x86_64\bin\jimage.dll
Event: 0.218 Loaded shared library c:\Users\97797\.vscode\extensions\redhat.java-1.28.1-win32-x64\jre\17.0.10-win32-x86_64\bin\verify.dll

Deoptimization events (20 events):
Event: 0.768 Thread 0x0000017da848d300 Uncommon trap: trap_request=0xffffff45 fr.pc=0x0000017db2c3fee0 relative=0x0000000000000240
Event: 0.768 Thread 0x0000017da848d300 Uncommon trap: reason=unstable_if action=reinterpret pc=0x0000017db2c3fee0 method=java.util.HashMap.hash(Ljava/lang/Object;)I @ 1 c2
Event: 0.768 Thread 0x0000017da848d300 DEOPT PACKING pc=0x0000017db2c3fee0 sp=0x00000042e70fe620
Event: 0.768 Thread 0x0000017da848d300 DEOPT UNPACKING pc=0x0000017db26a9ea3 sp=0x00000042e70fe4b8 mode 2
Event: 0.768 Thread 0x0000017da848d300 Uncommon trap: trap_request=0xffffff45 fr.pc=0x0000017db2c412e8 relative=0x0000000000000248
Event: 0.768 Thread 0x0000017da848d300 Uncommon trap: reason=unstable_if action=reinterpret pc=0x0000017db2c412e8 method=java.util.HashMap.hash(Ljava/lang/Object;)I @ 1 c2
Event: 0.768 Thread 0x0000017da848d300 DEOPT PACKING pc=0x0000017db2c412e8 sp=0x00000042e70fe6c0
Event: 0.768 Thread 0x0000017da848d300 DEOPT UNPACKING pc=0x0000017db26a9ea3 sp=0x00000042e70fe5c8 mode 2
Event: 0.768 Thread 0x0000017da848d300 Uncommon trap: trap_request=0xffffffde fr.pc=0x0000017db2c27ea8 relative=0x0000000000000548
Event: 0.768 Thread 0x0000017da848d300 Uncommon trap: reason=class_check action=maybe_recompile pc=0x0000017db2c27ea8 method=java.util.Collections$UnmodifiableCollection$1.<init>(Ljava/util/Collections$UnmodifiableCollection;)V @ 17 c2
Event: 0.768 Thread 0x0000017da848d300 DEOPT PACKING pc=0x0000017db2c27ea8 sp=0x00000042e70fe670
Event: 0.768 Thread 0x0000017da848d300 DEOPT UNPACKING pc=0x0000017db26a9ea3 sp=0x00000042e70fe5b8 mode 2
Event: 0.768 Thread 0x0000017da848d300 Uncommon trap: trap_request=0xffffff45 fr.pc=0x0000017db2c38194 relative=0x0000000000000094
Event: 0.768 Thread 0x0000017da848d300 Uncommon trap: reason=unstable_if action=reinterpret pc=0x0000017db2c38194 method=java.util.HashMap.hash(Ljava/lang/Object;)I @ 1 c2
Event: 0.768 Thread 0x0000017da848d300 DEOPT PACKING pc=0x0000017db2c38194 sp=0x00000042e70fe520
Event: 0.768 Thread 0x0000017da848d300 DEOPT UNPACKING pc=0x0000017db26a9ea3 sp=0x00000042e70fe4b8 mode 2
Event: 0.930 Thread 0x0000017da848d300 Uncommon trap: trap_request=0xffffff45 fr.pc=0x0000017db2c5a460 relative=0x00000000000001e0
Event: 0.930 Thread 0x0000017da848d300 Uncommon trap: reason=unstable_if action=reinterpret pc=0x0000017db2c5a460 method=java.io.BufferedInputStream.read()I @ 8 c2
Event: 0.930 Thread 0x0000017da848d300 DEOPT PACKING pc=0x0000017db2c5a460 sp=0x00000042e70fe480
Event: 0.930 Thread 0x0000017da848d300 DEOPT UNPACKING pc=0x0000017db26a9ea3 sp=0x00000042e70fe430 mode 2

Classes unloaded (0 events):
No events

Classes redefined (0 events):
No events

Internal exceptions (20 events):
Event: 0.491 Thread 0x0000017da848d300 Exception <a 'java/io/FileNotFoundException'{0x00000000eb870a28}> (0x00000000eb870a28) 
thrown [s\src\hotspot\share\prims\jni.cpp, line 516]
Event: 0.491 Thread 0x0000017da848d300 Exception <a 'java/io/FileNotFoundException'{0x00000000eb8716e8}> (0x00000000eb8716e8) 
thrown [s\src\hotspot\share\prims\jni.cpp, line 516]
Event: 0.495 Thread 0x0000017da848d300 Implicit null exception at 0x0000017db2c11f72 to 0x0000017db2c124e8
Event: 0.495 Thread 0x0000017da848d300 Implicit null exception at 0x0000017db2c12b72 to 0x0000017db2c130fc
Event: 0.497 Thread 0x0000017da848d300 Exception <a 'java/io/FileNotFoundException'{0x00000000eb8abfc8}> (0x00000000eb8abfc8) 
thrown [s\src\hotspot\share\prims\jni.cpp, line 516]
Event: 0.719 Thread 0x0000017da848d300 Exception <a 'java/lang/ClassNotFoundException'{0x00000000ec0b1228}: sun/net/www/protocol/c/Handler> (0x00000000ec0b1228) 
thrown [s\src\hotspot\share\classfile\systemDictionary.cpp, line 256]
Event: 0.719 Thread 0x0000017da848d300 Exception <a 'java/lang/ClassNotFoundException'{0x00000000ec0b2588}: sun/net/www/protocol/c/Handler> (0x00000000ec0b2588) 
thrown [s\src\hotspot\share\classfile\systemDictionary.cpp, line 256]
Event: 0.720 Thread 0x0000017da848d300 Exception <a 'java/lang/ClassNotFoundException'{0x00000000ec0b3728}: sun/net/www/protocol/c/Handler> (0x00000000ec0b3728) 
thrown [s\src\hotspot\share\classfile\systemDictionary.cpp, line 256]
Event: 0.729 Thread 0x0000017da848d300 Exception <a 'java/io/FileNotFoundException'{0x00000000ec0d6d70}> (0x00000000ec0d6d70) 
thrown [s\src\hotspot\share\prims\jni.cpp, line 516]
Event: 0.767 Thread 0x0000017da848d300 Implicit null exception at 0x0000017db2c4857b to 0x0000017db2c48f2c
Event: 0.768 Thread 0x0000017da848d300 Implicit null exception at 0x0000017db2c3fcec to 0x0000017db2c3fec8
Event: 0.768 Thread 0x0000017da848d300 Implicit null exception at 0x0000017db2c410ec to 0x0000017db2c412d0
Event: 0.768 Thread 0x0000017da848d300 Implicit null exception at 0x0000017db2c3810f to 0x0000017db2c38185
Event: 0.818 Thread 0x0000017da848d300 Exception <a 'java/lang/NoSuchMethodError'{0x00000000ec3a8cb8}: 'int java.lang.invoke.DirectMethodHandle$Holder.invokeStaticInit(java.lang.Object, java.lang.Object, java.lang.Object, java.lang.Object)'> (0x00000000ec3a8cb8) 
thrown [s\src\hotspot\share\interpreter\linkResolver.cpp, line 759]
Event: 0.819 Thread 0x0000017da848d300 Exception <a 'java/lang/NoSuchMethodError'{0x00000000ec3b3328}: 'java.lang.Object java.lang.invoke.DirectMethodHandle$Holder.invokeInterface(java.lang.Object, java.lang.Object)'> (0x00000000ec3b3328) 
thrown [s\src\hotspot\share\interpreter\linkResolver.cpp, line 759]
Event: 0.819 Thread 0x0000017da848d300 Exception <a 'java/lang/IncompatibleClassChangeError'{0x00000000ec3b6b20}: Found class java.lang.Object, but interface was expected> (0x00000000ec3b6b20) 
thrown [s\src\hotspot\share\interpreter\linkResolver.cpp, line 826]
Event: 0.820 Thread 0x0000017da848d300 Exception <a 'java/lang/NoSuchMethodError'{0x00000000ec3bb010}: 'void java.lang.invoke.DirectMethodHandle$Holder.invokeStatic(java.lang.Object, java.lang.Object)'> (0x00000000ec3bb010) 
thrown [s\src\hotspot\share\interpreter\linkResolver.cpp, line 759]
Event: 0.820 Thread 0x0000017da848d300 Exception <a 'java/lang/NoSuchMethodError'{0x00000000ec3be810}: 'void java.lang.invoke.DirectMethodHandle$Holder.invokeStaticInit(java.lang.Object, java.lang.Object)'> (0x00000000ec3be810) 
thrown [s\src\hotspot\share\interpreter\linkResolver.cpp, line 759]
Event: 0.821 Thread 0x0000017da848d300 Exception <a 'java/lang/NoSuchMethodError'{0x00000000ec3c6058}: 'int java.lang.invoke.DirectMethodHandle$Holder.invokeStaticInit(java.lang.Object, java.lang.Object)'> (0x00000000ec3c6058) 
thrown [s\src\hotspot\share\interpreter\linkResolver.cpp, line 759]
Event: 0.877 Thread 0x0000017da848d300 Exception <a 'java/lang/NoSuchMethodError'{0x00000000eabf3470}: 'void java.lang.invoke.DirectMethodHandle$Holder.invokeSpecial(java.lang.Object, java.lang.Object, java.lang.Object)'> (0x00000000eabf3470) 
thrown [s\src\hotspot\share\interpreter\linkResolver.cpp, line 759]

VM Operations (12 events):
Event: 0.115 Executing VM operation: HandshakeAllThreads
Event: 0.115 Executing VM operation: HandshakeAllThreads done
Event: 0.180 Executing VM operation: HandshakeAllThreads
Event: 0.180 Executing VM operation: HandshakeAllThreads done
Event: 0.452 Executing VM operation: HandshakeAllThreads
Event: 0.452 Executing VM operation: HandshakeAllThreads done
Event: 0.477 Executing VM operation: HandshakeAllThreads
Event: 0.477 Executing VM operation: HandshakeAllThreads done
Event: 0.729 Executing VM operation: ICBufferFull
Event: 0.729 Executing VM operation: ICBufferFull done
Event: 0.832 Executing VM operation: ParallelGCFailedAllocation
Event: 0.842 Executing VM operation: ParallelGCFailedAllocation done

Events (20 events):
Event: 0.906 loading class java/util/AbstractQueue done
Event: 0.906 loading class java/util/concurrent/SynchronousQueue done
Event: 0.906 loading class java/util/concurrent/SynchronousQueue$TransferStack
Event: 0.906 loading class java/util/concurrent/SynchronousQueue$Transferer
Event: 0.906 loading class java/util/concurrent/SynchronousQueue$Transferer done
Event: 0.906 loading class java/util/concurrent/SynchronousQueue$TransferStack done
Event: 0.906 loading class java/util/concurrent/SynchronousQueue$TransferStack$SNode
Event: 0.906 loading class java/util/concurrent/ForkJoinPool$ManagedBlocker
Event: 0.906 loading class java/util/concurrent/ForkJoinPool$ManagedBlocker done
Event: 0.906 loading class java/util/concurrent/SynchronousQueue$TransferStack$SNode done
Event: 0.907 loading class java/util/concurrent/RejectedExecutionHandler
Event: 0.907 loading class java/util/concurrent/RejectedExecutionHandler done
Event: 0.907 loading class java/util/concurrent/LinkedBlockingQueue
Event: 0.907 loading class java/util/concurrent/LinkedBlockingQueue done
Event: 0.907 loading class java/util/concurrent/LinkedBlockingQueue$Node
Event: 0.908 loading class java/util/concurrent/LinkedBlockingQueue$Node done
Event: 0.921 loading class java/util/concurrent/Semaphore$NonfairSync
Event: 0.921 loading class java/util/concurrent/Semaphore$Sync
Event: 0.921 loading class java/util/concurrent/Semaphore$Sync done
Event: 0.921 loading class java/util/concurrent/Semaphore$NonfairSync done


Dynamic libraries:
0x00007ff776b40000 - 0x00007ff776b4e000 	c:\Users\97797\.vscode\extensions\redhat.java-1.28.1-win32-x64\jre\17.0.10-win32-x86_64\bin\java.exe
0x00007ffde8ff0000 - 0x00007ffde9207000 	C:\WINDOWS\SYSTEM32\ntdll.dll
0x00007ffde87c0000 - 0x00007ffde8884000 	C:\WINDOWS\System32\KERNEL32.DLL
0x00007ffde6480000 - 0x00007ffde6826000 	C:\WINDOWS\System32\KERNELBASE.dll
0x00007ffde6bf0000 - 0x00007ffde6d01000 	C:\WINDOWS\System32\ucrtbase.dll
0x00007ffdc76c0000 - 0x00007ffdc76db000 	c:\Users\97797\.vscode\extensions\redhat.java-1.28.1-win32-x64\jre\17.0.10-win32-x86_64\bin\VCRUNTIME140.dll
0x00007ffdc76e0000 - 0x00007ffdc76f7000 	c:\Users\97797\.vscode\extensions\redhat.java-1.28.1-win32-x64\jre\17.0.10-win32-x86_64\bin\jli.dll
0x00007ffde79b0000 - 0x00007ffde7b5e000 	C:\WINDOWS\System32\USER32.dll
0x00007ffdccff0000 - 0x00007ffdcd283000 	C:\WINDOWS\WinSxS\amd64_microsoft.windows.common-controls_6595b64144ccf1df_6.0.22621.2506_none_270c5ae97388e100\COMCTL32.dll
0x00007ffde6330000 - 0x00007ffde6356000 	C:\WINDOWS\System32\win32u.dll
0x00007ffde6f00000 - 0x00007ffde6f29000 	C:\WINDOWS\System32\GDI32.dll
0x00007ffde8900000 - 0x00007ffde89a7000 	C:\WINDOWS\System32\msvcrt.dll
0x00007ffde6ad0000 - 0x00007ffde6be8000 	C:\WINDOWS\System32\gdi32full.dll
0x00007ffde63e0000 - 0x00007ffde647a000 	C:\WINDOWS\System32\msvcp_win.dll
0x00007ffde6f30000 - 0x00007ffde6f61000 	C:\WINDOWS\System32\IMM32.DLL
0x00007ffdd92a0000 - 0x00007ffdd92ac000 	c:\Users\97797\.vscode\extensions\redhat.java-1.28.1-win32-x64\jre\17.0.10-win32-x86_64\bin\vcruntime140_1.dll
0x00007ffdc75c0000 - 0x00007ffdc764d000 	c:\Users\97797\.vscode\extensions\redhat.java-1.28.1-win32-x64\jre\17.0.10-win32-x86_64\bin\msvcp140.dll
0x00007ffd79920000 - 0x00007ffd7a582000 	c:\Users\97797\.vscode\extensions\redhat.java-1.28.1-win32-x64\jre\17.0.10-win32-x86_64\bin\server\jvm.dll
0x00007ffde78f0000 - 0x00007ffde79a3000 	C:\WINDOWS\System32\ADVAPI32.dll
0x00007ffde7cc0000 - 0x00007ffde7d68000 	C:\WINDOWS\System32\sechost.dll
0x00007ffde6d10000 - 0x00007ffde6d38000 	C:\WINDOWS\System32\bcrypt.dll
0x00007ffde6f70000 - 0x00007ffde7087000 	C:\WINDOWS\System32\RPCRT4.dll
0x00007ffdbf770000 - 0x00007ffdbf779000 	C:\WINDOWS\SYSTEM32\WSOCK32.dll
0x00007ffddd100000 - 0x00007ffddd134000 	C:\WINDOWS\SYSTEM32\WINMM.dll
0x00007ffde6200000 - 0x00007ffde624d000 	C:\WINDOWS\SYSTEM32\POWRPROF.dll
0x00007ffde7fc0000 - 0x00007ffde8031000 	C:\WINDOWS\System32\WS2_32.dll
0x00007ffdde9f0000 - 0x00007ffdde9fa000 	C:\WINDOWS\SYSTEM32\VERSION.dll
0x00007ffde61e0000 - 0x00007ffde61f3000 	C:\WINDOWS\SYSTEM32\UMPDC.dll
0x00007ffde5330000 - 0x00007ffde5348000 	C:\WINDOWS\SYSTEM32\kernel.appcore.dll
0x00007ffdd90e0000 - 0x00007ffdd90ea000 	c:\Users\97797\.vscode\extensions\redhat.java-1.28.1-win32-x64\jre\17.0.10-win32-x86_64\bin\jimage.dll
0x00007ffde3bf0000 - 0x00007ffde3e23000 	C:\WINDOWS\SYSTEM32\DBGHELP.DLL
0x00007ffde8410000 - 0x00007ffde8799000 	C:\WINDOWS\System32\combase.dll
0x00007ffde8040000 - 0x00007ffde8117000 	C:\WINDOWS\System32\OLEAUT32.dll
0x00007ffdac6f0000 - 0x00007ffdac722000 	C:\WINDOWS\SYSTEM32\dbgcore.DLL
0x00007ffde6360000 - 0x00007ffde63da000 	C:\WINDOWS\System32\bcryptPrimitives.dll
0x00007ffdd8660000 - 0x00007ffdd866e000 	c:\Users\97797\.vscode\extensions\redhat.java-1.28.1-win32-x64\jre\17.0.10-win32-x86_64\bin\instrument.dll
0x00007ffdc7690000 - 0x00007ffdc76b5000 	c:\Users\97797\.vscode\extensions\redhat.java-1.28.1-win32-x64\jre\17.0.10-win32-x86_64\bin\java.dll
0x00007ffdc74f0000 - 0x00007ffdc7508000 	c:\Users\97797\.vscode\extensions\redhat.java-1.28.1-win32-x64\jre\17.0.10-win32-x86_64\bin\zip.dll
0x00007ffde7090000 - 0x00007ffde78eb000 	C:\WINDOWS\System32\SHELL32.dll
0x00007ffde4240000 - 0x00007ffde4b36000 	C:\WINDOWS\SYSTEM32\windows.storage.dll
0x00007ffde4100000 - 0x00007ffde423e000 	C:\WINDOWS\SYSTEM32\wintypes.dll
0x00007ffde8a30000 - 0x00007ffde8b23000 	C:\WINDOWS\System32\SHCORE.dll
0x00007ffde82d0000 - 0x00007ffde832e000 	C:\WINDOWS\System32\shlwapi.dll
0x00007ffde6260000 - 0x00007ffde6286000 	C:\WINDOWS\SYSTEM32\profapi.dll
0x00007ffdc5fc0000 - 0x00007ffdc5fd9000 	C:\Users\97797\.vscode\extensions\redhat.java-1.28.1-win32-x64\jre\17.0.10-win32-x86_64\bin\net.dll
0x00007ffddf670000 - 0x00007ffddf7a7000 	C:\WINDOWS\SYSTEM32\WINHTTP.dll
0x00007ffde57a0000 - 0x00007ffde5809000 	C:\WINDOWS\system32\mswsock.dll
0x00007ffdc4340000 - 0x00007ffdc4356000 	C:\Users\97797\.vscode\extensions\redhat.java-1.28.1-win32-x64\jre\17.0.10-win32-x86_64\bin\nio.dll
0x00007ffdccc40000 - 0x00007ffdccc50000 	c:\Users\97797\.vscode\extensions\redhat.java-1.28.1-win32-x64\jre\17.0.10-win32-x86_64\bin\verify.dll

dbghelp: loaded successfully - version: 4.0.5 - missing functions: none
symbol engine: initialized successfully - sym options: 0x614 - pdb path: .;c:\Users\97797\.vscode\extensions\redhat.java-1.28.1-win32-x64\jre\17.0.10-win32-x86_64\bin;C:\WINDOWS\SYSTEM32;C:\WINDOWS\WinSxS\amd64_microsoft.windows.common-controls_6595b64144ccf1df_6.0.22621.2506_none_270c5ae97388e100;c:\Users\97797\.vscode\extensions\redhat.java-1.28.1-win32-x64\jre\17.0.10-win32-x86_64\bin\server

VM Arguments:
jvm_args: --add-modules=ALL-SYSTEM --add-opens=java.base/java.util=ALL-UNNAMED --add-opens=java.base/java.lang=ALL-UNNAMED --add-opens=java.base/sun.nio.fs=ALL-UNNAMED -Declipse.application=org.eclipse.jdt.ls.core.id1 -Dosgi.bundles.defaultStartLevel=4 -Declipse.product=org.eclipse.jdt.ls.core.product -Djava.import.generatesMetadataFilesAtProjectRoot=false -DDetectVMInstallationsJob.disabled=true -Dfile.encoding=utf8 -XX:+UseParallelGC -XX:GCTimeRatio=4 -XX:AdaptiveSizePolicyWeight=90 -Dsun.zip.disableMemoryMapping=true -Xmx1G -Xms100m -Xlog:disable -javaagent:c:\Users\97797\.vscode\extensions\redhat.java-1.28.1-win32-x64\lombok\lombok-1.18.31.jar 
java_command: c:\Users\97797\.vscode\extensions\redhat.java-1.28.1-win32-x64\server\plugins\org.eclipse.equinox.launcher_1.6.700.v20231214-2017.jar -configuration c:\Users\97797\AppData\Roaming\Code\User\globalStorage\redhat.java\1.28.1\config_ss_win -data c:\Users\97797\AppData\Roaming\Code\User\workspaceStorage\94fab1f431758f7d79e99c0990bdfdc4\redhat.java\ss_ws --stdio
java_class_path (initial): c:\Users\97797\.vscode\extensions\redhat.java-1.28.1-win32-x64\server\plugins\org.eclipse.equinox.launcher_1.6.700.v20231214-2017.jar
Launcher Type: SUN_STANDARD

[Global flags]
    uintx AdaptiveSizePolicyWeight                 = 90                                        {product} {command line}
     intx CICompilerCount                          = 4                                         {product} {ergonomic}
    uintx GCTimeRatio                              = 4                                         {product} {command line}
   size_t InitialHeapSize                          = 104857600                                 {product} {command line}
   size_t MaxHeapSize                              = 1073741824                                {product} {command line}
   size_t MaxNewSize                               = 357564416                                 {product} {ergonomic}
   size_t MinHeapDeltaBytes                        = 524288                                    {product} {ergonomic}
   size_t MinHeapSize                              = 104857600                                 {product} {command line}
   size_t NewSize                                  = 34603008                                  {product} {ergonomic}
    uintx NonNMethodCodeHeapSize                   = 5839372                                {pd product} {ergonomic}
    uintx NonProfiledCodeHeapSize                  = 122909434                              {pd product} {ergonomic}
   size_t OldSize                                  = 70254592                                  {product} {ergonomic}
    uintx ProfiledCodeHeapSize                     = 122909434                              {pd product} {ergonomic}
    uintx ReservedCodeCacheSize                    = 251658240                              {pd product} {ergonomic}
     bool SegmentedCodeCache                       = true                                      {product} {ergonomic}
   size_t SoftMaxHeapSize                          = 1073741824                             {manageable} {ergonomic}
     bool UseCompressedClassPointers               = true                           {product lp64_product} {ergonomic}
     bool UseCompressedOops                        = true                           {product lp64_product} {ergonomic}
     bool UseLargePagesIndividualAllocation        = false                                  {pd product} {ergonomic}
     bool UseParallelGC                            = true                                      {product} {command line}

Logging:
Log output configuration:
 #0: stdout all=off uptime,level,tags
 #1: stderr all=off uptime,level,tags

Environment Variables:
PATH=D:\oracle\dbhomeXE\bin;C:\Program Files\Common Files\Oracle\Java\javapath;C:\WINDOWS\system32;C:\WINDOWS;C:\WINDOWS\System32\Wbem;C:\WINDOWS\System32\WindowsPowerShell\v1.0\;C:\WINDOWS\System32\OpenSSH\;C:\MinGW\bin;C:\Program Files\nodejs\;C:\Program Files\MySQL\MySQL Server 8.0\bin;C:\Users\97797\AppData\Local\Programs\Python\Python312\Scripts\;C:\Users\97797\AppData\Local\Programs\Python\Python312\;C:\Users\97797\AppData\Local\Microsoft\WindowsApps;C:\Users\97797\AppData\Local\Microsoft\WindowsApps;C:\Users\97797\AppData\Local\Programs\Microsoft VS Code\bin;C:\Users\97797\AppData\Roaming\npm;D:\Git\cmd
USERNAME=97797
OS=Windows_NT
PROCESSOR_IDENTIFIER=Intel64 Family 6 Model 140 Stepping 1, GenuineIntel
TMP=C:\Users\97797\AppData\Local\Temp
TEMP=C:\Users\97797\AppData\Local\Temp



Periodic native trim disabled


---------------  S Y S T E M  ---------------

OS:
 Windows 11 , 64 bit Build 22621 (10.0.22621.3085)
OS uptime: 0 days 1:18 hours
Hyper-V role detected

CPU: total 8 (initial active 8) (4 cores per cpu, 2 threads per core) family 6 model 140 stepping 1 microcode 0xb4, cx8, cmov, fxsr, ht, mmx, 3dnowpref, sse, sse2, sse3, ssse3, sse4.1, sse4.2, popcnt, lzcnt, tsc, tscinvbit, avx, avx2, aes, erms, clmul, bmi1, bmi2, adx, avx512f, avx512dq, avx512cd, avx512bw, avx512vl, sha, fma, vzeroupper, avx512_vpopcntdq, avx512_vpclmulqdq, avx512_vaes, avx512_vnni, clflush, clflushopt, clwb, avx512_vbmi2, avx512_vbmi, hv
Processor Information for all 8 processors :
  Max Mhz: 2419, Current Mhz: 2419, Mhz Limit: 2419

Memory: 4k page, system-wide physical 7918M (1223M free)
TotalPageFile size 11439M (AvailPageFile size 177M)
current process WorkingSet (physical memory assigned to process): 80M, peak: 80M
current process commit charge ("private bytes"): 202M, peak: 202M

vm_info: OpenJDK 64-Bit Server VM (17.0.10+7) for windows-amd64 JRE (17.0.10+7), built on Jan 16 2024 23:25:11 by "admin" with MS VC++ 16.10 / 16.11 (VS2019)

END.
