#
# There is insufficient memory for the Java Runtime Environment to continue.
# Native memory allocation (malloc) failed to allocate 262160 bytes for Chunk::new
# Possible reasons:
#   The system is out of physical RAM or swap space
#   The process is running with CompressedOops enabled, and the Java Heap may be blocking the growth of the native heap
# Possible solutions:
#   Reduce memory load on the system
#   Increase physical memory or swap space
#   Check if swap backing store is full
#   Decrease Java heap size (-Xmx/-Xms)
#   Decrease number of Java threads
#   Decrease Java thread stack sizes (-Xss)
#   Set larger code cache with -XX:ReservedCodeCacheSize=
#   JVM is running with Unscaled Compressed Oops mode in which the Java heap is
#     placed in the first 4GB address space. The Java Heap base address is the
#     maximum limit for the native heap growth. Please use -XX:HeapBaseMinAddress
#     to set the Java Heap base and to place the Java Heap above 4GB virtual address.
# This output file may be truncated or incomplete.
#
#  Out of Memory Error (arena.cpp:191), pid=12364, tid=3544
#
# JRE version: OpenJDK Runtime Environment Temurin-17.0.10+7 (17.0.10+7) (build 17.0.10+7)
# Java VM: OpenJDK 64-Bit Server VM Temurin-17.0.10+7 (17.0.10+7, mixed mode, tiered, compressed oops, compressed class ptrs, parallel gc, windows-amd64)
# No core dump will be written. Minidumps are not enabled by default on client versions of Windows
#

---------------  S U M M A R Y ------------

Command Line: --add-modules=ALL-SYSTEM --add-opens=java.base/java.util=ALL-UNNAMED --add-opens=java.base/java.lang=ALL-UNNAMED --add-opens=java.base/sun.nio.fs=ALL-UNNAMED -Declipse.application=org.eclipse.jdt.ls.core.id1 -Dosgi.bundles.defaultStartLevel=4 -Declipse.product=org.eclipse.jdt.ls.core.product -Djava.import.generatesMetadataFilesAtProjectRoot=false -DDetectVMInstallationsJob.disabled=true -Dfile.encoding=utf8 -XX:+UseParallelGC -XX:GCTimeRatio=4 -XX:AdaptiveSizePolicyWeight=90 -Dsun.zip.disableMemoryMapping=true -Xmx1G -Xms100m -Xlog:disable -javaagent:c:\Users\97797\.vscode\extensions\redhat.java-1.28.1-win32-x64\lombok\lombok-1.18.31.jar -XX:+HeapDumpOnOutOfMemoryError -XX:HeapDumpPath=c:\Users\97797\AppData\Roaming\Code\User\workspaceStorage\94fab1f431758f7d79e99c0990bdfdc4\redhat.java -Daether.dependencyCollector.impl=bf c:\Users\97797\.vscode\extensions\redhat.java-1.28.1-win32-x64\server\plugins\org.eclipse.equinox.launcher_1.6.700.v20231214-2017.jar -configuration c:\Users\97797\AppData\Roaming\Code\User\globalStorage\redhat.java\1.28.1\config_win -data c:\Users\97797\AppData\Roaming\Code\User\workspaceStorage\94fab1f431758f7d79e99c0990bdfdc4\redhat.java\jdt_ws --stdio

Host: 11th Gen Intel(R) Core(TM) i5-1135G7 @ 2.40GHz, 8 cores, 7G,  Windows 11 , 64 bit Build 22621 (10.0.22621.3085)
Time: Sun Apr 28 12:42:43 2024 Nepal Standard Time elapsed time: 15.652006 seconds (0d 0h 0m 15s)

---------------  T H R E A D  ---------------

Current thread (0x000002ac5c17c670):  JavaThread "C2 CompilerThread0" daemon [_thread_in_native, id=3544, stack(0x000000fed3000000,0x000000fed3100000)]


Current CompileTask:
C2:  15652 5050   !   4       org.eclipse.osgi.internal.loader.BundleLoader::findRequiredSource (283 bytes)

Stack: [0x000000fed3000000,0x000000fed3100000]
Native frames: (J=compiled Java code, j=interpreted, Vv=VM code, C=native code)
V  [jvm.dll+0x67d2c9]
V  [jvm.dll+0x834afa]
V  [jvm.dll+0x8365be]
V  [jvm.dll+0x836c23]
V  [jvm.dll+0x2477ff]
V  [jvm.dll+0xac514]
V  [jvm.dll+0xacb5c]
V  [jvm.dll+0xac61b]
V  [jvm.dll+0x65bc79]
V  [jvm.dll+0x7a87c]
V  [jvm.dll+0x60f938]
V  [jvm.dll+0x60d9e4]
V  [jvm.dll+0x219d68]
V  [jvm.dll+0x219311]
V  [jvm.dll+0x1a502d]
V  [jvm.dll+0x2290de]
V  [jvm.dll+0x2272ac]
V  [jvm.dll+0x7e9bb7]
V  [jvm.dll+0x7e3fba]
V  [jvm.dll+0x67c1b5]
C  [ucrtbase.dll+0x29363]
C  [KERNEL32.DLL+0x1257d]
C  [ntdll.dll+0x5aa58]


---------------  P R O C E S S  ---------------

Threads class SMR info:
_java_thread_list=0x000002ac609a8fc0, length=27, elements={
0x000002ac4327e5b0, 0x000002ac57103020, 0x000002ac571051a0, 0x000002ac5c178f20,
0x000002ac5c1799f0, 0x000002ac5c17a5b0, 0x000002ac5c17b170, 0x000002ac5c17c670,
0x000002ac5c183a80, 0x000002ac5c18d710, 0x000002ac5c2c9620, 0x000002ac5c4e2260,
0x000002ac5dd62ba0, 0x000002ac5dd573a0, 0x000002ac5e0cbe80, 0x000002ac5de5fbf0,
0x000002ac5e16ae00, 0x000002ac5e5d79d0, 0x000002ac5e5d7ee0, 0x000002ac5e5d83f0,
0x000002ac5e5da250, 0x000002ac5e5da760, 0x000002ac5e5d9320, 0x000002ac5e5d8e10,
0x000002ac5e5d8900, 0x000002ac60e35ea0, 0x000002ac60e38c30
}

Java Threads: ( => current thread )
  0x000002ac4327e5b0 JavaThread "main" [_thread_blocked, id=12804, stack(0x000000fed2700000,0x000000fed2800000)]
  0x000002ac57103020 JavaThread "Reference Handler" daemon [_thread_blocked, id=15792, stack(0x000000fed2a00000,0x000000fed2b00000)]
  0x000002ac571051a0 JavaThread "Finalizer" daemon [_thread_blocked, id=6544, stack(0x000000fed2b00000,0x000000fed2c00000)]
  0x000002ac5c178f20 JavaThread "Signal Dispatcher" daemon [_thread_blocked, id=7236, stack(0x000000fed2c00000,0x000000fed2d00000)]
  0x000002ac5c1799f0 JavaThread "Attach Listener" daemon [_thread_blocked, id=11736, stack(0x000000fed2d00000,0x000000fed2e00000)]
  0x000002ac5c17a5b0 JavaThread "Service Thread" daemon [_thread_blocked, id=9864, stack(0x000000fed2e00000,0x000000fed2f00000)]
  0x000002ac5c17b170 JavaThread "Monitor Deflation Thread" daemon [_thread_blocked, id=6972, stack(0x000000fed2f00000,0x000000fed3000000)]
=>0x000002ac5c17c670 JavaThread "C2 CompilerThread0" daemon [_thread_in_native, id=3544, stack(0x000000fed3000000,0x000000fed3100000)]
  0x000002ac5c183a80 JavaThread "C1 CompilerThread0" daemon [_thread_blocked, id=15472, stack(0x000000fed3100000,0x000000fed3200000)]
  0x000002ac5c18d710 JavaThread "Sweeper thread" daemon [_thread_blocked, id=9912, stack(0x000000fed3200000,0x000000fed3300000)]
  0x000002ac5c2c9620 JavaThread "Common-Cleaner" daemon [_thread_blocked, id=15308, stack(0x000000fed3300000,0x000000fed3400000)]
  0x000002ac5c4e2260 JavaThread "Notification Thread" daemon [_thread_blocked, id=1748, stack(0x000000fed3400000,0x000000fed3500000)]
  0x000002ac5dd62ba0 JavaThread "Active Thread: Equinox Container: 411d3ffd-0263-4b55-bc95-2e634e935c80" [_thread_blocked, id=15548, stack(0x000000fed3d00000,0x000000fed3e00000)]
  0x000002ac5dd573a0 JavaThread "Framework Event Dispatcher: Equinox Container: 411d3ffd-0263-4b55-bc95-2e634e935c80" daemon [_thread_blocked, id=6084, stack(0x000000fed3f00000,0x000000fed4000000)]
  0x000002ac5e0cbe80 JavaThread "Start Level: Equinox Container: 411d3ffd-0263-4b55-bc95-2e634e935c80" daemon [_thread_blocked, id=2312, stack(0x000000fed4000000,0x000000fed4100000)]
  0x000002ac5de5fbf0 JavaThread "Bundle File Closer" daemon [_thread_blocked, id=15444, stack(0x000000fed3600000,0x000000fed3700000)]
  0x000002ac5e16ae00 JavaThread "SCR Component Actor" daemon [_thread_blocked, id=13340, stack(0x000000fed3e00000,0x000000fed3f00000)]
  0x000002ac5e5d79d0 JavaThread "Worker-JM" [_thread_blocked, id=1772, stack(0x000000fed4300000,0x000000fed4400000)]
  0x000002ac5e5d7ee0 JavaThread "Worker-0" [_thread_blocked, id=14208, stack(0x000000fed4400000,0x000000fed4500000)]
  0x000002ac5e5d83f0 JavaThread "Worker-1" [_thread_blocked, id=14924, stack(0x000000fed4500000,0x000000fed4600000)]
  0x000002ac5e5da250 JavaThread "Java indexing" daemon [_thread_blocked, id=11732, stack(0x000000fed4700000,0x000000fed4800000)]
  0x000002ac5e5da760 JavaThread "Worker-2" [_thread_blocked, id=13344, stack(0x000000fed4800000,0x000000fed4900000)]
  0x000002ac5e5d9320 JavaThread "Worker-3" [_thread_blocked, id=8920, stack(0x000000fed4900000,0x000000fed4a00000)]
  0x000002ac5e5d8e10 JavaThread "JNA Cleaner" daemon [_thread_blocked, id=12968, stack(0x000000fed4a00000,0x000000fed4b00000)]
  0x000002ac5e5d8900 JavaThread "pool-2-thread-1" [_thread_blocked, id=12204, stack(0x000000fed4600000,0x000000fed4700000)]
  0x000002ac60e35ea0 JavaThread "WorkspaceEventsHandler" [_thread_new, id=14012, stack(0x0000000000000000,0x0000000000000000)]
  0x000002ac60e38c30 JavaThread "pool-1-thread-1" [_thread_new, id=1628, stack(0x0000000000000000,0x0000000000000000)]

Other Threads:
  0x000002ac4332ea10 VMThread "VM Thread" [stack: 0x000000fed2900000,0x000000fed2a00000] [id=15160]
  0x000002ac5c459fe0 WatcherThread [stack: 0x000000fed3500000,0x000000fed3600000] [id=11444]
  0x000002ac432949b0 GCTaskThread "GC Thread#0" [stack: 0x000000fed2800000,0x000000fed2900000] [id=10748]
  0x000002ac5d77c260 GCTaskThread "GC Thread#1" [stack: 0x000000fed3700000,0x000000fed3800000] [id=5580]
  0x000002ac5dac7030 GCTaskThread "GC Thread#2" [stack: 0x000000fed3800000,0x000000fed3900000] [id=12008]
  0x000002ac5dac72f0 GCTaskThread "GC Thread#3" [stack: 0x000000fed3900000,0x000000fed3a00000] [id=1236]
  0x000002ac5dac75b0 GCTaskThread "GC Thread#4" [stack: 0x000000fed3a00000,0x000000fed3b00000] [id=3396]
  0x000002ac5dac7870 GCTaskThread "GC Thread#5" [stack: 0x000000fed3b00000,0x000000fed3c00000] [id=14304]
  0x000002ac5dac7b30 GCTaskThread "GC Thread#6" [stack: 0x000000fed3c00000,0x000000fed3d00000] [id=13988]
  0x000002ac5e0607d0 GCTaskThread "GC Thread#7" [stack: 0x000000fed4100000,0x000000fed4200000] [id=10760]

Threads with active compile tasks:
C2 CompilerThread0    15694 5050   !   4       org.eclipse.osgi.internal.loader.BundleLoader::findRequiredSource (283 bytes)

VM state: not at safepoint (normal execution)

VM Mutex/Monitor currently owned by a thread: None

Heap address: 0x00000000c0000000, size: 1024 MB, Compressed Oops mode: 32-bit

CDS archive(s) not mapped
Compressed class space mapped at: 0x0000000100000000-0x0000000140000000, reserved size: 1073741824
Narrow klass base: 0x0000000000000000, Narrow klass shift: 3, Narrow klass range: 0x140000000

GC Precious Log:
 CPUs: 8 total, 8 available
 Memory: 7918M
 Large Page Support: Disabled
 NUMA Support: Disabled
 Compressed Oops: Enabled (32-bit)
 Alignments: Space 512K, Generation 512K, Heap 2M
 Heap Min Capacity: 100M
 Heap Initial Capacity: 100M
 Heap Max Capacity: 1G
 Pre-touch: Disabled
 Parallel Workers: 8

Heap:
 PSYoungGen      total 24064K, used 22997K [0x00000000eab00000, 0x00000000ec500000, 0x0000000100000000)
  eden space 22016K, 97% used [0x00000000eab00000,0x00000000ebfedf90,0x00000000ec080000)
  from space 2048K, 76% used [0x00000000ec300000,0x00000000ec487690,0x00000000ec500000)
  to   space 2048K, 0% used [0x00000000ec100000,0x00000000ec100000,0x00000000ec300000)
 ParOldGen       total 68608K, used 17271K [0x00000000c0000000, 0x00000000c4300000, 0x00000000eab00000)
  object space 68608K, 25% used [0x00000000c0000000,0x00000000c10dded0,0x00000000c4300000)
 Metaspace       used 47718K, committed 48640K, reserved 1114112K
  class space    used 5140K, committed 5568K, reserved 1048576K

Card table byte_map: [0x000002ac42c10000,0x000002ac42e20000] _byte_map_base: 0x000002ac42610000

Marking Bits: (ParMarkBitMap*) 0x00007ffda14fd7d0
 Begin Bits: [0x000002ac54f10000, 0x000002ac55f10000)
 End Bits:   [0x000002ac55f10000, 0x000002ac56f10000)

Polling page: 0x000002ac41210000

Metaspace:

Usage:
  Non-class:     41.58 MB used.
      Class:      5.02 MB used.
       Both:     46.60 MB used.

Virtual space:
  Non-class space:       64.00 MB reserved,      42.06 MB ( 66%) committed,  1 nodes.
      Class space:        1.00 GB reserved,       5.44 MB ( <1%) committed,  1 nodes.
             Both:        1.06 GB reserved,      47.50 MB (  4%) committed. 

Chunk freelists:
   Non-Class:  5.94 MB
       Class:  10.48 MB
        Both:  16.41 MB

MaxMetaspaceSize: unlimited
CompressedClassSpaceSize: 1.00 GB
Initial GC threshold: 21.00 MB
Current GC threshold: 58.38 MB
CDS: off
MetaspaceReclaimPolicy: balanced
 - commit_granule_bytes: 65536.
 - commit_granule_words: 8192.
 - virtual_space_node_default_size: 8388608.
 - enlarge_chunks_in_place: 1.
 - new_chunks_are_fully_committed: 0.
 - uncommit_free_chunks: 1.
 - use_allocation_guard: 0.
 - handle_deallocations: 1.


Internal statistics:

num_allocs_failed_limit: 6.
num_arena_births: 438.
num_arena_deaths: 14.
num_vsnodes_births: 2.
num_vsnodes_deaths: 0.
num_space_committed: 760.
num_space_uncommitted: 0.
num_chunks_returned_to_freelist: 20.
num_chunks_taken_from_freelist: 2113.
num_chunk_merges: 11.
num_chunk_splits: 1383.
num_chunks_enlarged: 907.
num_inconsistent_stats: 0.

CodeHeap 'non-profiled nmethods': size=120000Kb used=2543Kb max_used=2543Kb free=117456Kb
 bounds [0x000002ac4d9e0000, 0x000002ac4dc60000, 0x000002ac54f10000]
CodeHeap 'profiled nmethods': size=120000Kb used=10783Kb max_used=10783Kb free=109216Kb
 bounds [0x000002ac45f10000, 0x000002ac469a0000, 0x000002ac4d440000]
CodeHeap 'non-nmethods': size=5760Kb used=1285Kb max_used=1333Kb free=4474Kb
 bounds [0x000002ac4d440000, 0x000002ac4d6b0000, 0x000002ac4d9e0000]
 total_blobs=5673 nmethods=5073 adapters=514
 compilation: enabled
              stopped_count=0, restarted_count=0
 full_count=0

Compilation events (20 events):
Event: 15.327 Thread 0x000002ac5c183a80 5070       3       java.lang.reflect.Method::getGenericInfo (27 bytes)
Event: 15.328 Thread 0x000002ac5c183a80 nmethod 5070 0x000002ac46992d10 code [0x000002ac46992f80, 0x000002ac46993bd8]
Event: 15.328 Thread 0x000002ac5c183a80 5072       3       java.lang.reflect.Proxy$ProxyBuilder::addElementTypes (33 bytes)
Event: 15.328 Thread 0x000002ac5c183a80 nmethod 5072 0x000002ac46994110 code [0x000002ac46994300, 0x000002ac46994888]
Event: 15.328 Thread 0x000002ac5c183a80 5071       3       sun.reflect.generics.parser.SignatureParser::parseZeroOrMoreFormalTypeParameters (19 bytes)
Event: 15.329 Thread 0x000002ac5c183a80 nmethod 5071 0x000002ac46994b10 code [0x000002ac46994cc0, 0x000002ac46994f38]
Event: 15.329 Thread 0x000002ac5c183a80 5073       3       java.lang.WeakPairMap$Pair$Lookup::hashCode (12 bytes)
Event: 15.329 Thread 0x000002ac5c183a80 nmethod 5073 0x000002ac46995010 code [0x000002ac469951c0, 0x000002ac46995398]
Event: 15.329 Thread 0x000002ac5c183a80 5074       3       java.lang.reflect.ProxyGenerator$ProxyMethod::emitIconstInsn (75 bytes)
Event: 15.330 Thread 0x000002ac5c183a80 nmethod 5074 0x000002ac46995490 code [0x000002ac469956c0, 0x000002ac46995f78]
Event: 15.330 Thread 0x000002ac5c183a80 5075       3       java.lang.reflect.ProxyGenerator::typeNames (61 bytes)
Event: 15.330 Thread 0x000002ac5c183a80 nmethod 5075 0x000002ac46996190 code [0x000002ac469963c0, 0x000002ac46996ca8]
Event: 15.332 Thread 0x000002ac5c183a80 5076       3       java.lang.Class::getMethod0 (31 bytes)
Event: 15.332 Thread 0x000002ac5c183a80 nmethod 5076 0x000002ac46996f10 code [0x000002ac469970c0, 0x000002ac469972f8]
Event: 15.332 Thread 0x000002ac5c183a80 5077       3       java.lang.PublicMethods$MethodList::getMostSpecific (63 bytes)
Event: 15.333 Thread 0x000002ac5c183a80 nmethod 5077 0x000002ac46997410 code [0x000002ac469975c0, 0x000002ac469978c8]
Event: 15.334 Thread 0x000002ac5c183a80 5078       3       java.util.logging.LogManager::getProperty (9 bytes)
Event: 15.334 Thread 0x000002ac5c183a80 nmethod 5078 0x000002ac46997a90 code [0x000002ac46997c40, 0x000002ac46997e08]
Event: 15.504 Thread 0x000002ac5c183a80 5079       1       java.lang.ThreadLocal::initialValue (2 bytes)
Event: 15.504 Thread 0x000002ac5c183a80 nmethod 5079 0x000002ac4dc5ba10 code [0x000002ac4dc5bba0, 0x000002ac4dc5bc78]

GC Heap History (20 events):
Event: 8.976 GC heap before
{Heap before GC invocations=7 (full 1):
 PSYoungGen      total 26624K, used 26404K [0x00000000eab00000, 0x00000000ec980000, 0x0000000100000000)
  eden space 25088K, 100% used [0x00000000eab00000,0x00000000ec380000,0x00000000ec380000)
  from space 1536K, 85% used [0x00000000ec400000,0x00000000ec549030,0x00000000ec580000)
  to   space 3072K, 0% used [0x00000000ec680000,0x00000000ec680000,0x00000000ec980000)
 ParOldGen       total 68608K, used 10196K [0x00000000c0000000, 0x00000000c4300000, 0x00000000eab00000)
  object space 68608K, 14% used [0x00000000c0000000,0x00000000c09f5318,0x00000000c4300000)
 Metaspace       used 27321K, committed 27968K, reserved 1114112K
  class space    used 2790K, committed 3072K, reserved 1048576K
}
Event: 8.979 GC heap after
{Heap after GC invocations=7 (full 1):
 PSYoungGen      total 25088K, used 3047K [0x00000000eab00000, 0x00000000ecf00000, 0x0000000100000000)
  eden space 22016K, 0% used [0x00000000eab00000,0x00000000eab00000,0x00000000ec080000)
  from space 3072K, 99% used [0x00000000ec680000,0x00000000ec979c68,0x00000000ec980000)
  to   space 6144K, 0% used [0x00000000ec080000,0x00000000ec080000,0x00000000ec680000)
 ParOldGen       total 68608K, used 12189K [0x00000000c0000000, 0x00000000c4300000, 0x00000000eab00000)
  object space 68608K, 17% used [0x00000000c0000000,0x00000000c0be7628,0x00000000c4300000)
 Metaspace       used 27321K, committed 27968K, reserved 1114112K
  class space    used 2790K, committed 3072K, reserved 1048576K
}
Event: 9.250 GC heap before
{Heap before GC invocations=8 (full 1):
 PSYoungGen      total 25088K, used 25063K [0x00000000eab00000, 0x00000000ecf00000, 0x0000000100000000)
  eden space 22016K, 100% used [0x00000000eab00000,0x00000000ec080000,0x00000000ec080000)
  from space 3072K, 99% used [0x00000000ec680000,0x00000000ec979c68,0x00000000ec980000)
  to   space 6144K, 0% used [0x00000000ec080000,0x00000000ec080000,0x00000000ec680000)
 ParOldGen       total 68608K, used 12189K [0x00000000c0000000, 0x00000000c4300000, 0x00000000eab00000)
  object space 68608K, 17% used [0x00000000c0000000,0x00000000c0be7628,0x00000000c4300000)
 Metaspace       used 29885K, committed 30592K, reserved 1114112K
  class space    used 2961K, committed 3264K, reserved 1048576K
}
Event: 9.252 GC heap after
{Heap after GC invocations=8 (full 1):
 PSYoungGen      total 25088K, used 3028K [0x00000000eab00000, 0x00000000ec880000, 0x0000000100000000)
  eden space 22016K, 0% used [0x00000000eab00000,0x00000000eab00000,0x00000000ec080000)
  from space 3072K, 98% used [0x00000000ec080000,0x00000000ec3752b0,0x00000000ec380000)
  to   space 4096K, 0% used [0x00000000ec480000,0x00000000ec480000,0x00000000ec880000)
 ParOldGen       total 68608K, used 12197K [0x00000000c0000000, 0x00000000c4300000, 0x00000000eab00000)
  object space 68608K, 17% used [0x00000000c0000000,0x00000000c0be9628,0x00000000c4300000)
 Metaspace       used 29885K, committed 30592K, reserved 1114112K
  class space    used 2961K, committed 3264K, reserved 1048576K
}
Event: 9.424 GC heap before
{Heap before GC invocations=9 (full 1):
 PSYoungGen      total 25088K, used 25044K [0x00000000eab00000, 0x00000000ec880000, 0x0000000100000000)
  eden space 22016K, 100% used [0x00000000eab00000,0x00000000ec080000,0x00000000ec080000)
  from space 3072K, 98% used [0x00000000ec080000,0x00000000ec3752b0,0x00000000ec380000)
  to   space 4096K, 0% used [0x00000000ec480000,0x00000000ec480000,0x00000000ec880000)
 ParOldGen       total 68608K, used 12197K [0x00000000c0000000, 0x00000000c4300000, 0x00000000eab00000)
  object space 68608K, 17% used [0x00000000c0000000,0x00000000c0be9628,0x00000000c4300000)
 Metaspace       used 31726K, committed 32384K, reserved 1114112K
  class space    used 3096K, committed 3392K, reserved 1048576K
}
Event: 9.428 GC heap after
{Heap after GC invocations=9 (full 1):
 PSYoungGen      total 26112K, used 3895K [0x00000000eab00000, 0x00000000ec880000, 0x0000000100000000)
  eden space 22016K, 0% used [0x00000000eab00000,0x00000000eab00000,0x00000000ec080000)
  from space 4096K, 95% used [0x00000000ec480000,0x00000000ec84de08,0x00000000ec880000)
  to   space 4096K, 0% used [0x00000000ec080000,0x00000000ec080000,0x00000000ec480000)
 ParOldGen       total 68608K, used 12986K [0x00000000c0000000, 0x00000000c4300000, 0x00000000eab00000)
  object space 68608K, 18% used [0x00000000c0000000,0x00000000c0caeb38,0x00000000c4300000)
 Metaspace       used 31726K, committed 32384K, reserved 1114112K
  class space    used 3096K, committed 3392K, reserved 1048576K
}
Event: 11.042 GC heap before
{Heap before GC invocations=10 (full 1):
 PSYoungGen      total 26112K, used 25911K [0x00000000eab00000, 0x00000000ec880000, 0x0000000100000000)
  eden space 22016K, 100% used [0x00000000eab00000,0x00000000ec080000,0x00000000ec080000)
  from space 4096K, 95% used [0x00000000ec480000,0x00000000ec84de08,0x00000000ec880000)
  to   space 4096K, 0% used [0x00000000ec080000,0x00000000ec080000,0x00000000ec480000)
 ParOldGen       total 68608K, used 12986K [0x00000000c0000000, 0x00000000c4300000, 0x00000000eab00000)
  object space 68608K, 18% used [0x00000000c0000000,0x00000000c0caeb38,0x00000000c4300000)
 Metaspace       used 34935K, committed 35712K, reserved 1114112K
  class space    used 3494K, committed 3840K, reserved 1048576K
}
Event: 11.045 GC heap after
{Heap after GC invocations=10 (full 1):
 PSYoungGen      total 24576K, used 2243K [0x00000000eab00000, 0x00000000ec680000, 0x0000000100000000)
  eden space 22016K, 0% used [0x00000000eab00000,0x00000000eab00000,0x00000000ec080000)
  from space 2560K, 87% used [0x00000000ec080000,0x00000000ec2b0d20,0x00000000ec300000)
  to   space 3072K, 0% used [0x00000000ec380000,0x00000000ec380000,0x00000000ec680000)
 ParOldGen       total 68608K, used 15471K [0x00000000c0000000, 0x00000000c4300000, 0x00000000eab00000)
  object space 68608K, 22% used [0x00000000c0000000,0x00000000c0f1be60,0x00000000c4300000)
 Metaspace       used 34935K, committed 35712K, reserved 1114112K
  class space    used 3494K, committed 3840K, reserved 1048576K
}
Event: 11.096 GC heap before
{Heap before GC invocations=11 (full 1):
 PSYoungGen      total 24576K, used 3990K [0x00000000eab00000, 0x00000000ec680000, 0x0000000100000000)
  eden space 22016K, 7% used [0x00000000eab00000,0x00000000eacb4de8,0x00000000ec080000)
  from space 2560K, 87% used [0x00000000ec080000,0x00000000ec2b0d20,0x00000000ec300000)
  to   space 3072K, 0% used [0x00000000ec380000,0x00000000ec380000,0x00000000ec680000)
 ParOldGen       total 68608K, used 15471K [0x00000000c0000000, 0x00000000c4300000, 0x00000000eab00000)
  object space 68608K, 22% used [0x00000000c0000000,0x00000000c0f1be60,0x00000000c4300000)
 Metaspace       used 35118K, committed 35840K, reserved 1114112K
  class space    used 3523K, committed 3904K, reserved 1048576K
}
Event: 11.099 GC heap after
{Heap after GC invocations=11 (full 1):
 PSYoungGen      total 23552K, used 1045K [0x00000000eab00000, 0x00000000ec500000, 0x0000000100000000)
  eden space 22016K, 0% used [0x00000000eab00000,0x00000000eab00000,0x00000000ec080000)
  from space 1536K, 68% used [0x00000000ec380000,0x00000000ec485490,0x00000000ec500000)
  to   space 2048K, 0% used [0x00000000ec100000,0x00000000ec100000,0x00000000ec300000)
 ParOldGen       total 68608K, used 16733K [0x00000000c0000000, 0x00000000c4300000, 0x00000000eab00000)
  object space 68608K, 24% used [0x00000000c0000000,0x00000000c1057418,0x00000000c4300000)
 Metaspace       used 35118K, committed 35840K, reserved 1114112K
  class space    used 3523K, committed 3904K, reserved 1048576K
}
Event: 11.099 GC heap before
{Heap before GC invocations=12 (full 2):
 PSYoungGen      total 23552K, used 1045K [0x00000000eab00000, 0x00000000ec500000, 0x0000000100000000)
  eden space 22016K, 0% used [0x00000000eab00000,0x00000000eab00000,0x00000000ec080000)
  from space 1536K, 68% used [0x00000000ec380000,0x00000000ec485490,0x00000000ec500000)
  to   space 2048K, 0% used [0x00000000ec100000,0x00000000ec100000,0x00000000ec300000)
 ParOldGen       total 68608K, used 16733K [0x00000000c0000000, 0x00000000c4300000, 0x00000000eab00000)
  object space 68608K, 24% used [0x00000000c0000000,0x00000000c1057418,0x00000000c4300000)
 Metaspace       used 35118K, committed 35840K, reserved 1114112K
  class space    used 3523K, committed 3904K, reserved 1048576K
}
Event: 11.134 GC heap after
{Heap after GC invocations=12 (full 2):
 PSYoungGen      total 23552K, used 0K [0x00000000eab00000, 0x00000000ec500000, 0x0000000100000000)
  eden space 22016K, 0% used [0x00000000eab00000,0x00000000eab00000,0x00000000ec080000)
  from space 1536K, 0% used [0x00000000ec380000,0x00000000ec380000,0x00000000ec500000)
  to   space 2048K, 0% used [0x00000000ec100000,0x00000000ec100000,0x00000000ec300000)
 ParOldGen       total 68608K, used 14635K [0x00000000c0000000, 0x00000000c4300000, 0x00000000eab00000)
  object space 68608K, 21% used [0x00000000c0000000,0x00000000c0e4aee0,0x00000000c4300000)
 Metaspace       used 35118K, committed 35840K, reserved 1114112K
  class space    used 3523K, committed 3904K, reserved 1048576K
}
Event: 11.613 GC heap before
{Heap before GC invocations=13 (full 2):
 PSYoungGen      total 23552K, used 22016K [0x00000000eab00000, 0x00000000ec500000, 0x0000000100000000)
  eden space 22016K, 100% used [0x00000000eab00000,0x00000000ec080000,0x00000000ec080000)
  from space 1536K, 0% used [0x00000000ec380000,0x00000000ec380000,0x00000000ec500000)
  to   space 2048K, 0% used [0x00000000ec100000,0x00000000ec100000,0x00000000ec300000)
 ParOldGen       total 68608K, used 14635K [0x00000000c0000000, 0x00000000c4300000, 0x00000000eab00000)
  object space 68608K, 21% used [0x00000000c0000000,0x00000000c0e4aee0,0x00000000c4300000)
 Metaspace       used 36727K, committed 37440K, reserved 1114112K
  class space    used 3728K, committed 4032K, reserved 1048576K
}
Event: 11.614 GC heap after
{Heap after GC invocations=13 (full 2):
 PSYoungGen      total 23040K, used 895K [0x00000000eab00000, 0x00000000ec400000, 0x0000000100000000)
  eden space 22016K, 0% used [0x00000000eab00000,0x00000000eab00000,0x00000000ec080000)
  from space 1024K, 87% used [0x00000000ec100000,0x00000000ec1dfd88,0x00000000ec200000)
  to   space 1536K, 0% used [0x00000000ec280000,0x00000000ec280000,0x00000000ec400000)
 ParOldGen       total 68608K, used 14643K [0x00000000c0000000, 0x00000000c4300000, 0x00000000eab00000)
  object space 68608K, 21% used [0x00000000c0000000,0x00000000c0e4cee0,0x00000000c4300000)
 Metaspace       used 36727K, committed 37440K, reserved 1114112K
  class space    used 3728K, committed 4032K, reserved 1048576K
}
Event: 12.308 GC heap before
{Heap before GC invocations=14 (full 2):
 PSYoungGen      total 23040K, used 22911K [0x00000000eab00000, 0x00000000ec400000, 0x0000000100000000)
  eden space 22016K, 100% used [0x00000000eab00000,0x00000000ec080000,0x00000000ec080000)
  from space 1024K, 87% used [0x00000000ec100000,0x00000000ec1dfd88,0x00000000ec200000)
  to   space 1536K, 0% used [0x00000000ec280000,0x00000000ec280000,0x00000000ec400000)
 ParOldGen       total 68608K, used 14643K [0x00000000c0000000, 0x00000000c4300000, 0x00000000eab00000)
  object space 68608K, 21% used [0x00000000c0000000,0x00000000c0e4cee0,0x00000000c4300000)
 Metaspace       used 39074K, committed 39808K, reserved 1114112K
  class space    used 4032K, committed 4352K, reserved 1048576K
}
Event: 12.309 GC heap after
{Heap after GC invocations=14 (full 2):
 PSYoungGen      total 23040K, used 864K [0x00000000eab00000, 0x00000000ec380000, 0x0000000100000000)
  eden space 22016K, 0% used [0x00000000eab00000,0x00000000eab00000,0x00000000ec080000)
  from space 1024K, 84% used [0x00000000ec280000,0x00000000ec358000,0x00000000ec380000)
  to   space 1024K, 0% used [0x00000000ec100000,0x00000000ec100000,0x00000000ec200000)
 ParOldGen       total 68608K, used 15259K [0x00000000c0000000, 0x00000000c4300000, 0x00000000eab00000)
  object space 68608K, 22% used [0x00000000c0000000,0x00000000c0ee6f28,0x00000000c4300000)
 Metaspace       used 39074K, committed 39808K, reserved 1114112K
  class space    used 4032K, committed 4352K, reserved 1048576K
}
Event: 12.985 GC heap before
{Heap before GC invocations=15 (full 2):
 PSYoungGen      total 23040K, used 22879K [0x00000000eab00000, 0x00000000ec380000, 0x0000000100000000)
  eden space 22016K, 99% used [0x00000000eab00000,0x00000000ec07fff0,0x00000000ec080000)
  from space 1024K, 84% used [0x00000000ec280000,0x00000000ec358000,0x00000000ec380000)
  to   space 1024K, 0% used [0x00000000ec100000,0x00000000ec100000,0x00000000ec200000)
 ParOldGen       total 68608K, used 15259K [0x00000000c0000000, 0x00000000c4300000, 0x00000000eab00000)
  object space 68608K, 22% used [0x00000000c0000000,0x00000000c0ee6f28,0x00000000c4300000)
 Metaspace       used 42058K, committed 42944K, reserved 1114112K
  class space    used 4423K, committed 4800K, reserved 1048576K
}
Event: 12.988 GC heap after
{Heap after GC invocations=15 (full 2):
 PSYoungGen      total 23040K, used 1024K [0x00000000eab00000, 0x00000000ec580000, 0x0000000100000000)
  eden space 22016K, 0% used [0x00000000eab00000,0x00000000eab00000,0x00000000ec080000)
  from space 1024K, 100% used [0x00000000ec100000,0x00000000ec200000,0x00000000ec200000)
  to   space 2560K, 0% used [0x00000000ec300000,0x00000000ec300000,0x00000000ec580000)
 ParOldGen       total 68608K, used 16219K [0x00000000c0000000, 0x00000000c4300000, 0x00000000eab00000)
  object space 68608K, 23% used [0x00000000c0000000,0x00000000c0fd6f38,0x00000000c4300000)
 Metaspace       used 42058K, committed 42944K, reserved 1114112K
  class space    used 4423K, committed 4800K, reserved 1048576K
}
Event: 14.058 GC heap before
{Heap before GC invocations=16 (full 2):
 PSYoungGen      total 23040K, used 23040K [0x00000000eab00000, 0x00000000ec580000, 0x0000000100000000)
  eden space 22016K, 100% used [0x00000000eab00000,0x00000000ec080000,0x00000000ec080000)
  from space 1024K, 100% used [0x00000000ec100000,0x00000000ec200000,0x00000000ec200000)
  to   space 2560K, 0% used [0x00000000ec300000,0x00000000ec300000,0x00000000ec580000)
 ParOldGen       total 68608K, used 16219K [0x00000000c0000000, 0x00000000c4300000, 0x00000000eab00000)
  object space 68608K, 23% used [0x00000000c0000000,0x00000000c0fd6f38,0x00000000c4300000)
 Metaspace       used 45017K, committed 45888K, reserved 1114112K
  class space    used 4793K, committed 5184K, reserved 1048576K
}
Event: 14.062 GC heap after
{Heap after GC invocations=16 (full 2):
 PSYoungGen      total 24064K, used 1565K [0x00000000eab00000, 0x00000000ec500000, 0x0000000100000000)
  eden space 22016K, 0% used [0x00000000eab00000,0x00000000eab00000,0x00000000ec080000)
  from space 2048K, 76% used [0x00000000ec300000,0x00000000ec487690,0x00000000ec500000)
  to   space 2048K, 0% used [0x00000000ec100000,0x00000000ec100000,0x00000000ec300000)
 ParOldGen       total 68608K, used 17271K [0x00000000c0000000, 0x00000000c4300000, 0x00000000eab00000)
  object space 68608K, 25% used [0x00000000c0000000,0x00000000c10dded0,0x00000000c4300000)
 Metaspace       used 45017K, committed 45888K, reserved 1114112K
  class space    used 4793K, committed 5184K, reserved 1048576K
}

Dll operation events (10 events):
Event: 0.015 Loaded shared library c:\Users\97797\.vscode\extensions\redhat.java-1.28.1-win32-x64\jre\17.0.10-win32-x86_64\bin\java.dll
Event: 0.270 Loaded shared library c:\Users\97797\.vscode\extensions\redhat.java-1.28.1-win32-x64\jre\17.0.10-win32-x86_64\bin\zip.dll
Event: 0.276 Loaded shared library C:\Users\97797\.vscode\extensions\redhat.java-1.28.1-win32-x64\jre\17.0.10-win32-x86_64\bin\instrument.dll
Event: 0.295 Loaded shared library C:\Users\97797\.vscode\extensions\redhat.java-1.28.1-win32-x64\jre\17.0.10-win32-x86_64\bin\net.dll
Event: 0.297 Loaded shared library C:\Users\97797\.vscode\extensions\redhat.java-1.28.1-win32-x64\jre\17.0.10-win32-x86_64\bin\nio.dll
Event: 0.305 Loaded shared library C:\Users\97797\.vscode\extensions\redhat.java-1.28.1-win32-x64\jre\17.0.10-win32-x86_64\bin\zip.dll
Event: 0.325 Loaded shared library C:\Users\97797\.vscode\extensions\redhat.java-1.28.1-win32-x64\jre\17.0.10-win32-x86_64\bin\jimage.dll
Event: 0.411 Loaded shared library c:\Users\97797\.vscode\extensions\redhat.java-1.28.1-win32-x64\jre\17.0.10-win32-x86_64\bin\verify.dll
Event: 1.855 Loaded shared library C:\Users\97797\AppData\Roaming\Code\User\globalStorage\redhat.java\1.28.1\config_win\org.eclipse.equinox.launcher\org.eclipse.equinox.launcher.win32.win32.x86_64_1.2.900.v20240129-1338\eclipse_11900.dll
Event: 13.592 Loaded shared library C:\Users\97797\AppData\Local\Temp\jna-54333879\jna1797552104101753497.dll

Deoptimization events (20 events):
Event: 14.100 Thread 0x000002ac5e5d7ee0 Uncommon trap: trap_request=0xffffffc6 fr.pc=0x000002ac4dbb2610 relative=0x0000000000000230
Event: 14.100 Thread 0x000002ac5e5d7ee0 Uncommon trap: reason=bimorphic_or_optimized_type_check action=maybe_recompile pc=0x000002ac4dbb2610 method=java.lang.ThreadLocal.set(Ljava/lang/Object;)V @ 6 c2
Event: 14.100 Thread 0x000002ac5e5d7ee0 DEOPT PACKING pc=0x000002ac4dbb2610 sp=0x000000fed44fea70
Event: 14.100 Thread 0x000002ac5e5d7ee0 DEOPT UNPACKING pc=0x000002ac4d499ea3 sp=0x000000fed44fea18 mode 2
Event: 14.110 Thread 0x000002ac5e5d7ee0 Uncommon trap: trap_request=0xffffffc6 fr.pc=0x000002ac4dbb2610 relative=0x0000000000000230
Event: 14.110 Thread 0x000002ac5e5d7ee0 Uncommon trap: reason=bimorphic_or_optimized_type_check action=maybe_recompile pc=0x000002ac4dbb2610 method=java.lang.ThreadLocal.set(Ljava/lang/Object;)V @ 6 c2
Event: 14.110 Thread 0x000002ac5e5d7ee0 DEOPT PACKING pc=0x000002ac4dbb2610 sp=0x000000fed44fea70
Event: 14.110 Thread 0x000002ac5e5d7ee0 DEOPT UNPACKING pc=0x000002ac4d499ea3 sp=0x000000fed44fea18 mode 2
Event: 14.111 Thread 0x000002ac5e5d83f0 Uncommon trap: trap_request=0xffffff45 fr.pc=0x000002ac4da1e340 relative=0x00000000000000a0
Event: 14.111 Thread 0x000002ac5e5d83f0 Uncommon trap: reason=unstable_if action=reinterpret pc=0x000002ac4da1e340 method=jdk.internal.misc.Unsafe.convEndian(ZI)I @ 4 c2
Event: 14.111 Thread 0x000002ac5e5d83f0 DEOPT PACKING pc=0x000002ac4da1e340 sp=0x000000fed45fe7b0
Event: 14.111 Thread 0x000002ac5e5d83f0 DEOPT UNPACKING pc=0x000002ac4d499ea3 sp=0x000000fed45fe648 mode 2
Event: 14.438 Thread 0x000002ac4327e5b0 Uncommon trap: trap_request=0xffffff45 fr.pc=0x000002ac4db3fc04 relative=0x0000000000000fc4
Event: 14.438 Thread 0x000002ac4327e5b0 Uncommon trap: reason=unstable_if action=reinterpret pc=0x000002ac4db3fc04 method=java.util.Properties.loadConvert([CIILjava/lang/StringBuilder;)Ljava/lang/String; @ 463 c2
Event: 14.438 Thread 0x000002ac4327e5b0 DEOPT PACKING pc=0x000002ac4db3fc04 sp=0x000000fed27f7ba0
Event: 14.438 Thread 0x000002ac4327e5b0 DEOPT UNPACKING pc=0x000002ac4d499ea3 sp=0x000000fed27f7b90 mode 2
Event: 15.161 Thread 0x000002ac4327e5b0 Uncommon trap: trap_request=0xffffff45 fr.pc=0x000002ac4da85018 relative=0x0000000000000178
Event: 15.161 Thread 0x000002ac4327e5b0 Uncommon trap: reason=unstable_if action=reinterpret pc=0x000002ac4da85018 method=java.util.concurrent.ConcurrentHashMap.get(Ljava/lang/Object;)Ljava/lang/Object; @ 76 c2
Event: 15.161 Thread 0x000002ac4327e5b0 DEOPT PACKING pc=0x000002ac4da85018 sp=0x000000fed27fd590
Event: 15.161 Thread 0x000002ac4327e5b0 DEOPT UNPACKING pc=0x000002ac4d499ea3 sp=0x000000fed27fd508 mode 2

Classes unloaded (7 events):
Event: 5.347 Thread 0x000002ac4332ea10 Unloading class 0x000000010024a400 'java/lang/invoke/LambdaForm$MH+0x000000010024a400'
Event: 5.347 Thread 0x000002ac4332ea10 Unloading class 0x000000010024a000 'java/lang/invoke/LambdaForm$MH+0x000000010024a000'
Event: 5.347 Thread 0x000002ac4332ea10 Unloading class 0x0000000100249c00 'java/lang/invoke/LambdaForm$MH+0x0000000100249c00'
Event: 5.347 Thread 0x000002ac4332ea10 Unloading class 0x0000000100249800 'java/lang/invoke/LambdaForm$MH+0x0000000100249800'
Event: 5.347 Thread 0x000002ac4332ea10 Unloading class 0x0000000100249400 'java/lang/invoke/LambdaForm$BMH+0x0000000100249400'
Event: 5.347 Thread 0x000002ac4332ea10 Unloading class 0x0000000100249000 'java/lang/invoke/LambdaForm$DMH+0x0000000100249000'
Event: 5.347 Thread 0x000002ac4332ea10 Unloading class 0x0000000100244400 'java/lang/invoke/LambdaForm$DMH+0x0000000100244400'

Classes redefined (0 events):
No events

Internal exceptions (20 events):
Event: 12.577 Thread 0x000002ac5e5d83f0 Exception <a 'java/lang/ExceptionInInitializerError'{0x00000000eb4790f8}> (0x00000000eb4790f8) 
thrown [s\src\hotspot\share\oops\instanceKlass.cpp, line 1218]
Event: 12.670 Thread 0x000002ac5e0cbe80 Exception <a 'java/lang/NoSuchMethodError'{0x00000000eb5ee128}: 'java.lang.Object java.lang.invoke.DirectMethodHandle$Holder.invokeStaticInit(java.lang.Object, java.lang.Object, int, int, int, int)'> (0x00000000eb5ee128) 
thrown [s\src\hotspot\share\interpreter\linkResolver.cpp, line 759]
Event: 12.679 Thread 0x000002ac5e5d83f0 Implicit null exception at 0x000002ac4daeffb0 to 0x000002ac4daf016c
Event: 12.679 Thread 0x000002ac5e5d83f0 Implicit null exception at 0x000002ac4da70c09 to 0x000002ac4da71fb4
Event: 12.682 Thread 0x000002ac5e5d83f0 Exception <a 'java/lang/NoSuchMethodError'{0x00000000eb63e7e8}: 'java.lang.Object java.lang.invoke.Invokers$Holder.invokeExact_MT(java.lang.Object, int, java.lang.Object)'> (0x00000000eb63e7e8) 
thrown [s\src\hotspot\share\interpreter\linkResolver.cpp, line 759]
Event: 12.727 Thread 0x000002ac5e5d83f0 Exception <a 'java/lang/NoSuchMethodError'{0x00000000eb78d940}: 'int java.lang.invoke.DirectMethodHandle$Holder.invokeSpecial(java.lang.Object, java.lang.Object, java.lang.Object, java.lang.Object)'> (0x00000000eb78d940) 
thrown [s\src\hotspot\share\interpreter\linkResolver.cpp, line 759]
Event: 12.875 Thread 0x000002ac5e0cbe80 Exception <a 'java/lang/ClassNotFoundException'{0x00000000ebc886f8}: com/sun/org/apache/xml/internal/serializer/spi/XMLEntitiesProvider> (0x00000000ebc886f8) 
thrown [s\src\hotspot\share\classfile\systemDictionary.cpp, line 256]
Event: 12.985 Thread 0x000002ac5e5d83f0 Implicit null exception at 0x000002ac4dbefac7 to 0x000002ac4dbf0748
Event: 13.145 Thread 0x000002ac5e0cbe80 Exception <a 'java/io/FileNotFoundException'{0x00000000ead4ca80}> (0x00000000ead4ca80) 
thrown [s\src\hotspot\share\prims\jni.cpp, line 516]
Event: 13.520 Thread 0x000002ac5e5d83f0 Exception <a 'java/lang/NoClassDefFoundError'{0x00000000eb4ee730}: com/google/inject/servlet/ServletModuleTargetVisitor> (0x00000000eb4ee730) 
thrown [s\src\hotspot\share\classfile\systemDictionary.cpp, line 245]
Event: 13.903 Thread 0x000002ac5e0cbe80 Exception <a 'java/lang/UnsatisfiedLinkError'{0x00000000ebb142b0}: The specified procedure could not be found.
> (0x00000000ebb142b0) 
thrown [s\src\hotspot\share\prims\jni.cpp, line 535]
Event: 13.961 Thread 0x000002ac5e0cbe80 Exception <a 'java/io/FileNotFoundException'{0x00000000ebbac8b0}> (0x00000000ebbac8b0) 
thrown [s\src\hotspot\share\prims\jni.cpp, line 516]
Event: 13.990 Thread 0x000002ac5e0cbe80 Exception <a 'java/io/FileNotFoundException'{0x00000000ebc80ad8}> (0x00000000ebc80ad8) 
thrown [s\src\hotspot\share\prims\jni.cpp, line 516]
Event: 14.009 Thread 0x000002ac5e0cbe80 Exception <a 'java/lang/UnsatisfiedLinkError'{0x00000000ebd2a630}: The specified procedure could not be found.
> (0x00000000ebd2a630) 
thrown [s\src\hotspot\share\prims\jni.cpp, line 535]
Event: 14.043 Thread 0x000002ac4327e5b0 Exception <a 'sun/nio/fs/WindowsException'{0x00000000ebf66910}> (0x00000000ebf66910) 
thrown [s\src\hotspot\share\prims\jni.cpp, line 516]
Event: 14.592 Thread 0x000002ac4327e5b0 Exception <a 'java/lang/NoSuchMethodError'{0x00000000eb1e8330}: 'java.lang.Object java.lang.invoke.DirectMethodHandle$Holder.invokeStatic(java.lang.Object, java.lang.Object, long, java.lang.Object)'> (0x00000000eb1e8330) 
thrown [s\src\hotspot\share\interpreter\linkResolver.cpp, line 759]
Event: 14.593 Thread 0x000002ac4327e5b0 Exception <a 'java/lang/NoSuchMethodError'{0x00000000eb1ec018}: 'java.lang.Object java.lang.invoke.DirectMethodHandle$Holder.invokeStaticInit(java.lang.Object, java.lang.Object, long, java.lang.Object)'> (0x00000000eb1ec018) 
thrown [s\src\hotspot\share\interpreter\linkResolver.cpp, line 759]
Event: 14.594 Thread 0x000002ac4327e5b0 Exception <a 'java/lang/NoSuchMethodError'{0x00000000eb1f2d70}: 'java.lang.Object java.lang.invoke.DirectMethodHandle$Holder.newInvokeSpecial(java.lang.Object, java.lang.Object, long)'> (0x00000000eb1f2d70) 
thrown [s\src\hotspot\share\interpreter\linkResolver.cpp, line 759]
Event: 15.315 Thread 0x000002ac4327e5b0 Exception <a 'java/lang/NoSuchMethodError'{0x00000000ebe5cdd8}: 'void java.lang.invoke.DirectMethodHandle$Holder.invokeSpecial(java.lang.Object, java.lang.Object, java.lang.Object, java.lang.Object, java.lang.Object, java.lang.Object)'> (0x00000000ebe5cdd8) 
thrown [s\src\hotspot\share\interpreter\linkResolver.cpp, line 759]
Event: 15.316 Thread 0x000002ac4327e5b0 Exception <a 'java/lang/IncompatibleClassChangeError'{0x00000000ebe66fb8}: Found class java.lang.Object, but interface was expected> (0x00000000ebe66fb8) 
thrown [s\src\hotspot\share\interpreter\linkResolver.cpp, line 826]

VM Operations (20 events):
Event: 12.787 Executing VM operation: HandshakeAllThreads
Event: 12.788 Executing VM operation: HandshakeAllThreads done
Event: 12.946 Executing VM operation: HandshakeAllThreads
Event: 12.946 Executing VM operation: HandshakeAllThreads done
Event: 12.971 Executing VM operation: HandshakeAllThreads
Event: 12.971 Executing VM operation: HandshakeAllThreads done
Event: 12.985 Executing VM operation: ParallelGCFailedAllocation
Event: 12.990 Executing VM operation: ParallelGCFailedAllocation done
Event: 13.618 Executing VM operation: HandshakeAllThreads
Event: 13.618 Executing VM operation: HandshakeAllThreads done
Event: 13.623 Executing VM operation: HandshakeAllThreads
Event: 13.623 Executing VM operation: HandshakeAllThreads done
Event: 13.636 Executing VM operation: HandshakeAllThreads
Event: 13.636 Executing VM operation: HandshakeAllThreads done
Event: 13.806 Executing VM operation: ICBufferFull
Event: 13.894 Executing VM operation: ICBufferFull done
Event: 14.055 Executing VM operation: ParallelGCFailedAllocation
Event: 14.062 Executing VM operation: ParallelGCFailedAllocation done
Event: 15.069 Executing VM operation: Cleanup
Event: 15.131 Executing VM operation: Cleanup done

Events (20 events):
Event: 14.613 loading class java/lang/ProcessHandleImpl$Info done
Event: 14.942 Thread 0x000002ac5e5d8900 Thread added: 0x000002ac5e5d8900
Event: 15.135 loading class java/util/concurrent/CompletableFuture
Event: 15.137 loading class java/util/concurrent/CompletableFuture done
Event: 15.161 loading class jdk/internal/vm/annotation/IntrinsicCandidate
Event: 15.161 loading class jdk/internal/vm/annotation/IntrinsicCandidate done
Event: 15.226 loading class sun/reflect/generics/tree/ArrayTypeSignature
Event: 15.226 loading class sun/reflect/generics/tree/ArrayTypeSignature done
Event: 15.228 loading class sun/reflect/generics/tree/BooleanSignature
Event: 15.229 loading class sun/reflect/generics/tree/BooleanSignature done
Event: 15.288 loading class java/util/concurrent/atomic/AtomicIntegerArray
Event: 15.289 loading class java/util/concurrent/atomic/AtomicIntegerArray done
Event: 15.292 loading class java/util/Currency
Event: 15.293 loading class java/util/Currency done
Event: 15.300 loading class java/util/concurrent/atomic/AtomicLongArray
Event: 15.300 loading class java/util/concurrent/atomic/AtomicLongArray done
Event: 15.501 loading class sun/util/locale/provider/DateFormatProviderImpl
Event: 15.501 loading class sun/util/locale/provider/DateFormatProviderImpl done
Event: 15.513 Thread 0x000002ac60e35ea0 Thread added: 0x000002ac60e35ea0
Event: 15.513 Thread 0x000002ac60e38c30 Thread added: 0x000002ac60e38c30


Dynamic libraries:
0x00007ff62aaa0000 - 0x00007ff62aaae000 	c:\Users\97797\.vscode\extensions\redhat.java-1.28.1-win32-x64\jre\17.0.10-win32-x86_64\bin\java.exe
0x00007ffde8ff0000 - 0x00007ffde9207000 	C:\WINDOWS\SYSTEM32\ntdll.dll
0x00007ffde87c0000 - 0x00007ffde8884000 	C:\WINDOWS\System32\KERNEL32.DLL
0x00007ffde6480000 - 0x00007ffde6826000 	C:\WINDOWS\System32\KERNELBASE.dll
0x00007ffde6bf0000 - 0x00007ffde6d01000 	C:\WINDOWS\System32\ucrtbase.dll
0x00007ffdc7d20000 - 0x00007ffdc7d37000 	c:\Users\97797\.vscode\extensions\redhat.java-1.28.1-win32-x64\jre\17.0.10-win32-x86_64\bin\jli.dll
0x00007ffde79b0000 - 0x00007ffde7b5e000 	C:\WINDOWS\System32\USER32.dll
0x00007ffde6330000 - 0x00007ffde6356000 	C:\WINDOWS\System32\win32u.dll
0x00007ffde6f00000 - 0x00007ffde6f29000 	C:\WINDOWS\System32\GDI32.dll
0x00007ffde6ad0000 - 0x00007ffde6be8000 	C:\WINDOWS\System32\gdi32full.dll
0x00007ffde63e0000 - 0x00007ffde647a000 	C:\WINDOWS\System32\msvcp_win.dll
0x00007ffdc7310000 - 0x00007ffdc732b000 	c:\Users\97797\.vscode\extensions\redhat.java-1.28.1-win32-x64\jre\17.0.10-win32-x86_64\bin\VCRUNTIME140.dll
0x00007ffdccff0000 - 0x00007ffdcd283000 	C:\WINDOWS\WinSxS\amd64_microsoft.windows.common-controls_6595b64144ccf1df_6.0.22621.2506_none_270c5ae97388e100\COMCTL32.dll
0x00007ffde8900000 - 0x00007ffde89a7000 	C:\WINDOWS\System32\msvcrt.dll
0x00007ffde6f30000 - 0x00007ffde6f61000 	C:\WINDOWS\System32\IMM32.DLL
0x00007ffddbb70000 - 0x00007ffddbb7c000 	c:\Users\97797\.vscode\extensions\redhat.java-1.28.1-win32-x64\jre\17.0.10-win32-x86_64\bin\vcruntime140_1.dll
0x00007ffdc61d0000 - 0x00007ffdc625d000 	c:\Users\97797\.vscode\extensions\redhat.java-1.28.1-win32-x64\jre\17.0.10-win32-x86_64\bin\msvcp140.dll
0x00007ffda0960000 - 0x00007ffda15c2000 	c:\Users\97797\.vscode\extensions\redhat.java-1.28.1-win32-x64\jre\17.0.10-win32-x86_64\bin\server\jvm.dll
0x00007ffde78f0000 - 0x00007ffde79a3000 	C:\WINDOWS\System32\ADVAPI32.dll
0x00007ffde7cc0000 - 0x00007ffde7d68000 	C:\WINDOWS\System32\sechost.dll
0x00007ffde6d10000 - 0x00007ffde6d38000 	C:\WINDOWS\System32\bcrypt.dll
0x00007ffde6f70000 - 0x00007ffde7087000 	C:\WINDOWS\System32\RPCRT4.dll
0x00007ffde6200000 - 0x00007ffde624d000 	C:\WINDOWS\SYSTEM32\POWRPROF.dll
0x00007ffdbf770000 - 0x00007ffdbf779000 	C:\WINDOWS\SYSTEM32\WSOCK32.dll
0x00007ffde7fc0000 - 0x00007ffde8031000 	C:\WINDOWS\System32\WS2_32.dll
0x00007ffdde9f0000 - 0x00007ffdde9fa000 	C:\WINDOWS\SYSTEM32\VERSION.dll
0x00007ffddd100000 - 0x00007ffddd134000 	C:\WINDOWS\SYSTEM32\WINMM.dll
0x00007ffde61e0000 - 0x00007ffde61f3000 	C:\WINDOWS\SYSTEM32\UMPDC.dll
0x00007ffde5330000 - 0x00007ffde5348000 	C:\WINDOWS\SYSTEM32\kernel.appcore.dll
0x00007ffdd6d10000 - 0x00007ffdd6d1a000 	c:\Users\97797\.vscode\extensions\redhat.java-1.28.1-win32-x64\jre\17.0.10-win32-x86_64\bin\jimage.dll
0x00007ffde3bf0000 - 0x00007ffde3e23000 	C:\WINDOWS\SYSTEM32\DBGHELP.DLL
0x00007ffde8410000 - 0x00007ffde8799000 	C:\WINDOWS\System32\combase.dll
0x00007ffde8040000 - 0x00007ffde8117000 	C:\WINDOWS\System32\OLEAUT32.dll
0x00007ffdac6f0000 - 0x00007ffdac722000 	C:\WINDOWS\SYSTEM32\dbgcore.DLL
0x00007ffde6360000 - 0x00007ffde63da000 	C:\WINDOWS\System32\bcryptPrimitives.dll
0x00007ffdccc40000 - 0x00007ffdccc4e000 	c:\Users\97797\.vscode\extensions\redhat.java-1.28.1-win32-x64\jre\17.0.10-win32-x86_64\bin\instrument.dll
0x00007ffdc45f0000 - 0x00007ffdc4615000 	c:\Users\97797\.vscode\extensions\redhat.java-1.28.1-win32-x64\jre\17.0.10-win32-x86_64\bin\java.dll
0x00007ffdc44c0000 - 0x00007ffdc44d8000 	c:\Users\97797\.vscode\extensions\redhat.java-1.28.1-win32-x64\jre\17.0.10-win32-x86_64\bin\zip.dll
0x00007ffde7090000 - 0x00007ffde78eb000 	C:\WINDOWS\System32\SHELL32.dll
0x00007ffde4240000 - 0x00007ffde4b36000 	C:\WINDOWS\SYSTEM32\windows.storage.dll
0x00007ffde4100000 - 0x00007ffde423e000 	C:\WINDOWS\SYSTEM32\wintypes.dll
0x00007ffde8a30000 - 0x00007ffde8b23000 	C:\WINDOWS\System32\SHCORE.dll
0x00007ffde82d0000 - 0x00007ffde832e000 	C:\WINDOWS\System32\shlwapi.dll
0x00007ffde6260000 - 0x00007ffde6286000 	C:\WINDOWS\SYSTEM32\profapi.dll
0x00007ffdc61b0000 - 0x00007ffdc61c9000 	C:\Users\97797\.vscode\extensions\redhat.java-1.28.1-win32-x64\jre\17.0.10-win32-x86_64\bin\net.dll
0x00007ffddf670000 - 0x00007ffddf7a7000 	C:\WINDOWS\SYSTEM32\WINHTTP.dll
0x00007ffde57a0000 - 0x00007ffde5809000 	C:\WINDOWS\system32\mswsock.dll
0x00007ffdc6190000 - 0x00007ffdc61a6000 	C:\Users\97797\.vscode\extensions\redhat.java-1.28.1-win32-x64\jre\17.0.10-win32-x86_64\bin\nio.dll
0x00007ffdca9c0000 - 0x00007ffdca9d0000 	c:\Users\97797\.vscode\extensions\redhat.java-1.28.1-win32-x64\jre\17.0.10-win32-x86_64\bin\verify.dll
0x00007ffdc9120000 - 0x00007ffdc915e000 	C:\Users\97797\AppData\Roaming\Code\User\globalStorage\redhat.java\1.28.1\config_win\org.eclipse.equinox.launcher\org.eclipse.equinox.launcher.win32.win32.x86_64_1.2.900.v20240129-1338\eclipse_11900.dll
0x00007ffde8130000 - 0x00007ffde82d0000 	C:\WINDOWS\System32\ole32.dll
0x00007ffde5af0000 - 0x00007ffde5b0b000 	C:\WINDOWS\SYSTEM32\CRYPTSP.dll
0x00007ffde5290000 - 0x00007ffde52c5000 	C:\WINDOWS\system32\rsaenh.dll
0x00007ffde5840000 - 0x00007ffde586c000 	C:\WINDOWS\SYSTEM32\USERENV.dll
0x00007ffde5ad0000 - 0x00007ffde5adc000 	C:\WINDOWS\SYSTEM32\CRYPTBASE.dll
0x00007ffde4da0000 - 0x00007ffde4dcd000 	C:\WINDOWS\SYSTEM32\IPHLPAPI.DLL
0x00007ffde8120000 - 0x00007ffde8129000 	C:\WINDOWS\System32\NSI.dll
0x00007ffddf650000 - 0x00007ffddf669000 	C:\WINDOWS\SYSTEM32\dhcpcsvc6.DLL
0x00007ffddf120000 - 0x00007ffddf13f000 	C:\WINDOWS\SYSTEM32\dhcpcsvc.DLL
0x00007ffde4dd0000 - 0x00007ffde4ec9000 	C:\WINDOWS\SYSTEM32\DNSAPI.dll
0x00007ffdc7070000 - 0x00007ffdc70b5000 	C:\Users\97797\AppData\Local\Temp\jna-54333879\jna1797552104101753497.dll
0x00007ffde6ef0000 - 0x00007ffde6ef8000 	C:\WINDOWS\System32\PSAPI.DLL

dbghelp: loaded successfully - version: 4.0.5 - missing functions: none
symbol engine: initialized successfully - sym options: 0x614 - pdb path: .;c:\Users\97797\.vscode\extensions\redhat.java-1.28.1-win32-x64\jre\17.0.10-win32-x86_64\bin;C:\WINDOWS\SYSTEM32;C:\WINDOWS\WinSxS\amd64_microsoft.windows.common-controls_6595b64144ccf1df_6.0.22621.2506_none_270c5ae97388e100;c:\Users\97797\.vscode\extensions\redhat.java-1.28.1-win32-x64\jre\17.0.10-win32-x86_64\bin\server;C:\Users\97797\AppData\Roaming\Code\User\globalStorage\redhat.java\1.28.1\config_win\org.eclipse.equinox.launcher\org.eclipse.equinox.launcher.win32.win32.x86_64_1.2.900.v20240129-1338;C:\Users\97797\AppData\Local\Temp\jna-54333879

VM Arguments:
jvm_args: --add-modules=ALL-SYSTEM --add-opens=java.base/java.util=ALL-UNNAMED --add-opens=java.base/java.lang=ALL-UNNAMED --add-opens=java.base/sun.nio.fs=ALL-UNNAMED -Declipse.application=org.eclipse.jdt.ls.core.id1 -Dosgi.bundles.defaultStartLevel=4 -Declipse.product=org.eclipse.jdt.ls.core.product -Djava.import.generatesMetadataFilesAtProjectRoot=false -DDetectVMInstallationsJob.disabled=true -Dfile.encoding=utf8 -XX:+UseParallelGC -XX:GCTimeRatio=4 -XX:AdaptiveSizePolicyWeight=90 -Dsun.zip.disableMemoryMapping=true -Xmx1G -Xms100m -Xlog:disable -javaagent:c:\Users\97797\.vscode\extensions\redhat.java-1.28.1-win32-x64\lombok\lombok-1.18.31.jar -XX:+HeapDumpOnOutOfMemoryError -XX:HeapDumpPath=c:\Users\97797\AppData\Roaming\Code\User\workspaceStorage\94fab1f431758f7d79e99c0990bdfdc4\redhat.java -Daether.dependencyCollector.impl=bf 
java_command: c:\Users\97797\.vscode\extensions\redhat.java-1.28.1-win32-x64\server\plugins\org.eclipse.equinox.launcher_1.6.700.v20231214-2017.jar -configuration c:\Users\97797\AppData\Roaming\Code\User\globalStorage\redhat.java\1.28.1\config_win -data c:\Users\97797\AppData\Roaming\Code\User\workspaceStorage\94fab1f431758f7d79e99c0990bdfdc4\redhat.java\jdt_ws --stdio
java_class_path (initial): c:\Users\97797\.vscode\extensions\redhat.java-1.28.1-win32-x64\server\plugins\org.eclipse.equinox.launcher_1.6.700.v20231214-2017.jar
Launcher Type: SUN_STANDARD

[Global flags]
    uintx AdaptiveSizePolicyWeight                 = 90                                        {product} {command line}
     intx CICompilerCount                          = 4                                         {product} {ergonomic}
    uintx GCTimeRatio                              = 4                                         {product} {command line}
     bool HeapDumpOnOutOfMemoryError               = true                                   {manageable} {command line}
    ccstr HeapDumpPath                             = c:\Users\97797\AppData\Roaming\Code\User\workspaceStorage\94fab1f431758f7d79e99c0990bdfdc4\redhat.java         {manageable} {command line}
   size_t InitialHeapSize                          = 104857600                                 {product} {command line}
   size_t MaxHeapSize                              = 1073741824                                {product} {command line}
   size_t MaxNewSize                               = 357564416                                 {product} {ergonomic}
   size_t MinHeapDeltaBytes                        = 524288                                    {product} {ergonomic}
   size_t MinHeapSize                              = 104857600                                 {product} {command line}
   size_t NewSize                                  = 34603008                                  {product} {ergonomic}
    uintx NonNMethodCodeHeapSize                   = 5839372                                {pd product} {ergonomic}
    uintx NonProfiledCodeHeapSize                  = 122909434                              {pd product} {ergonomic}
   size_t OldSize                                  = 70254592                                  {product} {ergonomic}
    uintx ProfiledCodeHeapSize                     = 122909434                              {pd product} {ergonomic}
    uintx ReservedCodeCacheSize                    = 251658240                              {pd product} {ergonomic}
     bool SegmentedCodeCache                       = true                                      {product} {ergonomic}
   size_t SoftMaxHeapSize                          = 1073741824                             {manageable} {ergonomic}
     bool UseCompressedClassPointers               = true                           {product lp64_product} {ergonomic}
     bool UseCompressedOops                        = true                           {product lp64_product} {ergonomic}
     bool UseLargePagesIndividualAllocation        = false                                  {pd product} {ergonomic}
     bool UseParallelGC                            = true                                      {product} {command line}

Logging:
Log output configuration:
 #0: stdout all=off uptime,level,tags
 #1: stderr all=off uptime,level,tags

Environment Variables:
PATH=D:\oracle\dbhomeXE\bin;C:\Program Files\Common Files\Oracle\Java\javapath;C:\WINDOWS\system32;C:\WINDOWS;C:\WINDOWS\System32\Wbem;C:\WINDOWS\System32\WindowsPowerShell\v1.0\;C:\WINDOWS\System32\OpenSSH\;C:\MinGW\bin;C:\Program Files\nodejs\;C:\Program Files\MySQL\MySQL Server 8.0\bin;C:\Users\97797\AppData\Local\Programs\Python\Python312\Scripts\;C:\Users\97797\AppData\Local\Programs\Python\Python312\;C:\Users\97797\AppData\Local\Microsoft\WindowsApps;C:\Users\97797\AppData\Local\Microsoft\WindowsApps;C:\Users\97797\AppData\Local\Programs\Microsoft VS Code\bin;C:\Users\97797\AppData\Roaming\npm;D:\Git\cmd
USERNAME=97797
OS=Windows_NT
PROCESSOR_IDENTIFIER=Intel64 Family 6 Model 140 Stepping 1, GenuineIntel
TMP=C:\Users\97797\AppData\Local\Temp
TEMP=C:\Users\97797\AppData\Local\Temp



Periodic native trim disabled


---------------  S Y S T E M  ---------------

OS:
 Windows 11 , 64 bit Build 22621 (10.0.22621.3085)
OS uptime: 0 days 1:49 hours
Hyper-V role detected

CPU: total 8 (initial active 8) (4 cores per cpu, 2 threads per core) family 6 model 140 stepping 1 microcode 0xb4, cx8, cmov, fxsr, ht, mmx, 3dnowpref, sse, sse2, sse3, ssse3, sse4.1, sse4.2, popcnt, lzcnt, tsc, tscinvbit, avx, avx2, aes, erms, clmul, bmi1, bmi2, adx, avx512f, avx512dq, avx512cd, avx512bw, avx512vl, sha, fma, vzeroupper, avx512_vpopcntdq, avx512_vpclmulqdq, avx512_vaes, avx512_vnni, clflush, clflushopt, clwb, avx512_vbmi2, avx512_vbmi, hv
Processor Information for all 8 processors :
  Max Mhz: 2419, Current Mhz: 2419, Mhz Limit: 2419

Memory: 4k page, system-wide physical 7918M (844M free)
TotalPageFile size 11061M (AvailPageFile size 0M)
current process WorkingSet (physical memory assigned to process): 189M, peak: 191M
current process commit charge ("private bytes"): 284M, peak: 285M

vm_info: OpenJDK 64-Bit Server VM (17.0.10+7) for windows-amd64 JRE (17.0.10+7), built on Jan 16 2024 23:25:11 by "admin" with MS VC++ 16.10 / 16.11 (VS2019)

END.
