#
# There is insufficient memory for the Java Runtime Environment to continue.
# Native memory allocation (mmap) failed to map 65536 bytes for Failed to commit metaspace.
# Possible reasons:
#   The system is out of physical RAM or swap space
#   The process is running with CompressedOops enabled, and the Java Heap may be blocking the growth of the native heap
# Possible solutions:
#   Reduce memory load on the system
#   Increase physical memory or swap space
#   Check if swap backing store is full
#   Decrease Java heap size (-Xmx/-Xms)
#   Decrease number of Java threads
#   Decrease Java thread stack sizes (-Xss)
#   Set larger code cache with -XX:ReservedCodeCacheSize=
#   JVM is running with Unscaled Compressed Oops mode in which the Java heap is
#     placed in the first 4GB address space. The Java Heap base address is the
#     maximum limit for the native heap growth. Please use -XX:HeapBaseMinAddress
#     to set the Java Heap base and to place the Java Heap above 4GB virtual address.
# This output file may be truncated or incomplete.
#
#  Out of Memory Error (virtualSpaceNode.cpp:110), pid=3896, tid=15336
#
# JRE version: Java(TM) SE Runtime Environment (17.0.9+11) (build 17.0.9+11-LTS-201)
# Java VM: Java HotSpot(TM) 64-Bit Server VM (17.0.9+11-LTS-201, mixed mode, sharing, tiered, compressed oops, compressed class ptrs, g1 gc, windows-amd64)
# No core dump will be written. Minidumps are not enabled by default on client versions of Windows
#

---------------  S U M M A R Y ------------

Command Line: -agentlib:jdwp=transport=dt_socket,server=n,suspend=y,address=localhost:50206 -XX:+ShowCodeDetailsInExceptionMessages FlappyBird

Host: 11th Gen Intel(R) Core(TM) i5-1135G7 @ 2.40GHz, 8 cores, 7G,  Windows 11 , 64 bit Build 22621 (10.0.22621.3085)
Time: Sun Apr 28 12:51:22 2024 Nepal Standard Time elapsed time: 0.579039 seconds (0d 0h 0m 0s)

---------------  T H R E A D  ---------------

Current thread (0x000002a299d700d0):  JavaThread "main" [_thread_in_vm, id=15336, stack(0x000000fed6500000,0x000000fed6600000)]

Stack: [0x000000fed6500000,0x000000fed6600000]
Native frames: (J=compiled Java code, j=interpreted, Vv=VM code, C=native code)
V  [jvm.dll+0x678a4a]
V  [jvm.dll+0x7d9cfd]
V  [jvm.dll+0x7db60e]
V  [jvm.dll+0x7dbc73]
V  [jvm.dll+0x245e1f]
V  [jvm.dll+0x7d5a0b]
V  [jvm.dll+0x61ebc6]
V  [jvm.dll+0x61ec2a]
V  [jvm.dll+0x62145d]
V  [jvm.dll+0x61f586]
V  [jvm.dll+0x23a45f]
V  [jvm.dll+0x629325]
V  [jvm.dll+0x1e9c7d]
V  [jvm.dll+0x1ea245]
V  [jvm.dll+0x1eab8b]
V  [jvm.dll+0x1e0391]
V  [jvm.dll+0x53eaec]
V  [jvm.dll+0x1f0caa]
V  [jvm.dll+0x75394d]
V  [jvm.dll+0x754d46]
V  [jvm.dll+0x7554d5]
V  [jvm.dll+0x1eafb1]
V  [jvm.dll+0x1e03aa]
V  [jvm.dll+0x53eaec]
V  [jvm.dll+0x1f0caa]
V  [jvm.dll+0x75394d]
V  [jvm.dll+0x754d46]
V  [jvm.dll+0x755078]
V  [jvm.dll+0x23e1db]
V  [jvm.dll+0x37dd3e]
C  0x000002a2a8b677f7

Java frames: (J=compiled Java code, j=interpreted, Vv=VM code)
j  sun.java2d.SurfaceData.<clinit>()V+78 java.desktop@17.0.9
v  ~StubRoutines::call_stub
j  sun.awt.windows.WToolkit.initIDs()V+0 java.desktop@17.0.9
j  sun.awt.windows.WToolkit.<clinit>()V+20 java.desktop@17.0.9
v  ~StubRoutines::call_stub
j  sun.awt.PlatformGraphicsInfo.createToolkit()Ljava/awt/Toolkit;+0 java.desktop@17.0.9
j  java.awt.Toolkit.getDefaultToolkit()Ljava/awt/Toolkit;+6 java.desktop@17.0.9
j  java.awt.Toolkit.getEventQueue()Ljava/awt/EventQueue;+0 java.desktop@17.0.9
j  java.awt.EventQueue.invokeLater(Ljava/lang/Runnable;)V+0 java.desktop@17.0.9
j  javax.swing.SwingUtilities.invokeLater(Ljava/lang/Runnable;)V+1 java.desktop@17.0.9
j  FlappyBird.main([Ljava/lang/String;)V+5
v  ~StubRoutines::call_stub

---------------  P R O C E S S  ---------------

Threads class SMR info:
_java_thread_list=0x000002a2fd1315d0, length=15, elements={
0x000002a299d700d0, 0x000002a2b7cc58e0, 0x000002a2b7cc72b0, 0x000002a2b7cdb580,
0x000002a2b7cdbf40, 0x000002a2b7cde910, 0x000002a2b7cdfa70, 0x000002a2b7ce2820,
0x000002a2b7ce82c0, 0x000002a2b7ce9460, 0x000002a2fd123d60, 0x000002a2fd128610,
0x000002a2fd12d920, 0x000002a2fd1343a0, 0x000002a2fd135ab0
}

Java Threads: ( => current thread )
=>0x000002a299d700d0 JavaThread "main" [_thread_in_vm, id=15336, stack(0x000000fed6500000,0x000000fed6600000)]
  0x000002a2b7cc58e0 JavaThread "Reference Handler" daemon [_thread_blocked, id=11960, stack(0x000000fed6c00000,0x000000fed6d00000)]
  0x000002a2b7cc72b0 JavaThread "Finalizer" daemon [_thread_blocked, id=3440, stack(0x000000fed6d00000,0x000000fed6e00000)]
  0x000002a2b7cdb580 JavaThread "Signal Dispatcher" daemon [_thread_blocked, id=11976, stack(0x000000fed6e00000,0x000000fed6f00000)]
  0x000002a2b7cdbf40 JavaThread "Attach Listener" daemon [_thread_blocked, id=1992, stack(0x000000fed6f00000,0x000000fed7000000)]
  0x000002a2b7cde910 JavaThread "Service Thread" daemon [_thread_blocked, id=10708, stack(0x000000fed7000000,0x000000fed7100000)]
  0x000002a2b7cdfa70 JavaThread "Monitor Deflation Thread" daemon [_thread_blocked, id=4216, stack(0x000000fed7100000,0x000000fed7200000)]
  0x000002a2b7ce2820 JavaThread "C2 CompilerThread0" daemon [_thread_blocked, id=8504, stack(0x000000fed7200000,0x000000fed7300000)]
  0x000002a2b7ce82c0 JavaThread "C1 CompilerThread0" daemon [_thread_blocked, id=11972, stack(0x000000fed7300000,0x000000fed7400000)]
  0x000002a2b7ce9460 JavaThread "Sweeper thread" daemon [_thread_blocked, id=13664, stack(0x000000fed7400000,0x000000fed7500000)]
  0x000002a2fd123d60 JavaThread "JDWP Transport Listener: dt_socket" daemon [_thread_blocked, id=6232, stack(0x000000fed7500000,0x000000fed7600000)]
  0x000002a2fd128610 JavaThread "JDWP Event Helper Thread" daemon [_thread_blocked, id=12720, stack(0x000000fed7600000,0x000000fed7700000)]
  0x000002a2fd12d920 JavaThread "JDWP Command Reader" daemon [_thread_in_native, id=1284, stack(0x000000fed7700000,0x000000fed7800000)]
  0x000002a2fd1343a0 JavaThread "Notification Thread" daemon [_thread_blocked, id=4480, stack(0x000000fed7800000,0x000000fed7900000)]
  0x000002a2fd135ab0 JavaThread "Common-Cleaner" daemon [_thread_blocked, id=8924, stack(0x000000fed7a00000,0x000000fed7b00000)]

Other Threads:
  0x000002a2b7cc13a0 VMThread "VM Thread" [stack: 0x000000fed6b00000,0x000000fed6c00000] [id=11956]
  0x000002a299ded3b0 WatcherThread [stack: 0x000000fed7900000,0x000000fed7a00000] [id=13112]
  0x000002a299dc8c00 GCTaskThread "GC Thread#0" [stack: 0x000000fed6600000,0x000000fed6700000] [id=4640]
  0x000002a299ddbe90 ConcurrentGCThread "G1 Main Marker" [stack: 0x000000fed6700000,0x000000fed6800000] [id=15220]
  0x000002a299ddc8a0 ConcurrentGCThread "G1 Conc#0" [stack: 0x000000fed6800000,0x000000fed6900000] [id=5328]
  0x000002a2b7b720b0 ConcurrentGCThread "G1 Refine#0" [stack: 0x000000fed6900000,0x000000fed6a00000] [id=13728]
  0x000002a2b7b729e0 ConcurrentGCThread "G1 Service" [stack: 0x000000fed6a00000,0x000000fed6b00000] [id=6688]

Threads with active compile tasks:

VM state: not at safepoint (normal execution)

VM Mutex/Monitor currently owned by a thread:  ([mutex/lock_event])
[0x000002a299d6a4f0] Metaspace_lock - owner thread: 0x000002a299d700d0

Heap address: 0x0000000084400000, size: 1980 MB, Compressed Oops mode: 32-bit

CDS archive(s) mapped at: [0x000002a2b8000000-0x000002a2b8bd0000-0x000002a2b8bd0000), size 12386304, SharedBaseAddress: 0x000002a2b8000000, ArchiveRelocationMode: 1.
Compressed class space mapped at: 0x000002a2b9000000-0x000002a2f9000000, reserved size: 1073741824
Narrow klass base: 0x000002a2b8000000, Narrow klass shift: 0, Narrow klass range: 0x100000000

GC Precious Log:
 CPUs: 8 total, 8 available
 Memory: 7918M
 Large Page Support: Disabled
 NUMA Support: Disabled
 Compressed Oops: Enabled (32-bit)
 Heap Region Size: 1M
 Heap Min Capacity: 8M
 Heap Initial Capacity: 124M
 Heap Max Capacity: 1980M
 Pre-touch: Disabled
 Parallel Workers: 8
 Concurrent Workers: 2
 Concurrent Refinement Workers: 8
 Periodic GC: Disabled

Heap:
 garbage-first heap   total 126976K, used 2048K [0x0000000084400000, 0x0000000100000000)
  region size 1024K, 3 young (3072K), 0 survivors (0K)
 Metaspace       used 2003K, committed 2112K, reserved 1114112K
  class space    used 167K, committed 256K, reserved 1048576K

Heap Regions: E=young(eden), S=young(survivor), O=old, HS=humongous(starts), HC=humongous(continues), CS=collection set, F=free, OA=open archive, CA=closed archive, TAMS=top-at-mark-start (previous, next)
|   0|0x0000000084400000, 0x0000000084400000, 0x0000000084500000|  0%| F|  |TAMS 0x0000000084400000, 0x0000000084400000| Untracked 
|   1|0x0000000084500000, 0x0000000084500000, 0x0000000084600000|  0%| F|  |TAMS 0x0000000084500000, 0x0000000084500000| Untracked 
|   2|0x0000000084600000, 0x0000000084600000, 0x0000000084700000|  0%| F|  |TAMS 0x0000000084600000, 0x0000000084600000| Untracked 
|   3|0x0000000084700000, 0x0000000084700000, 0x0000000084800000|  0%| F|  |TAMS 0x0000000084700000, 0x0000000084700000| Untracked 
|   4|0x0000000084800000, 0x0000000084800000, 0x0000000084900000|  0%| F|  |TAMS 0x0000000084800000, 0x0000000084800000| Untracked 
|   5|0x0000000084900000, 0x0000000084900000, 0x0000000084a00000|  0%| F|  |TAMS 0x0000000084900000, 0x0000000084900000| Untracked 
|   6|0x0000000084a00000, 0x0000000084a00000, 0x0000000084b00000|  0%| F|  |TAMS 0x0000000084a00000, 0x0000000084a00000| Untracked 
|   7|0x0000000084b00000, 0x0000000084b00000, 0x0000000084c00000|  0%| F|  |TAMS 0x0000000084b00000, 0x0000000084b00000| Untracked 
|   8|0x0000000084c00000, 0x0000000084c00000, 0x0000000084d00000|  0%| F|  |TAMS 0x0000000084c00000, 0x0000000084c00000| Untracked 
|   9|0x0000000084d00000, 0x0000000084d00000, 0x0000000084e00000|  0%| F|  |TAMS 0x0000000084d00000, 0x0000000084d00000| Untracked 
|  10|0x0000000084e00000, 0x0000000084e00000, 0x0000000084f00000|  0%| F|  |TAMS 0x0000000084e00000, 0x0000000084e00000| Untracked 
|  11|0x0000000084f00000, 0x0000000084f00000, 0x0000000085000000|  0%| F|  |TAMS 0x0000000084f00000, 0x0000000084f00000| Untracked 
|  12|0x0000000085000000, 0x0000000085000000, 0x0000000085100000|  0%| F|  |TAMS 0x0000000085000000, 0x0000000085000000| Untracked 
|  13|0x0000000085100000, 0x0000000085100000, 0x0000000085200000|  0%| F|  |TAMS 0x0000000085100000, 0x0000000085100000| Untracked 
|  14|0x0000000085200000, 0x0000000085200000, 0x0000000085300000|  0%| F|  |TAMS 0x0000000085200000, 0x0000000085200000| Untracked 
|  15|0x0000000085300000, 0x0000000085300000, 0x0000000085400000|  0%| F|  |TAMS 0x0000000085300000, 0x0000000085300000| Untracked 
|  16|0x0000000085400000, 0x0000000085400000, 0x0000000085500000|  0%| F|  |TAMS 0x0000000085400000, 0x0000000085400000| Untracked 
|  17|0x0000000085500000, 0x0000000085500000, 0x0000000085600000|  0%| F|  |TAMS 0x0000000085500000, 0x0000000085500000| Untracked 
|  18|0x0000000085600000, 0x0000000085600000, 0x0000000085700000|  0%| F|  |TAMS 0x0000000085600000, 0x0000000085600000| Untracked 
|  19|0x0000000085700000, 0x0000000085700000, 0x0000000085800000|  0%| F|  |TAMS 0x0000000085700000, 0x0000000085700000| Untracked 
|  20|0x0000000085800000, 0x0000000085800000, 0x0000000085900000|  0%| F|  |TAMS 0x0000000085800000, 0x0000000085800000| Untracked 
|  21|0x0000000085900000, 0x0000000085900000, 0x0000000085a00000|  0%| F|  |TAMS 0x0000000085900000, 0x0000000085900000| Untracked 
|  22|0x0000000085a00000, 0x0000000085a00000, 0x0000000085b00000|  0%| F|  |TAMS 0x0000000085a00000, 0x0000000085a00000| Untracked 
|  23|0x0000000085b00000, 0x0000000085b00000, 0x0000000085c00000|  0%| F|  |TAMS 0x0000000085b00000, 0x0000000085b00000| Untracked 
|  24|0x0000000085c00000, 0x0000000085c00000, 0x0000000085d00000|  0%| F|  |TAMS 0x0000000085c00000, 0x0000000085c00000| Untracked 
|  25|0x0000000085d00000, 0x0000000085d00000, 0x0000000085e00000|  0%| F|  |TAMS 0x0000000085d00000, 0x0000000085d00000| Untracked 
|  26|0x0000000085e00000, 0x0000000085e00000, 0x0000000085f00000|  0%| F|  |TAMS 0x0000000085e00000, 0x0000000085e00000| Untracked 
|  27|0x0000000085f00000, 0x0000000085f00000, 0x0000000086000000|  0%| F|  |TAMS 0x0000000085f00000, 0x0000000085f00000| Untracked 
|  28|0x0000000086000000, 0x0000000086000000, 0x0000000086100000|  0%| F|  |TAMS 0x0000000086000000, 0x0000000086000000| Untracked 
|  29|0x0000000086100000, 0x0000000086100000, 0x0000000086200000|  0%| F|  |TAMS 0x0000000086100000, 0x0000000086100000| Untracked 
|  30|0x0000000086200000, 0x0000000086200000, 0x0000000086300000|  0%| F|  |TAMS 0x0000000086200000, 0x0000000086200000| Untracked 
|  31|0x0000000086300000, 0x0000000086300000, 0x0000000086400000|  0%| F|  |TAMS 0x0000000086300000, 0x0000000086300000| Untracked 
|  32|0x0000000086400000, 0x0000000086400000, 0x0000000086500000|  0%| F|  |TAMS 0x0000000086400000, 0x0000000086400000| Untracked 
|  33|0x0000000086500000, 0x0000000086500000, 0x0000000086600000|  0%| F|  |TAMS 0x0000000086500000, 0x0000000086500000| Untracked 
|  34|0x0000000086600000, 0x0000000086600000, 0x0000000086700000|  0%| F|  |TAMS 0x0000000086600000, 0x0000000086600000| Untracked 
|  35|0x0000000086700000, 0x0000000086700000, 0x0000000086800000|  0%| F|  |TAMS 0x0000000086700000, 0x0000000086700000| Untracked 
|  36|0x0000000086800000, 0x0000000086800000, 0x0000000086900000|  0%| F|  |TAMS 0x0000000086800000, 0x0000000086800000| Untracked 
|  37|0x0000000086900000, 0x0000000086900000, 0x0000000086a00000|  0%| F|  |TAMS 0x0000000086900000, 0x0000000086900000| Untracked 
|  38|0x0000000086a00000, 0x0000000086a00000, 0x0000000086b00000|  0%| F|  |TAMS 0x0000000086a00000, 0x0000000086a00000| Untracked 
|  39|0x0000000086b00000, 0x0000000086b00000, 0x0000000086c00000|  0%| F|  |TAMS 0x0000000086b00000, 0x0000000086b00000| Untracked 
|  40|0x0000000086c00000, 0x0000000086c00000, 0x0000000086d00000|  0%| F|  |TAMS 0x0000000086c00000, 0x0000000086c00000| Untracked 
|  41|0x0000000086d00000, 0x0000000086d00000, 0x0000000086e00000|  0%| F|  |TAMS 0x0000000086d00000, 0x0000000086d00000| Untracked 
|  42|0x0000000086e00000, 0x0000000086e00000, 0x0000000086f00000|  0%| F|  |TAMS 0x0000000086e00000, 0x0000000086e00000| Untracked 
|  43|0x0000000086f00000, 0x0000000086f00000, 0x0000000087000000|  0%| F|  |TAMS 0x0000000086f00000, 0x0000000086f00000| Untracked 
|  44|0x0000000087000000, 0x0000000087000000, 0x0000000087100000|  0%| F|  |TAMS 0x0000000087000000, 0x0000000087000000| Untracked 
|  45|0x0000000087100000, 0x0000000087100000, 0x0000000087200000|  0%| F|  |TAMS 0x0000000087100000, 0x0000000087100000| Untracked 
|  46|0x0000000087200000, 0x0000000087200000, 0x0000000087300000|  0%| F|  |TAMS 0x0000000087200000, 0x0000000087200000| Untracked 
|  47|0x0000000087300000, 0x0000000087300000, 0x0000000087400000|  0%| F|  |TAMS 0x0000000087300000, 0x0000000087300000| Untracked 
|  48|0x0000000087400000, 0x0000000087400000, 0x0000000087500000|  0%| F|  |TAMS 0x0000000087400000, 0x0000000087400000| Untracked 
|  49|0x0000000087500000, 0x0000000087500000, 0x0000000087600000|  0%| F|  |TAMS 0x0000000087500000, 0x0000000087500000| Untracked 
|  50|0x0000000087600000, 0x0000000087600000, 0x0000000087700000|  0%| F|  |TAMS 0x0000000087600000, 0x0000000087600000| Untracked 
|  51|0x0000000087700000, 0x0000000087700000, 0x0000000087800000|  0%| F|  |TAMS 0x0000000087700000, 0x0000000087700000| Untracked 
|  52|0x0000000087800000, 0x0000000087800000, 0x0000000087900000|  0%| F|  |TAMS 0x0000000087800000, 0x0000000087800000| Untracked 
|  53|0x0000000087900000, 0x0000000087900000, 0x0000000087a00000|  0%| F|  |TAMS 0x0000000087900000, 0x0000000087900000| Untracked 
|  54|0x0000000087a00000, 0x0000000087a00000, 0x0000000087b00000|  0%| F|  |TAMS 0x0000000087a00000, 0x0000000087a00000| Untracked 
|  55|0x0000000087b00000, 0x0000000087b00000, 0x0000000087c00000|  0%| F|  |TAMS 0x0000000087b00000, 0x0000000087b00000| Untracked 
|  56|0x0000000087c00000, 0x0000000087c00000, 0x0000000087d00000|  0%| F|  |TAMS 0x0000000087c00000, 0x0000000087c00000| Untracked 
|  57|0x0000000087d00000, 0x0000000087d00000, 0x0000000087e00000|  0%| F|  |TAMS 0x0000000087d00000, 0x0000000087d00000| Untracked 
|  58|0x0000000087e00000, 0x0000000087e00000, 0x0000000087f00000|  0%| F|  |TAMS 0x0000000087e00000, 0x0000000087e00000| Untracked 
|  59|0x0000000087f00000, 0x0000000087f00000, 0x0000000088000000|  0%| F|  |TAMS 0x0000000087f00000, 0x0000000087f00000| Untracked 
|  60|0x0000000088000000, 0x0000000088000000, 0x0000000088100000|  0%| F|  |TAMS 0x0000000088000000, 0x0000000088000000| Untracked 
|  61|0x0000000088100000, 0x0000000088100000, 0x0000000088200000|  0%| F|  |TAMS 0x0000000088100000, 0x0000000088100000| Untracked 
|  62|0x0000000088200000, 0x0000000088200000, 0x0000000088300000|  0%| F|  |TAMS 0x0000000088200000, 0x0000000088200000| Untracked 
|  63|0x0000000088300000, 0x0000000088300000, 0x0000000088400000|  0%| F|  |TAMS 0x0000000088300000, 0x0000000088300000| Untracked 
|  64|0x0000000088400000, 0x0000000088400000, 0x0000000088500000|  0%| F|  |TAMS 0x0000000088400000, 0x0000000088400000| Untracked 
|  65|0x0000000088500000, 0x0000000088500000, 0x0000000088600000|  0%| F|  |TAMS 0x0000000088500000, 0x0000000088500000| Untracked 
|  66|0x0000000088600000, 0x0000000088600000, 0x0000000088700000|  0%| F|  |TAMS 0x0000000088600000, 0x0000000088600000| Untracked 
|  67|0x0000000088700000, 0x0000000088700000, 0x0000000088800000|  0%| F|  |TAMS 0x0000000088700000, 0x0000000088700000| Untracked 
|  68|0x0000000088800000, 0x0000000088800000, 0x0000000088900000|  0%| F|  |TAMS 0x0000000088800000, 0x0000000088800000| Untracked 
|  69|0x0000000088900000, 0x0000000088900000, 0x0000000088a00000|  0%| F|  |TAMS 0x0000000088900000, 0x0000000088900000| Untracked 
|  70|0x0000000088a00000, 0x0000000088a00000, 0x0000000088b00000|  0%| F|  |TAMS 0x0000000088a00000, 0x0000000088a00000| Untracked 
|  71|0x0000000088b00000, 0x0000000088b00000, 0x0000000088c00000|  0%| F|  |TAMS 0x0000000088b00000, 0x0000000088b00000| Untracked 
|  72|0x0000000088c00000, 0x0000000088c00000, 0x0000000088d00000|  0%| F|  |TAMS 0x0000000088c00000, 0x0000000088c00000| Untracked 
|  73|0x0000000088d00000, 0x0000000088d00000, 0x0000000088e00000|  0%| F|  |TAMS 0x0000000088d00000, 0x0000000088d00000| Untracked 
|  74|0x0000000088e00000, 0x0000000088e00000, 0x0000000088f00000|  0%| F|  |TAMS 0x0000000088e00000, 0x0000000088e00000| Untracked 
|  75|0x0000000088f00000, 0x0000000088f00000, 0x0000000089000000|  0%| F|  |TAMS 0x0000000088f00000, 0x0000000088f00000| Untracked 
|  76|0x0000000089000000, 0x0000000089000000, 0x0000000089100000|  0%| F|  |TAMS 0x0000000089000000, 0x0000000089000000| Untracked 
|  77|0x0000000089100000, 0x0000000089100000, 0x0000000089200000|  0%| F|  |TAMS 0x0000000089100000, 0x0000000089100000| Untracked 
|  78|0x0000000089200000, 0x0000000089200000, 0x0000000089300000|  0%| F|  |TAMS 0x0000000089200000, 0x0000000089200000| Untracked 
|  79|0x0000000089300000, 0x0000000089300000, 0x0000000089400000|  0%| F|  |TAMS 0x0000000089300000, 0x0000000089300000| Untracked 
|  80|0x0000000089400000, 0x0000000089400000, 0x0000000089500000|  0%| F|  |TAMS 0x0000000089400000, 0x0000000089400000| Untracked 
|  81|0x0000000089500000, 0x0000000089500000, 0x0000000089600000|  0%| F|  |TAMS 0x0000000089500000, 0x0000000089500000| Untracked 
|  82|0x0000000089600000, 0x0000000089600000, 0x0000000089700000|  0%| F|  |TAMS 0x0000000089600000, 0x0000000089600000| Untracked 
|  83|0x0000000089700000, 0x0000000089700000, 0x0000000089800000|  0%| F|  |TAMS 0x0000000089700000, 0x0000000089700000| Untracked 
|  84|0x0000000089800000, 0x0000000089800000, 0x0000000089900000|  0%| F|  |TAMS 0x0000000089800000, 0x0000000089800000| Untracked 
|  85|0x0000000089900000, 0x0000000089900000, 0x0000000089a00000|  0%| F|  |TAMS 0x0000000089900000, 0x0000000089900000| Untracked 
|  86|0x0000000089a00000, 0x0000000089a00000, 0x0000000089b00000|  0%| F|  |TAMS 0x0000000089a00000, 0x0000000089a00000| Untracked 
|  87|0x0000000089b00000, 0x0000000089b00000, 0x0000000089c00000|  0%| F|  |TAMS 0x0000000089b00000, 0x0000000089b00000| Untracked 
|  88|0x0000000089c00000, 0x0000000089c00000, 0x0000000089d00000|  0%| F|  |TAMS 0x0000000089c00000, 0x0000000089c00000| Untracked 
|  89|0x0000000089d00000, 0x0000000089d00000, 0x0000000089e00000|  0%| F|  |TAMS 0x0000000089d00000, 0x0000000089d00000| Untracked 
|  90|0x0000000089e00000, 0x0000000089e00000, 0x0000000089f00000|  0%| F|  |TAMS 0x0000000089e00000, 0x0000000089e00000| Untracked 
|  91|0x0000000089f00000, 0x0000000089f00000, 0x000000008a000000|  0%| F|  |TAMS 0x0000000089f00000, 0x0000000089f00000| Untracked 
|  92|0x000000008a000000, 0x000000008a000000, 0x000000008a100000|  0%| F|  |TAMS 0x000000008a000000, 0x000000008a000000| Untracked 
|  93|0x000000008a100000, 0x000000008a100000, 0x000000008a200000|  0%| F|  |TAMS 0x000000008a100000, 0x000000008a100000| Untracked 
|  94|0x000000008a200000, 0x000000008a200000, 0x000000008a300000|  0%| F|  |TAMS 0x000000008a200000, 0x000000008a200000| Untracked 
|  95|0x000000008a300000, 0x000000008a300000, 0x000000008a400000|  0%| F|  |TAMS 0x000000008a300000, 0x000000008a300000| Untracked 
|  96|0x000000008a400000, 0x000000008a400000, 0x000000008a500000|  0%| F|  |TAMS 0x000000008a400000, 0x000000008a400000| Untracked 
|  97|0x000000008a500000, 0x000000008a500000, 0x000000008a600000|  0%| F|  |TAMS 0x000000008a500000, 0x000000008a500000| Untracked 
|  98|0x000000008a600000, 0x000000008a600000, 0x000000008a700000|  0%| F|  |TAMS 0x000000008a600000, 0x000000008a600000| Untracked 
|  99|0x000000008a700000, 0x000000008a700000, 0x000000008a800000|  0%| F|  |TAMS 0x000000008a700000, 0x000000008a700000| Untracked 
| 100|0x000000008a800000, 0x000000008a800000, 0x000000008a900000|  0%| F|  |TAMS 0x000000008a800000, 0x000000008a800000| Untracked 
| 101|0x000000008a900000, 0x000000008a900000, 0x000000008aa00000|  0%| F|  |TAMS 0x000000008a900000, 0x000000008a900000| Untracked 
| 102|0x000000008aa00000, 0x000000008aa00000, 0x000000008ab00000|  0%| F|  |TAMS 0x000000008aa00000, 0x000000008aa00000| Untracked 
| 103|0x000000008ab00000, 0x000000008ab00000, 0x000000008ac00000|  0%| F|  |TAMS 0x000000008ab00000, 0x000000008ab00000| Untracked 
| 104|0x000000008ac00000, 0x000000008ac00000, 0x000000008ad00000|  0%| F|  |TAMS 0x000000008ac00000, 0x000000008ac00000| Untracked 
| 105|0x000000008ad00000, 0x000000008ad00000, 0x000000008ae00000|  0%| F|  |TAMS 0x000000008ad00000, 0x000000008ad00000| Untracked 
| 106|0x000000008ae00000, 0x000000008ae00000, 0x000000008af00000|  0%| F|  |TAMS 0x000000008ae00000, 0x000000008ae00000| Untracked 
| 107|0x000000008af00000, 0x000000008af00000, 0x000000008b000000|  0%| F|  |TAMS 0x000000008af00000, 0x000000008af00000| Untracked 
| 108|0x000000008b000000, 0x000000008b000000, 0x000000008b100000|  0%| F|  |TAMS 0x000000008b000000, 0x000000008b000000| Untracked 
| 109|0x000000008b100000, 0x000000008b100000, 0x000000008b200000|  0%| F|  |TAMS 0x000000008b100000, 0x000000008b100000| Untracked 
| 110|0x000000008b200000, 0x000000008b200000, 0x000000008b300000|  0%| F|  |TAMS 0x000000008b200000, 0x000000008b200000| Untracked 
| 111|0x000000008b300000, 0x000000008b300000, 0x000000008b400000|  0%| F|  |TAMS 0x000000008b300000, 0x000000008b300000| Untracked 
| 112|0x000000008b400000, 0x000000008b400000, 0x000000008b500000|  0%| F|  |TAMS 0x000000008b400000, 0x000000008b400000| Untracked 
| 113|0x000000008b500000, 0x000000008b500000, 0x000000008b600000|  0%| F|  |TAMS 0x000000008b500000, 0x000000008b500000| Untracked 
| 114|0x000000008b600000, 0x000000008b600000, 0x000000008b700000|  0%| F|  |TAMS 0x000000008b600000, 0x000000008b600000| Untracked 
| 115|0x000000008b700000, 0x000000008b700000, 0x000000008b800000|  0%| F|  |TAMS 0x000000008b700000, 0x000000008b700000| Untracked 
| 116|0x000000008b800000, 0x000000008b800000, 0x000000008b900000|  0%| F|  |TAMS 0x000000008b800000, 0x000000008b800000| Untracked 
| 117|0x000000008b900000, 0x000000008b900000, 0x000000008ba00000|  0%| F|  |TAMS 0x000000008b900000, 0x000000008b900000| Untracked 
| 118|0x000000008ba00000, 0x000000008ba00000, 0x000000008bb00000|  0%| F|  |TAMS 0x000000008ba00000, 0x000000008ba00000| Untracked 
| 119|0x000000008bb00000, 0x000000008bb00000, 0x000000008bc00000|  0%| F|  |TAMS 0x000000008bb00000, 0x000000008bb00000| Untracked 
| 120|0x000000008bc00000, 0x000000008bc00000, 0x000000008bd00000|  0%| F|  |TAMS 0x000000008bc00000, 0x000000008bc00000| Untracked 
| 121|0x000000008bd00000, 0x000000008bdec118, 0x000000008be00000| 92%| E|  |TAMS 0x000000008bd00000, 0x000000008bd00000| Complete 
| 122|0x000000008be00000, 0x000000008bf00000, 0x000000008bf00000|100%| E|CS|TAMS 0x000000008be00000, 0x000000008be00000| Complete 
| 123|0x000000008bf00000, 0x000000008c000000, 0x000000008c000000|100%| E|CS|TAMS 0x000000008bf00000, 0x000000008bf00000| Complete 

Card table byte_map: [0x000002a2b0d20000,0x000002a2b1100000] _byte_map_base: 0x000002a2b08fe000

Marking Bits (Prev, Next): (CMBitMap*) 0x000002a299dcb640, (CMBitMap*) 0x000002a299dcb680
 Prev Bits: [0x000002a2b14e0000, 0x000002a2b33d0000)
 Next Bits: [0x000002a2b33d0000, 0x000002a2b52c0000)

Polling page: 0x000002a299540000

Metaspace:

Usage:
  Non-class:      1.79 MB used.
      Class:    167.59 KB used.
       Both:      1.96 MB used.

Virtual space:
  Non-class space:       64.00 MB reserved,       1.81 MB (  3%) committed,  1 nodes.
      Class space:        1.00 GB reserved,     256.00 KB ( <1%) committed,  1 nodes.
             Both:        1.06 GB reserved,       2.06 MB ( <1%) committed. 

Chunk freelists:
   Non-Class:  11.95 MB
       Class:  15.72 MB
        Both:  27.67 MB

MaxMetaspaceSize: unlimited
CompressedClassSpaceSize: 1.00 GB
Initial GC threshold: 21.00 MB
Current GC threshold: 21.00 MB
CDS: on
MetaspaceReclaimPolicy: balanced
 - commit_granule_bytes: 65536.
 - commit_granule_words: 8192.
 - virtual_space_node_default_size: 8388608.
 - enlarge_chunks_in_place: 1.
 - new_chunks_are_fully_committed: 0.
 - uncommit_free_chunks: 1.
 - use_allocation_guard: 0.
 - handle_deallocations: 1.


Internal statistics:

num_allocs_failed_limit: 0.
num_arena_births: 44.
num_arena_deaths: 0.
num_vsnodes_births: 2.
num_vsnodes_deaths: 0.
num_space_committed: 33.
num_space_uncommitted: 0.
num_chunks_returned_to_freelist: 0.
num_chunks_taken_from_freelist: 57.
num_chunk_merges: 0.
num_chunk_splits: 35.
num_chunks_enlarged: 13.
num_inconsistent_stats: 0.

CodeHeap 'non-profiled nmethods': size=120000Kb used=80Kb max_used=80Kb free=119919Kb
 bounds [0x000002a2a90e0000, 0x000002a2a9350000, 0x000002a2b0610000]
CodeHeap 'profiled nmethods': size=120000Kb used=328Kb max_used=328Kb free=119672Kb
 bounds [0x000002a2a1610000, 0x000002a2a1880000, 0x000002a2a8b40000]
CodeHeap 'non-nmethods': size=5760Kb used=1228Kb max_used=1228Kb free=4531Kb
 bounds [0x000002a2a8b40000, 0x000002a2a8db0000, 0x000002a2a90e0000]
 total_blobs=686 nmethods=248 adapters=351
 compilation: enabled
              stopped_count=0, restarted_count=0
 full_count=0

Compilation events (20 events):
Event: 0.497 Thread 0x000002a2b7ce82c0  235       3       jdk.internal.org.objectweb.asm.SymbolTable::addConstantClass (8 bytes)
Event: 0.497 Thread 0x000002a2b7ce82c0 nmethod 235 0x000002a2a165d690 code [0x000002a2a165d820, 0x000002a2a165d968]
Event: 0.497 Thread 0x000002a2b7ce82c0  228       3       jdk.internal.org.objectweb.asm.Frame::pop (44 bytes)
Event: 0.497 Thread 0x000002a2b7ce82c0 nmethod 228 0x000002a2a165da10 code [0x000002a2a165dba0, 0x000002a2a165dd38]
Event: 0.497 Thread 0x000002a2b7ce82c0  237       3       java.lang.invoke.MethodType::equals (56 bytes)
Event: 0.497 Thread 0x000002a2b7ce82c0 nmethod 237 0x000002a2a165de10 code [0x000002a2a165e040, 0x000002a2a165ebf8]
Event: 0.497 Thread 0x000002a2b7ce82c0  238       3       java.lang.invoke.MethodType::equals (31 bytes)
Event: 0.498 Thread 0x000002a2b7ce82c0 nmethod 238 0x000002a2a165ee10 code [0x000002a2a165efc0, 0x000002a2a165f1a8]
Event: 0.498 Thread 0x000002a2b7ce82c0  240       3       java.lang.StringBuilder::<init> (7 bytes)
Event: 0.498 Thread 0x000002a2b7ce82c0 nmethod 240 0x000002a2a165f290 code [0x000002a2a165f420, 0x000002a2a165f568]
Event: 0.527 Thread 0x000002a2b7ce82c0  242       3       sun.invoke.util.Wrapper::findPrimitiveType (25 bytes)
Event: 0.528 Thread 0x000002a2b7ce82c0 nmethod 242 0x000002a2a165f610 code [0x000002a2a165f880, 0x000002a2a16603c8]
Event: 0.528 Thread 0x000002a2b7ce82c0  243       3       jdk.internal.misc.Unsafe::putReferenceRelease (9 bytes)
Event: 0.529 Thread 0x000002a2b7ce82c0 nmethod 243 0x000002a2a1660890 code [0x000002a2a1660a20, 0x000002a2a1660b78]
Event: 0.529 Thread 0x000002a2b7ce82c0  245       3       java.util.concurrent.ConcurrentHashMap::setTabAt (20 bytes)
Event: 0.529 Thread 0x000002a2b7ce82c0 nmethod 245 0x000002a2a1660c10 code [0x000002a2a1660dc0, 0x000002a2a1660fe8]
Event: 0.530 Thread 0x000002a2b7ce82c0  247       3       java.lang.String::substring (58 bytes)
Event: 0.530 Thread 0x000002a2b7ce82c0 nmethod 247 0x000002a2a1661090 code [0x000002a2a1661280, 0x000002a2a1661748]
Event: 0.567 Thread 0x000002a2b7ce82c0  248       3       java.lang.StringLatin1::lastIndexOf (40 bytes)
Event: 0.568 Thread 0x000002a2b7ce82c0 nmethod 248 0x000002a2a1661910 code [0x000002a2a1661ae0, 0x000002a2a1661ed8]

GC Heap History (0 events):
No events

Deoptimization events (0 events):
No events

Classes unloaded (0 events):
No events

Classes redefined (0 events):
No events

Internal exceptions (3 events):
Event: 0.420 Thread 0x000002a299d700d0 Exception <a 'java/lang/ClassNotFoundException'{0x000000008beef300}: sun/awt/resources/spi/awtProvider> (0x000000008beef300) 
thrown [s\open\src\hotspot\share\classfile\systemDictionary.cpp, line 256]
Event: 0.484 Thread 0x000002a299d700d0 Exception <a 'java/io/FileNotFoundException'{0x000000008bd475b8}> (0x000000008bd475b8) 
thrown [s\open\src\hotspot\share\prims\jni.cpp, line 516]
Event: 0.495 Thread 0x000002a299d700d0 Exception <a 'java/io/FileNotFoundException'{0x000000008bd744b0}> (0x000000008bd744b0) 
thrown [s\open\src\hotspot\share\prims\jni.cpp, line 516]

VM Operations (4 events):
Event: 0.219 Executing VM operation: ChangeBreakpoints
Event: 0.219 Executing VM operation: ChangeBreakpoints done
Event: 0.283 Executing VM operation: HandshakeAllThreads
Event: 0.283 Executing VM operation: HandshakeAllThreads done

Events (20 events):
Event: 0.568 loading class sun/java2d/pipe/AATextRenderer
Event: 0.568 loading class sun/java2d/pipe/GlyphListLoopPipe
Event: 0.569 loading class sun/java2d/pipe/GlyphListPipe
Event: 0.569 loading class sun/java2d/pipe/GlyphListPipe done
Event: 0.569 loading class sun/java2d/pipe/GlyphListLoopPipe done
Event: 0.569 loading class sun/java2d/pipe/AATextRenderer done
Event: 0.570 loading class sun/font/FontUtilities
Event: 0.570 loading class sun/font/FontUtilities done
Event: 0.570 loading class sun/font/FontUtilities$1
Event: 0.570 loading class sun/font/FontUtilities$1 done
Event: 0.571 loading class sun/java2d/pipe/SolidTextRenderer
Event: 0.571 loading class sun/java2d/pipe/SolidTextRenderer done
Event: 0.571 loading class sun/java2d/pipe/LCDTextRenderer
Event: 0.571 loading class sun/java2d/pipe/LCDTextRenderer done
Event: 0.571 loading class sun/java2d/pipe/AlphaColorPipe
Event: 0.571 loading class sun/java2d/pipe/CompositePipe
Event: 0.573 loading class sun/java2d/pipe/CompositePipe done
Event: 0.573 loading class sun/java2d/pipe/AlphaColorPipe done
Event: 0.574 loading class sun/java2d/SurfaceData$PixelToShapeLoopConverter
Event: 0.574 loading class sun/java2d/pipe/PixelToShapeConverter


Dynamic libraries:
0x00007ff7d5370000 - 0x00007ff7d5380000 	C:\Program Files\Java\jdk-17\bin\java.exe
0x00007ff838c50000 - 0x00007ff838e67000 	C:\WINDOWS\SYSTEM32\ntdll.dll
0x00007ff837bb0000 - 0x00007ff837c74000 	C:\WINDOWS\System32\KERNEL32.DLL
0x00007ff835f90000 - 0x00007ff836336000 	C:\WINDOWS\System32\KERNELBASE.dll
0x00007ff836880000 - 0x00007ff836991000 	C:\WINDOWS\System32\ucrtbase.dll
0x00007ff81c800000 - 0x00007ff81c819000 	C:\Program Files\Java\jdk-17\bin\jli.dll
0x00007ff836cc0000 - 0x00007ff836d73000 	C:\WINDOWS\System32\ADVAPI32.dll
0x00007ff837c80000 - 0x00007ff837d27000 	C:\WINDOWS\System32\msvcrt.dll
0x00007ff8370c0000 - 0x00007ff837168000 	C:\WINDOWS\System32\sechost.dll
0x00007ff836850000 - 0x00007ff836878000 	C:\WINDOWS\System32\bcrypt.dll
0x00007ff8387b0000 - 0x00007ff8388c7000 	C:\WINDOWS\System32\RPCRT4.dll
0x00007ff81bd10000 - 0x00007ff81bd2b000 	C:\Program Files\Java\jdk-17\bin\VCRUNTIME140.dll
0x00007ff838a00000 - 0x00007ff838bae000 	C:\WINDOWS\System32\USER32.dll
0x00007ff8363e0000 - 0x00007ff836406000 	C:\WINDOWS\System32\win32u.dll
0x00007ff8388d0000 - 0x00007ff8388f9000 	C:\WINDOWS\System32\GDI32.dll
0x00007ff81cb50000 - 0x00007ff81cde3000 	C:\WINDOWS\WinSxS\amd64_microsoft.windows.common-controls_6595b64144ccf1df_6.0.22621.2506_none_270c5ae97388e100\COMCTL32.dll
0x00007ff836730000 - 0x00007ff836848000 	C:\WINDOWS\System32\gdi32full.dll
0x00007ff836340000 - 0x00007ff8363da000 	C:\WINDOWS\System32\msvcp_win.dll
0x00007ff8286a0000 - 0x00007ff8286aa000 	C:\WINDOWS\SYSTEM32\VERSION.dll
0x00007ff838710000 - 0x00007ff838741000 	C:\WINDOWS\System32\IMM32.DLL
0x00007ff832500000 - 0x00007ff83250c000 	C:\Program Files\Java\jdk-17\bin\vcruntime140_1.dll
0x00007ffff9cb0000 - 0x00007ffff9d3e000 	C:\Program Files\Java\jdk-17\bin\msvcp140.dll
0x00007fffcff40000 - 0x00007fffd0b21000 	C:\Program Files\Java\jdk-17\bin\server\jvm.dll
0x00007ff837d30000 - 0x00007ff837d38000 	C:\WINDOWS\System32\PSAPI.DLL
0x00007ff8267e0000 - 0x00007ff826814000 	C:\WINDOWS\SYSTEM32\WINMM.dll
0x00007ff810490000 - 0x00007ff810499000 	C:\WINDOWS\SYSTEM32\WSOCK32.dll
0x00007ff8369a0000 - 0x00007ff836a11000 	C:\WINDOWS\System32\WS2_32.dll
0x00007ff834f90000 - 0x00007ff834fa8000 	C:\WINDOWS\SYSTEM32\kernel.appcore.dll
0x00007ff825680000 - 0x00007ff82568a000 	C:\Program Files\Java\jdk-17\bin\jimage.dll
0x00007ff833850000 - 0x00007ff833a83000 	C:\WINDOWS\SYSTEM32\DBGHELP.DLL
0x00007ff837f00000 - 0x00007ff838289000 	C:\WINDOWS\System32\combase.dll
0x00007ff836be0000 - 0x00007ff836cb7000 	C:\WINDOWS\System32\OLEAUT32.dll
0x00007ffffa900000 - 0x00007ffffa932000 	C:\WINDOWS\SYSTEM32\dbgcore.DLL
0x00007ff8365f0000 - 0x00007ff83666a000 	C:\WINDOWS\System32\bcryptPrimitives.dll
0x00007ff812540000 - 0x00007ff81257b000 	C:\Program Files\Java\jdk-17\bin\jdwp.dll
0x00007ff8104a0000 - 0x00007ff8104c5000 	C:\Program Files\Java\jdk-17\bin\java.dll
0x00007ffff9bd0000 - 0x00007ffff9ca7000 	C:\Program Files\Java\jdk-17\bin\jsvml.dll
0x00007ff837340000 - 0x00007ff837b9b000 	C:\WINDOWS\System32\SHELL32.dll
0x00007ff833ea0000 - 0x00007ff834796000 	C:\WINDOWS\SYSTEM32\windows.storage.dll
0x00007ff833d60000 - 0x00007ff833e9e000 	C:\WINDOWS\SYSTEM32\wintypes.dll
0x00007ff838900000 - 0x00007ff8389f3000 	C:\WINDOWS\System32\SHCORE.dll
0x00007ff837040000 - 0x00007ff83709e000 	C:\WINDOWS\System32\shlwapi.dll
0x00007ff835ec0000 - 0x00007ff835ee6000 	C:\WINDOWS\SYSTEM32\profapi.dll
0x00007ff824a80000 - 0x00007ff824a8c000 	C:\Program Files\Java\jdk-17\bin\dt_socket.dll
0x00007ff834a00000 - 0x00007ff834a2d000 	C:\WINDOWS\SYSTEM32\IPHLPAPI.DLL
0x00007ff835400000 - 0x00007ff835469000 	C:\WINDOWS\system32\mswsock.dll
0x00007ff834a30000 - 0x00007ff834b29000 	C:\WINDOWS\SYSTEM32\DNSAPI.dll
0x00007ff837ba0000 - 0x00007ff837ba9000 	C:\WINDOWS\System32\NSI.dll
0x00007ff82b1a0000 - 0x00007ff82b1aa000 	C:\Windows\System32\rasadhlp.dll
0x00007ff821c40000 - 0x00007ff821cc3000 	C:\WINDOWS\System32\fwpuclnt.dll
0x00007ff81b930000 - 0x00007ff81b949000 	C:\Program Files\Java\jdk-17\bin\net.dll
0x00007ff82ad20000 - 0x00007ff82ae57000 	C:\WINDOWS\SYSTEM32\WINHTTP.dll
0x00007ff81b860000 - 0x00007ff81b876000 	C:\Program Files\Java\jdk-17\bin\nio.dll
0x00007ff81b840000 - 0x00007ff81b858000 	C:\Program Files\Java\jdk-17\bin\zip.dll
0x00007fffd0e40000 - 0x00007fffd0fd1000 	C:\Program Files\Java\jdk-17\bin\awt.dll
0x00007ff832c80000 - 0x00007ff832d17000 	C:\WINDOWS\SYSTEM32\apphelp.dll

dbghelp: loaded successfully - version: 4.0.5 - missing functions: none
symbol engine: initialized successfully - sym options: 0x614 - pdb path: .;C:\Program Files\Java\jdk-17\bin;C:\WINDOWS\SYSTEM32;C:\WINDOWS\WinSxS\amd64_microsoft.windows.common-controls_6595b64144ccf1df_6.0.22621.2506_none_270c5ae97388e100;C:\Program Files\Java\jdk-17\bin\server

VM Arguments:
jvm_args: -agentlib:jdwp=transport=dt_socket,server=n,suspend=y,address=localhost:50206 -XX:+ShowCodeDetailsInExceptionMessages 
java_command: FlappyBird
java_class_path (initial): C:\Users\97797\AppData\Roaming\Code\User\workspaceStorage\94fab1f431758f7d79e99c0990bdfdc4\redhat.java\jdt_ws\javapractice_9f47f024\bin;c:\mysql-connector-j-8.3.0\mysql-connector-j-8.3.0\mysql-connector-j-8.3.0.jar
Launcher Type: SUN_STANDARD

[Global flags]
     intx CICompilerCount                          = 4                                         {product} {ergonomic}
     uint ConcGCThreads                            = 2                                         {product} {ergonomic}
     uint G1ConcRefinementThreads                  = 8                                         {product} {ergonomic}
   size_t G1HeapRegionSize                         = 1048576                                   {product} {ergonomic}
    uintx GCDrainStackTargetSize                   = 64                                        {product} {ergonomic}
   size_t InitialHeapSize                          = 130023424                                 {product} {ergonomic}
   size_t MarkStackSize                            = 4194304                                   {product} {ergonomic}
   size_t MaxHeapSize                              = 2076180480                                {product} {ergonomic}
   size_t MaxNewSize                               = 1245708288                                {product} {ergonomic}
   size_t MinHeapDeltaBytes                        = 1048576                                   {product} {ergonomic}
   size_t MinHeapSize                              = 8388608                                   {product} {ergonomic}
    uintx NonNMethodCodeHeapSize                   = 5839372                                {pd product} {ergonomic}
    uintx NonProfiledCodeHeapSize                  = 122909434                              {pd product} {ergonomic}
    uintx ProfiledCodeHeapSize                     = 122909434                              {pd product} {ergonomic}
    uintx ReservedCodeCacheSize                    = 251658240                              {pd product} {ergonomic}
     bool SegmentedCodeCache                       = true                                      {product} {ergonomic}
     bool ShowCodeDetailsInExceptionMessages       = true                                   {manageable} {command line}
   size_t SoftMaxHeapSize                          = 2076180480                             {manageable} {ergonomic}
     bool UseCompressedClassPointers               = true                           {product lp64_product} {ergonomic}
     bool UseCompressedOops                        = true                           {product lp64_product} {ergonomic}
     bool UseG1GC                                  = true                                      {product} {ergonomic}
     bool UseLargePagesIndividualAllocation        = false                                  {pd product} {ergonomic}

Logging:
Log output configuration:
 #0: stdout all=warning uptime,level,tags
 #1: stderr all=off uptime,level,tags

Environment Variables:
PATH=D:\oracle\dbhomeXE\bin;C:\Program Files\Common Files\Oracle\Java\javapath;C:\WINDOWS\system32;C:\WINDOWS;C:\WINDOWS\System32\Wbem;C:\WINDOWS\System32\WindowsPowerShell\v1.0\;C:\WINDOWS\System32\OpenSSH\;C:\MinGW\bin;C:\Program Files\nodejs\;C:\Program Files\MySQL\MySQL Server 8.0\bin;C:\Users\97797\AppData\Local\Programs\Python\Python312\Scripts\;C:\Users\97797\AppData\Local\Programs\Python\Python312\;C:\Users\97797\AppData\Local\Microsoft\WindowsApps;C:\Users\97797\AppData\Local\Microsoft\WindowsApps;C:\Users\97797\AppData\Local\Programs\Microsoft VS Code\bin;C:\Users\97797\AppData\Roaming\npm;D:\Git\cmd
USERNAME=97797
LANG=en_US.UTF-8
OS=Windows_NT
PROCESSOR_IDENTIFIER=Intel64 Family 6 Model 140 Stepping 1, GenuineIntel



---------------  S Y S T E M  ---------------

OS:
 Windows 11 , 64 bit Build 22621 (10.0.22621.3085)
OS uptime: 0 days 0:06 hours
Hyper-V role detected

CPU: total 8 (initial active 8) (4 cores per cpu, 2 threads per core) family 6 model 140 stepping 1 microcode 0xb4, cx8, cmov, fxsr, ht, mmx, 3dnowpref, sse, sse2, sse3, ssse3, sse4.1, sse4.2, popcnt, lzcnt, tsc, tscinvbit, avx, avx2, aes, erms, clmul, bmi1, bmi2, adx, avx512f, avx512dq, avx512cd, avx512bw, avx512vl, sha, fma, vzeroupper, avx512_vpopcntdq, avx512_vpclmulqdq, avx512_vaes, avx512_vnni, clflush, clflushopt, clwb, avx512_vbmi2, avx512_vbmi, hv

Memory: 4k page, system-wide physical 7918M (1037M free)
TotalPageFile size 11372M (AvailPageFile size 0M)
current process WorkingSet (physical memory assigned to process): 42M, peak: 42M
current process commit charge ("private bytes"): 209M, peak: 209M

vm_info: Java HotSpot(TM) 64-Bit Server VM (17.0.9+11-LTS-201) for windows-amd64 JRE (17.0.9+11-LTS-201), built on Oct 10 2023 23:16:06 by "mach5one" with MS VC++ 17.1 (VS2022)

END.
